[2026-02-08 03:05:46] INFO  Log file: /data/logs/fetch_20260208_030546.log
[2026-02-08 03:05:46] INFO  ============================================================
[2026-02-08 03:05:46] INFO    Metros:             1
[2026-02-08 03:05:46] INFO    Total grid cells:   9
[2026-02-08 03:05:46] INFO    Already completed:  0
[2026-02-08 03:05:46] INFO    Remaining cells:    9
[2026-02-08 03:05:46] INFO    Estimated cost:     $0.32
[2026-02-08 03:05:46] INFO    Cache:              enabled (TTL=30d)
[2026-02-08 03:05:46] INFO  ============================================================
[2026-02-08 03:05:46] INFO  
[2026-02-08 03:05:46] INFO  Fetching Chinese takeout restaurants from 1 metro area(s)...
[2026-02-08 03:05:46] INFO  
[2026-02-08 03:05:46] INFO    San Francisco, CA: 9 cells (0 cached, 9 remaining)
[2026-02-08 03:05:46] DEBUG     Cache miss at (37.7073, -122.5049); querying API
[2026-02-08 03:05:47] INFO      Cell 1/9: +20 new (20 total)
[2026-02-08 03:05:47] DEBUG     Cache miss at (37.7073, -122.4194); querying API
[2026-02-08 03:05:47] INFO      Cell 2/9: +17 new (37 total)
[2026-02-08 03:05:47] DEBUG     Cache miss at (37.7073, -122.3339); querying API
[2026-02-08 03:05:48] DEBUG     Cache miss at (37.7749, -122.5049); querying API
[2026-02-08 03:05:49] INFO      Cell 4/9: +14 new (51 total)
[2026-02-08 03:05:49] DEBUG     Cache miss at (37.7749, -122.4194); querying API
[2026-02-08 03:05:50] INFO      Filtered: Moongate Lounge (no takeout)
[2026-02-08 03:05:50] INFO      Cell 5/9: +18 new (69 total)
[2026-02-08 03:05:50] DEBUG     Cache miss at (37.7749, -122.3339); querying API
[2026-02-08 03:05:50] INFO      Cell 6/9: +4 new (73 total)
[2026-02-08 03:05:50] DEBUG     Cache miss at (37.8425, -122.5049); querying API
[2026-02-08 03:05:51] INFO      Cell 7/9: +3 new (76 total)
[2026-02-08 03:05:51] DEBUG     Cache miss at (37.8425, -122.4194); querying API
[2026-02-08 03:05:52] INFO      Filtered: Eight Tables by George Chen (status=CLOSED_TEMPORARILY)
[2026-02-08 03:05:52] INFO      Cell 8/9: +4 new (80 total)
[2026-02-08 03:05:52] DEBUG     Cache miss at (37.8425, -122.3339); querying API
[2026-02-08 03:05:53] INFO      Cell 9/9: +2 new (82 total)
[2026-02-08 03:05:53] INFO    Filtered out 2 restaurants
[2026-02-08 03:05:53] INFO    -> San Francisco: 82 restaurants (running total: 82)
[2026-02-08 03:05:53] INFO  
[2026-02-08 03:05:53] INFO  
[2026-02-08 03:05:53] INFO  ============================================================
[2026-02-08 03:05:53] INFO  FETCH SUMMARY
[2026-02-08 03:05:53] INFO  ============================================================
[2026-02-08 03:05:53] INFO  Total restaurants:    82
[2026-02-08 03:05:53] INFO  API calls made:       9
[2026-02-08 03:05:53] INFO  Cache hits/misses:    0/9
[2026-02-08 03:05:53] INFO  Estimated cost:       $0.32
[2026-02-08 03:05:53] INFO  
[2026-02-08 03:05:53] INFO  FIELD COMPLETENESS:
[2026-02-08 03:05:53] INFO    Phone:                82 (100.0%)
[2026-02-08 03:05:53] INFO    Website:              73 ( 89.0%)
[2026-02-08 03:05:53] INFO    Hours:                82 (100.0%)
[2026-02-08 03:05:53] INFO    Rating:               82 (100.0%)
[2026-02-08 03:05:53] INFO    Takeout flag:         80 ( 97.6%)
[2026-02-08 03:05:53] INFO  
[2026-02-08 03:05:53] INFO  AVG RATING:           4.22
[2026-02-08 03:05:53] INFO  
[2026-02-08 03:05:53] INFO  PRICE LEVELS:
[2026-02-08 03:05:53] INFO    PRICE_LEVEL_MODERATE                  43 ( 52.4%)
[2026-02-08 03:05:53] INFO    PRICE_LEVEL_INEXPENSIVE               29 ( 35.4%)
[2026-02-08 03:05:53] INFO    UNKNOWN                                5 (  6.1%)
[2026-02-08 03:05:53] INFO    PRICE_LEVEL_EXPENSIVE                  5 (  6.1%)
[2026-02-08 03:05:53] INFO  
[2026-02-08 03:05:53] INFO  TOP STATES:
[2026-02-08 03:05:53] INFO    CA           82 (100.0%)
[2026-02-08 03:05:53] INFO  ============================================================
[2026-02-08 03:05:53] INFO  
[2026-02-08 03:05:53] INFO  CSV written to: /data/chinese_restaurants.csv
