[2026-02-08 03:28:34] INFO  Log file: /data/logs/fetch_20260208_032834.log
[2026-02-08 03:28:34] INFO  ============================================================
[2026-02-08 03:28:34] INFO    Metros:             1
[2026-02-08 03:28:34] INFO    Total grid cells:   21
[2026-02-08 03:28:34] INFO    Already completed:  0
[2026-02-08 03:28:34] INFO    Remaining cells:    21
[2026-02-08 03:28:34] INFO    Estimated cost:     $0.74
[2026-02-08 03:28:34] INFO    Cache:              enabled (TTL=30d)
[2026-02-08 03:28:34] INFO  ============================================================
[2026-02-08 03:28:34] INFO  
[2026-02-08 03:28:34] INFO  Fetching Chinese takeout restaurants from 1 metro area(s)...
[2026-02-08 03:28:34] INFO  
[2026-02-08 03:28:34] INFO    San Antonio, TX: 21 cells (0 cached, 21 remaining)
[2026-02-08 03:28:34] DEBUG     Cache miss at (29.2890, -98.5712); querying API
[2026-02-08 03:28:34] DEBUG     Cache miss at (29.2890, -98.4936); querying API
[2026-02-08 03:28:35] INFO      Cell 2/21: +2 new (2 total)
[2026-02-08 03:28:35] DEBUG     Cache miss at (29.2890, -98.4160); querying API
[2026-02-08 03:28:36] DEBUG     Cache miss at (29.3565, -98.6487); querying API
[2026-02-08 03:28:36] INFO      Cell 4/21: +3 new (5 total)
[2026-02-08 03:28:36] DEBUG     Cache miss at (29.3565, -98.5712); querying API
[2026-02-08 03:28:37] INFO      Filtered: Golden Gate Express (status=CLOSED_TEMPORARILY)
[2026-02-08 03:28:37] INFO      Cell 5/21: +4 new (9 total)
[2026-02-08 03:28:37] DEBUG     Cache miss at (29.3565, -98.4936); querying API
[2026-02-08 03:28:38] INFO      Filtered: La Chinita's Restaurant /Mary Treviño (status=CLOSED_TEMPORARILY)
[2026-02-08 03:28:38] INFO      Cell 6/21: +6 new (15 total)
[2026-02-08 03:28:38] DEBUG     Cache miss at (29.3565, -98.4160); querying API
[2026-02-08 03:28:39] INFO      Cell 7/21: +5 new (20 total)
[2026-02-08 03:28:39] DEBUG     Cache miss at (29.3565, -98.3385); querying API
[2026-02-08 03:28:39] DEBUG     Cache miss at (29.4241, -98.6487); querying API
[2026-02-08 03:28:40] INFO      Cell 9/21: +16 new (36 total)
[2026-02-08 03:28:40] DEBUG     Cache miss at (29.4241, -98.5712); querying API
[2026-02-08 03:28:41] INFO      Filtered: Quik Wok (status=CLOSED_TEMPORARILY)
[2026-02-08 03:28:41] INFO      Cell 10/21: +7 new (43 total)
[2026-02-08 03:28:41] DEBUG     Saved state at cell 10/21
[2026-02-08 03:28:41] DEBUG     Cache miss at (29.4241, -98.4936); querying API
[2026-02-08 03:28:42] INFO      Cell 11/21: +10 new (53 total)
[2026-02-08 03:28:42] DEBUG     Cache miss at (29.4241, -98.4160); querying API
[2026-02-08 03:28:42] INFO      Cell 12/21: +3 new (56 total)
[2026-02-08 03:28:42] DEBUG     Cache miss at (29.4241, -98.3385); querying API
[2026-02-08 03:28:43] DEBUG     Cache miss at (29.4917, -98.6487); querying API
[2026-02-08 03:28:44] INFO      Filtered: Quik Wok (status=CLOSED_TEMPORARILY)
[2026-02-08 03:28:44] INFO      Cell 14/21: +12 new (68 total)
[2026-02-08 03:28:44] DEBUG     Cache miss at (29.4917, -98.5712); querying API
[2026-02-08 03:28:44] INFO      Cell 15/21: +18 new (86 total)
[2026-02-08 03:28:44] DEBUG     Cache miss at (29.4917, -98.4936); querying API
[2026-02-08 03:28:45] INFO      Cell 16/21: +10 new (96 total)
[2026-02-08 03:28:45] DEBUG     Cache miss at (29.4917, -98.4160); querying API
[2026-02-08 03:28:46] INFO      Cell 17/21: +10 new (106 total)
[2026-02-08 03:28:46] DEBUG     Cache miss at (29.4917, -98.3385); querying API
[2026-02-08 03:28:47] INFO      Cell 18/21: +2 new (108 total)
[2026-02-08 03:28:47] DEBUG     Cache miss at (29.5592, -98.5712); querying API
[2026-02-08 03:28:47] INFO      Cell 19/21: +13 new (121 total)
[2026-02-08 03:28:47] DEBUG     Cache miss at (29.5592, -98.4936); querying API
[2026-02-08 03:28:48] INFO      Cell 20/21: +5 new (126 total)
[2026-02-08 03:28:48] DEBUG     Saved state at cell 20/21
[2026-02-08 03:28:48] DEBUG     Cache miss at (29.5592, -98.4160); querying API
[2026-02-08 03:28:49] INFO      Cell 21/21: +10 new (136 total)
[2026-02-08 03:28:49] INFO    Filtered out 4 restaurants
[2026-02-08 03:28:49] INFO    -> San Antonio: 136 restaurants (running total: 136)
[2026-02-08 03:28:49] INFO  
[2026-02-08 03:28:49] INFO  
[2026-02-08 03:28:49] INFO  ============================================================
[2026-02-08 03:28:49] INFO  FETCH SUMMARY
[2026-02-08 03:28:49] INFO  ============================================================
[2026-02-08 03:28:49] INFO  Total restaurants:    136
[2026-02-08 03:28:49] INFO  API calls made:       21
[2026-02-08 03:28:49] INFO  Cache hits/misses:    0/21
[2026-02-08 03:28:49] INFO  Estimated cost:       $0.74
[2026-02-08 03:28:49] INFO  
[2026-02-08 03:28:49] INFO  FIELD COMPLETENESS:
[2026-02-08 03:28:49] INFO    Phone:               128 ( 94.1%)
[2026-02-08 03:28:49] INFO    Website:             109 ( 80.1%)
[2026-02-08 03:28:49] INFO    Hours:               132 ( 97.1%)
[2026-02-08 03:28:49] INFO    Rating:              133 ( 97.8%)
[2026-02-08 03:28:49] INFO    Takeout flag:        131 ( 96.3%)
[2026-02-08 03:28:49] INFO  
[2026-02-08 03:28:49] INFO  AVG RATING:           4.11
[2026-02-08 03:28:49] INFO  
[2026-02-08 03:28:49] INFO  PRICE LEVELS:
[2026-02-08 03:28:49] INFO    PRICE_LEVEL_INEXPENSIVE               81 ( 59.6%)
[2026-02-08 03:28:49] INFO    PRICE_LEVEL_MODERATE                  36 ( 26.5%)
[2026-02-08 03:28:49] INFO    UNKNOWN                               19 ( 14.0%)
[2026-02-08 03:28:49] INFO  
[2026-02-08 03:28:49] INFO  TOP STATES:
[2026-02-08 03:28:49] INFO    TX          136 (100.0%)
[2026-02-08 03:28:49] INFO  ============================================================
[2026-02-08 03:28:49] INFO  
[2026-02-08 03:28:49] INFO  CSV written to: /data/chinese_restaurants.csv
