[2026-02-08 03:27:18] INFO  Log file: /data/logs/fetch_20260208_032718.log
[2026-02-08 03:27:18] INFO  ============================================================
[2026-02-08 03:27:18] INFO    Metros:             1
[2026-02-08 03:27:18] INFO    Total grid cells:   13
[2026-02-08 03:27:18] INFO    Already completed:  0
[2026-02-08 03:27:18] INFO    Remaining cells:    13
[2026-02-08 03:27:18] INFO    Estimated cost:     $0.46
[2026-02-08 03:27:18] INFO    Cache:              enabled (TTL=30d)
[2026-02-08 03:27:18] INFO  ============================================================
[2026-02-08 03:27:18] INFO  
[2026-02-08 03:27:18] INFO  Fetching Chinese takeout restaurants from 1 metro area(s)...
[2026-02-08 03:27:18] INFO  
[2026-02-08 03:27:18] INFO    Austin, TX: 13 cells (0 cached, 13 remaining)
[2026-02-08 03:27:18] DEBUG     Cache miss at (30.1321, -97.7431); querying API
[2026-02-08 03:27:19] DEBUG     Cache miss at (30.1996, -97.8213); querying API
[2026-02-08 03:27:20] INFO      Cell 2/13: +19 new (19 total)
[2026-02-08 03:27:20] DEBUG     Cache miss at (30.1996, -97.7431); querying API
[2026-02-08 03:27:21] INFO      Filtered: Warung Indonesian Authentic (status=CLOSED_TEMPORARILY)
[2026-02-08 03:27:21] INFO      Cell 3/13: +6 new (25 total)
[2026-02-08 03:27:21] DEBUG     Cache miss at (30.1996, -97.6649); querying API
[2026-02-08 03:27:21] INFO      Cell 4/13: +2 new (27 total)
[2026-02-08 03:27:21] DEBUG     Cache miss at (30.2672, -97.8996); querying API
[2026-02-08 03:27:22] INFO      Cell 5/13: +1 new (28 total)
[2026-02-08 03:27:22] DEBUG     Cache miss at (30.2672, -97.8213); querying API
[2026-02-08 03:27:23] INFO      Cell 6/13: +4 new (32 total)
[2026-02-08 03:27:23] DEBUG     Cache miss at (30.2672, -97.7431); querying API
[2026-02-08 03:27:23] INFO      Cell 7/13: +15 new (47 total)
[2026-02-08 03:27:23] DEBUG     Cache miss at (30.2672, -97.6649); querying API
[2026-02-08 03:27:24] INFO      Filtered: Tikka wok (status=CLOSED_TEMPORARILY)
[2026-02-08 03:27:24] INFO      Cell 8/13: +1 new (48 total)
[2026-02-08 03:27:24] DEBUG     Cache miss at (30.2672, -97.5866); querying API
[2026-02-08 03:27:25] INFO      Cell 9/13: +1 new (49 total)
[2026-02-08 03:27:25] DEBUG     Cache miss at (30.3348, -97.8213); querying API
[2026-02-08 03:27:26] INFO      Filtered: Cuerny Asian Kitchen (status=CLOSED_TEMPORARILY)
[2026-02-08 03:27:26] INFO      Cell 10/13: +2 new (51 total)
[2026-02-08 03:27:26] DEBUG     Saved state at cell 10/13
[2026-02-08 03:27:26] DEBUG     Cache miss at (30.3348, -97.7431); querying API
[2026-02-08 03:27:27] INFO      Filtered: Soupleaf Hot Pot (no takeout)
[2026-02-08 03:27:27] INFO      Cell 11/13: +19 new (70 total)
[2026-02-08 03:27:27] DEBUG     Cache miss at (30.3348, -97.6649); querying API
[2026-02-08 03:27:27] INFO      Cell 12/13: +11 new (81 total)
[2026-02-08 03:27:27] DEBUG     Cache miss at (30.4023, -97.7431); querying API
[2026-02-08 03:27:28] INFO      Filtered: Little China (status=CLOSED_TEMPORARILY)
[2026-02-08 03:27:28] INFO      Cell 13/13: +16 new (97 total)
[2026-02-08 03:27:28] INFO    Filtered out 5 restaurants
[2026-02-08 03:27:28] INFO    -> Austin: 97 restaurants (running total: 97)
[2026-02-08 03:27:28] INFO  
[2026-02-08 03:27:28] INFO  
[2026-02-08 03:27:28] INFO  ============================================================
[2026-02-08 03:27:28] INFO  FETCH SUMMARY
[2026-02-08 03:27:28] INFO  ============================================================
[2026-02-08 03:27:28] INFO  Total restaurants:    97
[2026-02-08 03:27:28] INFO  API calls made:       13
[2026-02-08 03:27:28] INFO  Cache hits/misses:    0/13
[2026-02-08 03:27:28] INFO  Estimated cost:       $0.46
[2026-02-08 03:27:28] INFO  
[2026-02-08 03:27:28] INFO  FIELD COMPLETENESS:
[2026-02-08 03:27:28] INFO    Phone:                91 ( 93.8%)
[2026-02-08 03:27:28] INFO    Website:              89 ( 91.8%)
[2026-02-08 03:27:28] INFO    Hours:                93 ( 95.9%)
[2026-02-08 03:27:28] INFO    Rating:               95 ( 97.9%)
[2026-02-08 03:27:28] INFO    Takeout flag:         96 ( 99.0%)
[2026-02-08 03:27:28] INFO  
[2026-02-08 03:27:28] INFO  AVG RATING:           4.16
[2026-02-08 03:27:28] INFO  
[2026-02-08 03:27:28] INFO  PRICE LEVELS:
[2026-02-08 03:27:28] INFO    PRICE_LEVEL_INEXPENSIVE               44 ( 45.4%)
[2026-02-08 03:27:28] INFO    PRICE_LEVEL_MODERATE                  38 ( 39.2%)
[2026-02-08 03:27:28] INFO    UNKNOWN                               14 ( 14.4%)
[2026-02-08 03:27:28] INFO    PRICE_LEVEL_EXPENSIVE                  1 (  1.0%)
[2026-02-08 03:27:28] INFO  
[2026-02-08 03:27:28] INFO  TOP STATES:
[2026-02-08 03:27:28] INFO    TX           97 (100.0%)
[2026-02-08 03:27:28] INFO  ============================================================
[2026-02-08 03:27:28] INFO  
[2026-02-08 03:27:28] INFO  CSV written to: /data/chinese_restaurants.csv
