[2026-02-08 03:23:51] INFO  Log file: /data/logs/fetch_20260208_032351.log
[2026-02-08 03:23:51] INFO  ============================================================
[2026-02-08 03:23:51] INFO    Metros:             1
[2026-02-08 03:23:51] INFO    Total grid cells:   13
[2026-02-08 03:23:51] INFO    Already completed:  0
[2026-02-08 03:23:51] INFO    Remaining cells:    13
[2026-02-08 03:23:51] INFO    Estimated cost:     $0.46
[2026-02-08 03:23:51] INFO    Cache:              enabled (TTL=30d)
[2026-02-08 03:23:51] INFO  ============================================================
[2026-02-08 03:23:51] INFO  
[2026-02-08 03:23:51] INFO  Fetching Chinese takeout restaurants from 1 metro area(s)...
[2026-02-08 03:23:51] INFO  
[2026-02-08 03:23:51] INFO    Kansas City, MO: 13 cells (0 cached, 13 remaining)
[2026-02-08 03:23:51] DEBUG     Cache miss at (38.9646, -94.5786); querying API
[2026-02-08 03:23:52] INFO      Cell 1/13: +7 new (7 total)
[2026-02-08 03:23:52] DEBUG     Cache miss at (39.0321, -94.6657); querying API
[2026-02-08 03:23:52] INFO      Filtered: Sang Sang Asian Express (status=CLOSED_TEMPORARILY)
[2026-02-08 03:23:52] INFO      Cell 2/13: +7 new (14 total)
[2026-02-08 03:23:52] DEBUG     Cache miss at (39.0321, -94.5786); querying API
[2026-02-08 03:23:53] INFO      Cell 3/13: +10 new (24 total)
[2026-02-08 03:23:53] DEBUG     Cache miss at (39.0321, -94.4915); querying API
[2026-02-08 03:23:54] INFO      Cell 4/13: +5 new (29 total)
[2026-02-08 03:23:54] DEBUG     Cache miss at (39.0997, -94.7527); querying API
[2026-02-08 03:23:54] INFO      Cell 5/13: +3 new (32 total)
[2026-02-08 03:23:54] DEBUG     Cache miss at (39.0997, -94.6657); querying API
[2026-02-08 03:23:55] INFO      Cell 6/13: +5 new (37 total)
[2026-02-08 03:23:55] DEBUG     Cache miss at (39.0997, -94.5786); querying API
[2026-02-08 03:23:56] INFO      Cell 7/13: +5 new (42 total)
[2026-02-08 03:23:56] DEBUG     Cache miss at (39.0997, -94.4915); querying API
[2026-02-08 03:23:57] INFO      Cell 8/13: +2 new (44 total)
[2026-02-08 03:23:57] DEBUG     Cache miss at (39.0997, -94.4045); querying API
[2026-02-08 03:23:58] INFO      Cell 9/13: +8 new (52 total)
[2026-02-08 03:23:58] DEBUG     Cache miss at (39.1673, -94.6657); querying API
[2026-02-08 03:23:58] INFO      Cell 10/13: +1 new (53 total)
[2026-02-08 03:23:58] DEBUG     Saved state at cell 10/13
[2026-02-08 03:23:58] DEBUG     Cache miss at (39.1673, -94.5786); querying API
[2026-02-08 03:23:59] INFO      Cell 11/13: +5 new (58 total)
[2026-02-08 03:23:59] DEBUG     Cache miss at (39.1673, -94.4915); querying API
[2026-02-08 03:24:00] INFO      Cell 12/13: +1 new (59 total)
[2026-02-08 03:24:00] DEBUG     Cache miss at (39.2348, -94.5786); querying API
[2026-02-08 03:24:00] INFO      Cell 13/13: +10 new (69 total)
[2026-02-08 03:24:00] INFO    Filtered out 1 restaurants
[2026-02-08 03:24:00] INFO    -> Kansas City: 69 restaurants (running total: 69)
[2026-02-08 03:24:00] INFO  
[2026-02-08 03:24:00] INFO  
[2026-02-08 03:24:00] INFO  ============================================================
[2026-02-08 03:24:00] INFO  FETCH SUMMARY
[2026-02-08 03:24:00] INFO  ============================================================
[2026-02-08 03:24:00] INFO  Total restaurants:    69
[2026-02-08 03:24:00] INFO  API calls made:       13
[2026-02-08 03:24:00] INFO  Cache hits/misses:    0/13
[2026-02-08 03:24:00] INFO  Estimated cost:       $0.46
[2026-02-08 03:24:00] INFO  
[2026-02-08 03:24:00] INFO  FIELD COMPLETENESS:
[2026-02-08 03:24:00] INFO    Phone:                68 ( 98.6%)
[2026-02-08 03:24:00] INFO    Website:              61 ( 88.4%)
[2026-02-08 03:24:00] INFO    Hours:                69 (100.0%)
[2026-02-08 03:24:00] INFO    Rating:               69 (100.0%)
[2026-02-08 03:24:00] INFO    Takeout flag:         69 (100.0%)
[2026-02-08 03:24:00] INFO  
[2026-02-08 03:24:00] INFO  AVG RATING:           3.99
[2026-02-08 03:24:00] INFO  
[2026-02-08 03:24:00] INFO  PRICE LEVELS:
[2026-02-08 03:24:00] INFO    PRICE_LEVEL_INEXPENSIVE               50 ( 72.5%)
[2026-02-08 03:24:00] INFO    PRICE_LEVEL_MODERATE                  15 ( 21.7%)
[2026-02-08 03:24:00] INFO    UNKNOWN                                4 (  5.8%)
[2026-02-08 03:24:00] INFO  
[2026-02-08 03:24:00] INFO  TOP STATES:
[2026-02-08 03:24:00] INFO    MO           53 ( 76.8%)
[2026-02-08 03:24:00] INFO    KS           16 ( 23.2%)
[2026-02-08 03:24:00] INFO  ============================================================
[2026-02-08 03:24:00] INFO  
[2026-02-08 03:24:00] INFO  CSV written to: /data/chinese_restaurants.csv
