[2026-02-08 03:27:01] INFO  Log file: /data/logs/fetch_20260208_032701.log
[2026-02-08 03:27:01] INFO  ============================================================
[2026-02-08 03:27:01] INFO    Metros:             1
[2026-02-08 03:27:01] INFO    Total grid cells:   9
[2026-02-08 03:27:01] INFO    Already completed:  0
[2026-02-08 03:27:01] INFO    Remaining cells:    9
[2026-02-08 03:27:01] INFO    Estimated cost:     $0.32
[2026-02-08 03:27:01] INFO    Cache:              enabled (TTL=30d)
[2026-02-08 03:27:01] INFO  ============================================================
[2026-02-08 03:27:01] INFO  
[2026-02-08 03:27:01] INFO  Fetching Chinese takeout restaurants from 1 metro area(s)...
[2026-02-08 03:27:01] INFO  
[2026-02-08 03:27:01] INFO    Memphis, TN: 9 cells (0 cached, 9 remaining)
[2026-02-08 03:27:01] DEBUG     Cache miss at (35.0819, -90.1316); querying API
[2026-02-08 03:27:02] DEBUG     Cache miss at (35.0819, -90.0490); querying API
[2026-02-08 03:27:03] INFO      Cell 2/9: +3 new (3 total)
[2026-02-08 03:27:03] DEBUG     Cache miss at (35.0819, -89.9664); querying API
[2026-02-08 03:27:04] INFO      Cell 3/9: +8 new (11 total)
[2026-02-08 03:27:04] DEBUG     Cache miss at (35.1495, -90.1316); querying API
[2026-02-08 03:27:04] DEBUG     Cache miss at (35.1495, -90.0490); querying API
[2026-02-08 03:27:05] INFO      Cell 5/9: +3 new (14 total)
[2026-02-08 03:27:05] DEBUG     Cache miss at (35.1495, -89.9664); querying API
[2026-02-08 03:27:06] INFO      Cell 6/9: +7 new (21 total)
[2026-02-08 03:27:06] DEBUG     Cache miss at (35.2171, -90.1316); querying API
[2026-02-08 03:27:06] DEBUG     Cache miss at (35.2171, -90.0490); querying API
[2026-02-08 03:27:07] INFO      Cell 8/9: +1 new (22 total)
[2026-02-08 03:27:07] DEBUG     Cache miss at (35.2171, -89.9664); querying API
[2026-02-08 03:27:08] INFO      Cell 9/9: +4 new (26 total)
[2026-02-08 03:27:08] INFO    -> Memphis: 26 restaurants (running total: 26)
[2026-02-08 03:27:08] INFO  
[2026-02-08 03:27:08] INFO  
[2026-02-08 03:27:08] INFO  ============================================================
[2026-02-08 03:27:08] INFO  FETCH SUMMARY
[2026-02-08 03:27:08] INFO  ============================================================
[2026-02-08 03:27:08] INFO  Total restaurants:    26
[2026-02-08 03:27:08] INFO  API calls made:       9
[2026-02-08 03:27:08] INFO  Cache hits/misses:    0/9
[2026-02-08 03:27:08] INFO  Estimated cost:       $0.32
[2026-02-08 03:27:08] INFO  
[2026-02-08 03:27:08] INFO  FIELD COMPLETENESS:
[2026-02-08 03:27:08] INFO    Phone:                25 ( 96.2%)
[2026-02-08 03:27:08] INFO    Website:              13 ( 50.0%)
[2026-02-08 03:27:08] INFO    Hours:                25 ( 96.2%)
[2026-02-08 03:27:08] INFO    Rating:               25 ( 96.2%)
[2026-02-08 03:27:08] INFO    Takeout flag:         25 ( 96.2%)
[2026-02-08 03:27:08] INFO  
[2026-02-08 03:27:08] INFO  AVG RATING:           4.11
[2026-02-08 03:27:08] INFO  
[2026-02-08 03:27:08] INFO  PRICE LEVELS:
[2026-02-08 03:27:08] INFO    PRICE_LEVEL_INEXPENSIVE               19 ( 73.1%)
[2026-02-08 03:27:08] INFO    PRICE_LEVEL_MODERATE                   5 ( 19.2%)
[2026-02-08 03:27:08] INFO    UNKNOWN                                2 (  7.7%)
[2026-02-08 03:27:08] INFO  
[2026-02-08 03:27:08] INFO  TOP STATES:
[2026-02-08 03:27:08] INFO    TN           26 (100.0%)
[2026-02-08 03:27:08] INFO  ============================================================
[2026-02-08 03:27:08] INFO  
[2026-02-08 03:27:08] INFO  CSV written to: /data/chinese_restaurants.csv
