[2026-02-08 03:21:19] INFO  Log file: /data/logs/fetch_20260208_032119.log
[2026-02-08 03:21:19] INFO  ============================================================
[2026-02-08 03:21:19] INFO    Metros:             1
[2026-02-08 03:21:19] INFO    Total grid cells:   9
[2026-02-08 03:21:19] INFO    Already completed:  0
[2026-02-08 03:21:19] INFO    Remaining cells:    9
[2026-02-08 03:21:19] INFO    Estimated cost:     $0.32
[2026-02-08 03:21:19] INFO    Cache:              enabled (TTL=30d)
[2026-02-08 03:21:19] INFO  ============================================================
[2026-02-08 03:21:19] INFO  
[2026-02-08 03:21:19] INFO  Fetching Chinese takeout restaurants from 1 metro area(s)...
[2026-02-08 03:21:19] INFO  
[2026-02-08 03:21:19] INFO    Louisville, KY: 9 cells (0 cached, 9 remaining)
[2026-02-08 03:21:19] DEBUG     Cache miss at (38.1851, -85.8445); querying API
[2026-02-08 03:21:20] INFO      Cell 1/9: +4 new (4 total)
[2026-02-08 03:21:20] DEBUG     Cache miss at (38.1851, -85.7585); querying API
[2026-02-08 03:21:21] INFO      Cell 2/9: +9 new (13 total)
[2026-02-08 03:21:21] DEBUG     Cache miss at (38.1851, -85.6725); querying API
[2026-02-08 03:21:22] INFO      Cell 3/9: +10 new (23 total)
[2026-02-08 03:21:22] DEBUG     Cache miss at (38.2527, -85.8445); querying API
[2026-02-08 03:21:22] INFO      Cell 4/9: +1 new (24 total)
[2026-02-08 03:21:22] DEBUG     Cache miss at (38.2527, -85.7585); querying API
[2026-02-08 03:21:23] INFO      Cell 5/9: +8 new (32 total)
[2026-02-08 03:21:23] DEBUG     Cache miss at (38.2527, -85.6725); querying API
[2026-02-08 03:21:24] INFO      Cell 6/9: +4 new (36 total)
[2026-02-08 03:21:24] DEBUG     Cache miss at (38.3203, -85.8445); querying API
[2026-02-08 03:21:25] INFO      Cell 7/9: +4 new (40 total)
[2026-02-08 03:21:25] DEBUG     Cache miss at (38.3203, -85.7585); querying API
[2026-02-08 03:21:25] INFO      Cell 8/9: +6 new (46 total)
[2026-02-08 03:21:25] DEBUG     Cache miss at (38.3203, -85.6725); querying API
[2026-02-08 03:21:26] INFO    -> Louisville: 46 restaurants (running total: 46)
[2026-02-08 03:21:26] INFO  
[2026-02-08 03:21:26] INFO  
[2026-02-08 03:21:26] INFO  ============================================================
[2026-02-08 03:21:26] INFO  FETCH SUMMARY
[2026-02-08 03:21:26] INFO  ============================================================
[2026-02-08 03:21:26] INFO  Total restaurants:    46
[2026-02-08 03:21:26] INFO  API calls made:       9
[2026-02-08 03:21:26] INFO  Cache hits/misses:    0/9
[2026-02-08 03:21:26] INFO  Estimated cost:       $0.32
[2026-02-08 03:21:26] INFO  
[2026-02-08 03:21:26] INFO  FIELD COMPLETENESS:
[2026-02-08 03:21:26] INFO    Phone:                44 ( 95.7%)
[2026-02-08 03:21:26] INFO    Website:              35 ( 76.1%)
[2026-02-08 03:21:26] INFO    Hours:                45 ( 97.8%)
[2026-02-08 03:21:26] INFO    Rating:               46 (100.0%)
[2026-02-08 03:21:26] INFO    Takeout flag:         44 ( 95.7%)
[2026-02-08 03:21:26] INFO  
[2026-02-08 03:21:26] INFO  AVG RATING:           4.06
[2026-02-08 03:21:26] INFO  
[2026-02-08 03:21:26] INFO  PRICE LEVELS:
[2026-02-08 03:21:26] INFO    PRICE_LEVEL_INEXPENSIVE               31 ( 67.4%)
[2026-02-08 03:21:26] INFO    PRICE_LEVEL_MODERATE                  12 ( 26.1%)
[2026-02-08 03:21:26] INFO    UNKNOWN                                3 (  6.5%)
[2026-02-08 03:21:26] INFO  
[2026-02-08 03:21:26] INFO  TOP STATES:
[2026-02-08 03:21:26] INFO    KY           35 ( 76.1%)
[2026-02-08 03:21:26] INFO    IN           11 ( 23.9%)
[2026-02-08 03:21:26] INFO  ============================================================
[2026-02-08 03:21:26] INFO  
[2026-02-08 03:21:26] INFO  CSV written to: /data/chinese_restaurants.csv
