[2026-02-08 03:04:22] INFO  Log file: /data/logs/fetch_20260208_030422.log
[2026-02-08 03:04:22] INFO  ============================================================
[2026-02-08 03:04:22] INFO    Metros:             1
[2026-02-08 03:04:22] INFO    Total grid cells:   9
[2026-02-08 03:04:22] INFO    Already completed:  0
[2026-02-08 03:04:22] INFO    Remaining cells:    9
[2026-02-08 03:04:22] INFO    Estimated cost:     $0.32
[2026-02-08 03:04:22] INFO    Cache:              enabled (TTL=30d)
[2026-02-08 03:04:22] INFO  ============================================================
[2026-02-08 03:04:22] INFO  
[2026-02-08 03:04:22] INFO  Fetching Chinese takeout restaurants from 1 metro area(s)...
[2026-02-08 03:04:22] INFO  
[2026-02-08 03:04:22] INFO    Tucson, AZ: 9 cells (0 cached, 9 remaining)
[2026-02-08 03:04:22] DEBUG     Cache miss at (32.1550, -111.0546); querying API
[2026-02-08 03:04:23] INFO      Cell 1/9: +1 new (1 total)
[2026-02-08 03:04:23] DEBUG     Cache miss at (32.1550, -110.9747); querying API
[2026-02-08 03:04:24] INFO      Cell 2/9: +9 new (10 total)
[2026-02-08 03:04:24] DEBUG     Cache miss at (32.1550, -110.8948); querying API
[2026-02-08 03:04:24] INFO      Cell 3/9: +2 new (12 total)
[2026-02-08 03:04:24] DEBUG     Cache miss at (32.2226, -111.0546); querying API
[2026-02-08 03:04:25] INFO      Cell 4/9: +1 new (13 total)
[2026-02-08 03:04:25] DEBUG     Cache miss at (32.2226, -110.9747); querying API
[2026-02-08 03:04:26] INFO      Filtered: Wok Fire & Grill (status=CLOSED_TEMPORARILY)
[2026-02-08 03:04:26] INFO      Cell 5/9: +13 new (26 total)
[2026-02-08 03:04:26] DEBUG     Cache miss at (32.2226, -110.8948); querying API
[2026-02-08 03:04:27] INFO      Cell 6/9: +14 new (40 total)
[2026-02-08 03:04:27] DEBUG     Cache miss at (32.2902, -111.0546); querying API
[2026-02-08 03:04:27] INFO      Cell 7/9: +1 new (41 total)
[2026-02-08 03:04:27] DEBUG     Cache miss at (32.2902, -110.9747); querying API
[2026-02-08 03:04:28] INFO      Filtered: Mian Sichuan Noodle Shop - Open for Dine-in (status=CLOSED_TEMPORARILY)
[2026-02-08 03:04:28] INFO      Cell 8/9: +10 new (51 total)
[2026-02-08 03:04:28] DEBUG     Cache miss at (32.2902, -110.8948); querying API
[2026-02-08 03:04:29] INFO      Cell 9/9: +1 new (52 total)
[2026-02-08 03:04:29] INFO    Filtered out 2 restaurants
[2026-02-08 03:04:29] INFO    -> Tucson: 52 restaurants (running total: 52)
[2026-02-08 03:04:29] INFO  
[2026-02-08 03:04:29] INFO  
[2026-02-08 03:04:29] INFO  ============================================================
[2026-02-08 03:04:29] INFO  FETCH SUMMARY
[2026-02-08 03:04:29] INFO  ============================================================
[2026-02-08 03:04:29] INFO  Total restaurants:    52
[2026-02-08 03:04:29] INFO  API calls made:       9
[2026-02-08 03:04:29] INFO  Cache hits/misses:    0/9
[2026-02-08 03:04:29] INFO  Estimated cost:       $0.32
[2026-02-08 03:04:29] INFO  
[2026-02-08 03:04:29] INFO  FIELD COMPLETENESS:
[2026-02-08 03:04:29] INFO    Phone:                52 (100.0%)
[2026-02-08 03:04:29] INFO    Website:              49 ( 94.2%)
[2026-02-08 03:04:29] INFO    Hours:                52 (100.0%)
[2026-02-08 03:04:29] INFO    Rating:               52 (100.0%)
[2026-02-08 03:04:29] INFO    Takeout flag:         52 (100.0%)
[2026-02-08 03:04:29] INFO  
[2026-02-08 03:04:29] INFO  AVG RATING:           4.10
[2026-02-08 03:04:29] INFO  
[2026-02-08 03:04:29] INFO  PRICE LEVELS:
[2026-02-08 03:04:29] INFO    PRICE_LEVEL_INEXPENSIVE               31 ( 59.6%)
[2026-02-08 03:04:29] INFO    PRICE_LEVEL_MODERATE                  18 ( 34.6%)
[2026-02-08 03:04:29] INFO    UNKNOWN                                3 (  5.8%)
[2026-02-08 03:04:29] INFO  
[2026-02-08 03:04:29] INFO  TOP STATES:
[2026-02-08 03:04:29] INFO    AZ           52 (100.0%)
[2026-02-08 03:04:29] INFO  ============================================================
[2026-02-08 03:04:29] INFO  
[2026-02-08 03:04:29] INFO  CSV written to: /data/chinese_restaurants.csv
