[2026-02-08 03:09:02] INFO  Log file: /data/logs/fetch_20260208_030902.log
[2026-02-08 03:09:02] INFO  ============================================================
[2026-02-08 03:09:02] INFO    Metros:             1
[2026-02-08 03:09:02] INFO    Total grid cells:   5
[2026-02-08 03:09:02] INFO    Already completed:  0
[2026-02-08 03:09:02] INFO    Remaining cells:    5
[2026-02-08 03:09:02] INFO    Estimated cost:     $0.18
[2026-02-08 03:09:02] INFO    Cache:              enabled (TTL=30d)
[2026-02-08 03:09:02] INFO  ============================================================
[2026-02-08 03:09:02] INFO  
[2026-02-08 03:09:02] INFO  Fetching Chinese takeout restaurants from 1 metro area(s)...
[2026-02-08 03:09:02] INFO  
[2026-02-08 03:09:02] INFO    Stamford, CT: 5 cells (0 cached, 5 remaining)
[2026-02-08 03:09:02] DEBUG     Cache miss at (40.9858, -73.5387); querying API
[2026-02-08 03:09:03] DEBUG     Cache miss at (41.0534, -73.6283); querying API
[2026-02-08 03:09:04] INFO      Cell 2/5: +5 new (5 total)
[2026-02-08 03:09:04] DEBUG     Cache miss at (41.0534, -73.5387); querying API
[2026-02-08 03:09:05] INFO      Filtered: China Xpress (status=CLOSED_TEMPORARILY)
[2026-02-08 03:09:05] INFO      Cell 3/5: +14 new (19 total)
[2026-02-08 03:09:05] DEBUG     Cache miss at (41.0534, -73.4491); querying API
[2026-02-08 03:09:05] INFO      Cell 4/5: +1 new (20 total)
[2026-02-08 03:09:05] DEBUG     Cache miss at (41.1210, -73.5387); querying API
[2026-02-08 03:09:06] INFO    Filtered out 1 restaurants
[2026-02-08 03:09:06] INFO    -> Stamford: 20 restaurants (running total: 20)
[2026-02-08 03:09:06] INFO  
[2026-02-08 03:09:06] INFO  
[2026-02-08 03:09:06] INFO  ============================================================
[2026-02-08 03:09:06] INFO  FETCH SUMMARY
[2026-02-08 03:09:06] INFO  ============================================================
[2026-02-08 03:09:06] INFO  Total restaurants:    20
[2026-02-08 03:09:06] INFO  API calls made:       5
[2026-02-08 03:09:06] INFO  Cache hits/misses:    0/5
[2026-02-08 03:09:06] INFO  Estimated cost:       $0.18
[2026-02-08 03:09:06] INFO  
[2026-02-08 03:09:06] INFO  FIELD COMPLETENESS:
[2026-02-08 03:09:06] INFO    Phone:                20 (100.0%)
[2026-02-08 03:09:06] INFO    Website:              18 ( 90.0%)
[2026-02-08 03:09:06] INFO    Hours:                20 (100.0%)
[2026-02-08 03:09:06] INFO    Rating:               20 (100.0%)
[2026-02-08 03:09:06] INFO    Takeout flag:         20 (100.0%)
[2026-02-08 03:09:06] INFO  
[2026-02-08 03:09:06] INFO  AVG RATING:           3.96
[2026-02-08 03:09:06] INFO  
[2026-02-08 03:09:06] INFO  PRICE LEVELS:
[2026-02-08 03:09:06] INFO    PRICE_LEVEL_INEXPENSIVE               11 ( 55.0%)
[2026-02-08 03:09:06] INFO    PRICE_LEVEL_MODERATE                   8 ( 40.0%)
[2026-02-08 03:09:06] INFO    PRICE_LEVEL_EXPENSIVE                  1 (  5.0%)
[2026-02-08 03:09:06] INFO  
[2026-02-08 03:09:06] INFO  TOP STATES:
[2026-02-08 03:09:06] INFO    CT           20 (100.0%)
[2026-02-08 03:09:06] INFO  ============================================================
[2026-02-08 03:09:06] INFO  
[2026-02-08 03:09:06] INFO  CSV written to: /data/chinese_restaurants.csv
