[2026-02-08 03:21:26] INFO  Log file: /data/logs/fetch_20260208_032126.log
[2026-02-08 03:21:26] INFO  ============================================================
[2026-02-08 03:21:26] INFO    Metros:             1
[2026-02-08 03:21:26] INFO    Total grid cells:   9
[2026-02-08 03:21:26] INFO    Already completed:  0
[2026-02-08 03:21:26] INFO    Remaining cells:    9
[2026-02-08 03:21:26] INFO    Estimated cost:     $0.32
[2026-02-08 03:21:26] INFO    Cache:              enabled (TTL=30d)
[2026-02-08 03:21:26] INFO  ============================================================
[2026-02-08 03:21:26] INFO  
[2026-02-08 03:21:26] INFO  Fetching Chinese takeout restaurants from 1 metro area(s)...
[2026-02-08 03:21:26] INFO  
[2026-02-08 03:21:26] INFO    New Orleans, LA: 9 cells (0 cached, 9 remaining)
[2026-02-08 03:21:26] DEBUG     Cache miss at (29.8835, -90.1495); querying API
[2026-02-08 03:21:27] INFO      Cell 1/9: +3 new (3 total)
[2026-02-08 03:21:27] DEBUG     Cache miss at (29.8835, -90.0715); querying API
[2026-02-08 03:21:28] INFO      Filtered: Legend Dumplings (status=CLOSED_TEMPORARILY)
[2026-02-08 03:21:28] INFO      Filtered: Chinese Kitchen Express (no takeout)
[2026-02-08 03:21:28] INFO      Cell 2/9: +16 new (19 total)
[2026-02-08 03:21:28] DEBUG     Cache miss at (29.8835, -89.9935); querying API
[2026-02-08 03:21:28] INFO      Cell 3/9: +4 new (23 total)
[2026-02-08 03:21:28] DEBUG     Cache miss at (29.9511, -90.1495); querying API
[2026-02-08 03:21:29] INFO      Cell 4/9: +12 new (35 total)
[2026-02-08 03:21:29] DEBUG     Cache miss at (29.9511, -90.0715); querying API
[2026-02-08 03:21:30] INFO      Cell 5/9: +13 new (48 total)
[2026-02-08 03:21:30] DEBUG     Cache miss at (29.9511, -89.9935); querying API
[2026-02-08 03:21:31] INFO      Cell 6/9: +5 new (53 total)
[2026-02-08 03:21:31] DEBUG     Cache miss at (30.0187, -90.1495); querying API
[2026-02-08 03:21:31] INFO      Cell 7/9: +14 new (67 total)
[2026-02-08 03:21:31] DEBUG     Cache miss at (30.0187, -90.0715); querying API
[2026-02-08 03:21:32] INFO      Cell 8/9: +2 new (69 total)
[2026-02-08 03:21:32] DEBUG     Cache miss at (30.0187, -89.9935); querying API
[2026-02-08 03:21:33] INFO      Cell 9/9: +4 new (73 total)
[2026-02-08 03:21:33] INFO    Filtered out 2 restaurants
[2026-02-08 03:21:33] INFO    -> New Orleans: 73 restaurants (running total: 73)
[2026-02-08 03:21:33] INFO  
[2026-02-08 03:21:33] INFO  
[2026-02-08 03:21:33] INFO  ============================================================
[2026-02-08 03:21:33] INFO  FETCH SUMMARY
[2026-02-08 03:21:33] INFO  ============================================================
[2026-02-08 03:21:33] INFO  Total restaurants:    73
[2026-02-08 03:21:33] INFO  API calls made:       9
[2026-02-08 03:21:33] INFO  Cache hits/misses:    0/9
[2026-02-08 03:21:33] INFO  Estimated cost:       $0.32
[2026-02-08 03:21:33] INFO  
[2026-02-08 03:21:33] INFO  FIELD COMPLETENESS:
[2026-02-08 03:21:33] INFO    Phone:                73 (100.0%)
[2026-02-08 03:21:33] INFO    Website:              68 ( 93.2%)
[2026-02-08 03:21:33] INFO    Hours:                73 (100.0%)
[2026-02-08 03:21:33] INFO    Rating:               73 (100.0%)
[2026-02-08 03:21:33] INFO    Takeout flag:         73 (100.0%)
[2026-02-08 03:21:33] INFO  
[2026-02-08 03:21:33] INFO  AVG RATING:           4.10
[2026-02-08 03:21:33] INFO  
[2026-02-08 03:21:33] INFO  PRICE LEVELS:
[2026-02-08 03:21:33] INFO    PRICE_LEVEL_INEXPENSIVE               42 ( 57.5%)
[2026-02-08 03:21:33] INFO    PRICE_LEVEL_MODERATE                  21 ( 28.8%)
[2026-02-08 03:21:33] INFO    UNKNOWN                               10 ( 13.7%)
[2026-02-08 03:21:33] INFO  
[2026-02-08 03:21:33] INFO  TOP STATES:
[2026-02-08 03:21:33] INFO    LA           73 (100.0%)
[2026-02-08 03:21:33] INFO  ============================================================
[2026-02-08 03:21:33] INFO  
[2026-02-08 03:21:33] INFO  CSV written to: /data/chinese_restaurants.csv
