[2026-02-08 03:28:59] INFO  Log file: /data/logs/fetch_20260208_032859.log
[2026-02-08 03:28:59] INFO  ============================================================
[2026-02-08 03:28:59] INFO    Metros:             1
[2026-02-08 03:28:59] INFO    Total grid cells:   9
[2026-02-08 03:28:59] INFO    Already completed:  0
[2026-02-08 03:28:59] INFO    Remaining cells:    9
[2026-02-08 03:28:59] INFO    Estimated cost:     $0.32
[2026-02-08 03:28:59] INFO    Cache:              enabled (TTL=30d)
[2026-02-08 03:28:59] INFO  ============================================================
[2026-02-08 03:28:59] INFO  
[2026-02-08 03:28:59] INFO  Fetching Chinese takeout restaurants from 1 metro area(s)...
[2026-02-08 03:28:59] INFO  
[2026-02-08 03:28:59] INFO    Richmond, VA: 9 cells (0 cached, 9 remaining)
[2026-02-08 03:28:59] DEBUG     Cache miss at (37.4731, -77.5212); querying API
[2026-02-08 03:29:00] INFO      Cell 1/9: +11 new (11 total)
[2026-02-08 03:29:00] DEBUG     Cache miss at (37.4731, -77.4360); querying API
[2026-02-08 03:29:01] INFO      Cell 2/9: +3 new (14 total)
[2026-02-08 03:29:01] DEBUG     Cache miss at (37.4731, -77.3508); querying API
[2026-02-08 03:29:01] INFO      Cell 3/9: +2 new (16 total)
[2026-02-08 03:29:01] DEBUG     Cache miss at (37.5407, -77.5212); querying API
[2026-02-08 03:29:02] INFO      Cell 4/9: +12 new (28 total)
[2026-02-08 03:29:02] DEBUG     Cache miss at (37.5407, -77.4360); querying API
[2026-02-08 03:29:03] INFO      Filtered: Ho Ho Restaurant (status=CLOSED_TEMPORARILY)
[2026-02-08 03:29:03] INFO      Cell 5/9: +8 new (36 total)
[2026-02-08 03:29:03] DEBUG     Cache miss at (37.5407, -77.3508); querying API
[2026-02-08 03:29:03] INFO      Cell 6/9: +6 new (42 total)
[2026-02-08 03:29:03] DEBUG     Cache miss at (37.6083, -77.5212); querying API
[2026-02-08 03:29:04] INFO      Cell 7/9: +15 new (57 total)
[2026-02-08 03:29:04] DEBUG     Cache miss at (37.6083, -77.4360); querying API
[2026-02-08 03:29:05] INFO      Cell 8/9: +4 new (61 total)
[2026-02-08 03:29:05] DEBUG     Cache miss at (37.6083, -77.3508); querying API
[2026-02-08 03:29:06] INFO      Cell 9/9: +5 new (66 total)
[2026-02-08 03:29:06] INFO    Filtered out 1 restaurants
[2026-02-08 03:29:06] INFO    -> Richmond: 66 restaurants (running total: 66)
[2026-02-08 03:29:06] INFO  
[2026-02-08 03:29:06] INFO  
[2026-02-08 03:29:06] INFO  ============================================================
[2026-02-08 03:29:06] INFO  FETCH SUMMARY
[2026-02-08 03:29:06] INFO  ============================================================
[2026-02-08 03:29:06] INFO  Total restaurants:    66
[2026-02-08 03:29:06] INFO  API calls made:       9
[2026-02-08 03:29:06] INFO  Cache hits/misses:    0/9
[2026-02-08 03:29:06] INFO  Estimated cost:       $0.32
[2026-02-08 03:29:06] INFO  
[2026-02-08 03:29:06] INFO  FIELD COMPLETENESS:
[2026-02-08 03:29:06] INFO    Phone:                66 (100.0%)
[2026-02-08 03:29:06] INFO    Website:              55 ( 83.3%)
[2026-02-08 03:29:06] INFO    Hours:                66 (100.0%)
[2026-02-08 03:29:06] INFO    Rating:               66 (100.0%)
[2026-02-08 03:29:06] INFO    Takeout flag:         66 (100.0%)
[2026-02-08 03:29:06] INFO  
[2026-02-08 03:29:06] INFO  AVG RATING:           4.00
[2026-02-08 03:29:06] INFO  
[2026-02-08 03:29:06] INFO  PRICE LEVELS:
[2026-02-08 03:29:06] INFO    PRICE_LEVEL_INEXPENSIVE               42 ( 63.6%)
[2026-02-08 03:29:06] INFO    PRICE_LEVEL_MODERATE                  18 ( 27.3%)
[2026-02-08 03:29:06] INFO    UNKNOWN                                6 (  9.1%)
[2026-02-08 03:29:06] INFO  
[2026-02-08 03:29:06] INFO  TOP STATES:
[2026-02-08 03:29:06] INFO    VA           66 (100.0%)
[2026-02-08 03:29:06] INFO  ============================================================
[2026-02-08 03:29:06] INFO  
[2026-02-08 03:29:06] INFO  CSV written to: /data/chinese_restaurants.csv
