[2026-02-08 03:21:09] INFO  Log file: /data/logs/fetch_20260208_032109.log
[2026-02-08 03:21:09] INFO  ============================================================
[2026-02-08 03:21:09] INFO    Metros:             1
[2026-02-08 03:21:09] INFO    Total grid cells:   13
[2026-02-08 03:21:09] INFO    Already completed:  0
[2026-02-08 03:21:09] INFO    Remaining cells:    13
[2026-02-08 03:21:09] INFO    Estimated cost:     $0.46
[2026-02-08 03:21:09] INFO    Cache:              enabled (TTL=30d)
[2026-02-08 03:21:09] INFO  ============================================================
[2026-02-08 03:21:09] INFO  
[2026-02-08 03:21:09] INFO  Fetching Chinese takeout restaurants from 1 metro area(s)...
[2026-02-08 03:21:09] INFO  
[2026-02-08 03:21:09] INFO    Indianapolis, IN: 13 cells (0 cached, 13 remaining)
[2026-02-08 03:21:09] DEBUG     Cache miss at (39.6333, -86.1581); querying API
[2026-02-08 03:21:10] INFO      Cell 1/13: +14 new (14 total)
[2026-02-08 03:21:10] DEBUG     Cache miss at (39.7008, -86.2460); querying API
[2026-02-08 03:21:11] INFO      Cell 2/13: +3 new (17 total)
[2026-02-08 03:21:11] DEBUG     Cache miss at (39.7008, -86.1581); querying API
[2026-02-08 03:21:12] INFO      Filtered: Golden Wok (status=CLOSED_TEMPORARILY)
[2026-02-08 03:21:12] INFO      Cell 3/13: +5 new (22 total)
[2026-02-08 03:21:12] DEBUG     Cache miss at (39.7008, -86.0702); querying API
[2026-02-08 03:21:12] INFO      Cell 4/13: +6 new (28 total)
[2026-02-08 03:21:13] DEBUG     Cache miss at (39.7684, -86.3339); querying API
[2026-02-08 03:21:13] INFO      Cell 5/13: +6 new (34 total)
[2026-02-08 03:21:13] DEBUG     Cache miss at (39.7684, -86.2460); querying API
[2026-02-08 03:21:14] INFO      Cell 6/13: +6 new (40 total)
[2026-02-08 03:21:14] DEBUG     Cache miss at (39.7684, -86.1581); querying API
[2026-02-08 03:21:15] INFO      Cell 7/13: +9 new (49 total)
[2026-02-08 03:21:15] DEBUG     Cache miss at (39.7684, -86.0702); querying API
[2026-02-08 03:21:15] INFO      Cell 8/13: +3 new (52 total)
[2026-02-08 03:21:15] DEBUG     Cache miss at (39.7684, -85.9823); querying API
[2026-02-08 03:21:16] INFO      Cell 9/13: +3 new (55 total)
[2026-02-08 03:21:16] DEBUG     Cache miss at (39.8360, -86.2460); querying API
[2026-02-08 03:21:17] INFO      Cell 10/13: +9 new (64 total)
[2026-02-08 03:21:17] DEBUG     Saved state at cell 10/13
[2026-02-08 03:21:17] DEBUG     Cache miss at (39.8360, -86.1581); querying API
[2026-02-08 03:21:18] INFO      Cell 11/13: +4 new (68 total)
[2026-02-08 03:21:18] DEBUG     Cache miss at (39.8360, -86.0702); querying API
[2026-02-08 03:21:18] INFO      Cell 12/13: +5 new (73 total)
[2026-02-08 03:21:18] DEBUG     Cache miss at (39.9035, -86.1581); querying API
[2026-02-08 03:21:19] INFO      Cell 13/13: +8 new (81 total)
[2026-02-08 03:21:19] INFO    Filtered out 1 restaurants
[2026-02-08 03:21:19] INFO    -> Indianapolis: 81 restaurants (running total: 81)
[2026-02-08 03:21:19] INFO  
[2026-02-08 03:21:19] INFO  
[2026-02-08 03:21:19] INFO  ============================================================
[2026-02-08 03:21:19] INFO  FETCH SUMMARY
[2026-02-08 03:21:19] INFO  ============================================================
[2026-02-08 03:21:19] INFO  Total restaurants:    81
[2026-02-08 03:21:19] INFO  API calls made:       13
[2026-02-08 03:21:19] INFO  Cache hits/misses:    0/13
[2026-02-08 03:21:19] INFO  Estimated cost:       $0.46
[2026-02-08 03:21:19] INFO  
[2026-02-08 03:21:19] INFO  FIELD COMPLETENESS:
[2026-02-08 03:21:19] INFO    Phone:                79 ( 97.5%)
[2026-02-08 03:21:19] INFO    Website:              67 ( 82.7%)
[2026-02-08 03:21:19] INFO    Hours:                79 ( 97.5%)
[2026-02-08 03:21:19] INFO    Rating:               80 ( 98.8%)
[2026-02-08 03:21:19] INFO    Takeout flag:         79 ( 97.5%)
[2026-02-08 03:21:19] INFO  
[2026-02-08 03:21:19] INFO  AVG RATING:           3.99
[2026-02-08 03:21:19] INFO  
[2026-02-08 03:21:19] INFO  PRICE LEVELS:
[2026-02-08 03:21:19] INFO    PRICE_LEVEL_INEXPENSIVE               49 ( 60.5%)
[2026-02-08 03:21:19] INFO    PRICE_LEVEL_MODERATE                  20 ( 24.7%)
[2026-02-08 03:21:19] INFO    UNKNOWN                               12 ( 14.8%)
[2026-02-08 03:21:19] INFO  
[2026-02-08 03:21:19] INFO  TOP STATES:
[2026-02-08 03:21:19] INFO    IN           81 (100.0%)
[2026-02-08 03:21:19] INFO  ============================================================
[2026-02-08 03:21:19] INFO  
[2026-02-08 03:21:19] INFO  CSV written to: /data/chinese_restaurants.csv
