[2026-02-08 03:09:22] INFO  Log file: /data/logs/fetch_20260208_030922.log
[2026-02-08 03:09:22] INFO  ============================================================
[2026-02-08 03:09:22] INFO    Metros:             1
[2026-02-08 03:09:22] INFO    Total grid cells:   13
[2026-02-08 03:09:22] INFO    Already completed:  0
[2026-02-08 03:09:22] INFO    Remaining cells:    13
[2026-02-08 03:09:22] INFO    Estimated cost:     $0.46
[2026-02-08 03:09:22] INFO    Cache:              enabled (TTL=30d)
[2026-02-08 03:09:22] INFO  ============================================================
[2026-02-08 03:09:22] INFO  
[2026-02-08 03:09:22] INFO  Fetching Chinese takeout restaurants from 1 metro area(s)...
[2026-02-08 03:09:22] INFO  
[2026-02-08 03:09:22] INFO    Jacksonville, FL: 13 cells (0 cached, 13 remaining)
[2026-02-08 03:09:22] DEBUG     Cache miss at (30.1971, -81.6557); querying API
[2026-02-08 03:09:23] INFO      Cell 1/13: +7 new (7 total)
[2026-02-08 03:09:23] DEBUG     Cache miss at (30.2646, -81.7340); querying API
[2026-02-08 03:09:24] INFO      Cell 2/13: +13 new (20 total)
[2026-02-08 03:09:24] DEBUG     Cache miss at (30.2646, -81.6557); querying API
[2026-02-08 03:09:25] INFO      Cell 3/13: +4 new (24 total)
[2026-02-08 03:09:25] DEBUG     Cache miss at (30.2646, -81.5774); querying API
[2026-02-08 03:09:26] INFO      Cell 4/13: +11 new (35 total)
[2026-02-08 03:09:26] DEBUG     Cache miss at (30.3322, -81.8123); querying API
[2026-02-08 03:09:26] INFO      Cell 5/13: +2 new (37 total)
[2026-02-08 03:09:26] DEBUG     Cache miss at (30.3322, -81.7340); querying API
[2026-02-08 03:09:27] INFO      Cell 6/13: +2 new (39 total)
[2026-02-08 03:09:27] DEBUG     Cache miss at (30.3322, -81.6557); querying API
[2026-02-08 03:09:28] INFO      Cell 7/13: +7 new (46 total)
[2026-02-08 03:09:28] DEBUG     Cache miss at (30.3322, -81.5774); querying API
[2026-02-08 03:09:29] INFO      Cell 8/13: +14 new (60 total)
[2026-02-08 03:09:29] DEBUG     Cache miss at (30.3322, -81.4991); querying API
[2026-02-08 03:09:29] INFO      Cell 9/13: +6 new (66 total)
[2026-02-08 03:09:29] DEBUG     Cache miss at (30.3998, -81.7340); querying API
[2026-02-08 03:09:30] INFO      Cell 10/13: +1 new (67 total)
[2026-02-08 03:09:30] DEBUG     Saved state at cell 10/13
[2026-02-08 03:09:30] DEBUG     Cache miss at (30.3998, -81.6557); querying API
[2026-02-08 03:09:31] INFO      Cell 11/13: +4 new (71 total)
[2026-02-08 03:09:31] DEBUG     Cache miss at (30.3998, -81.5774); querying API
[2026-02-08 03:09:32] DEBUG     Cache miss at (30.4673, -81.6557); querying API
[2026-02-08 03:09:32] INFO      Cell 13/13: +3 new (74 total)
[2026-02-08 03:09:32] INFO    -> Jacksonville: 74 restaurants (running total: 74)
[2026-02-08 03:09:32] INFO  
[2026-02-08 03:09:32] INFO  
[2026-02-08 03:09:32] INFO  ============================================================
[2026-02-08 03:09:32] INFO  FETCH SUMMARY
[2026-02-08 03:09:32] INFO  ============================================================
[2026-02-08 03:09:32] INFO  Total restaurants:    74
[2026-02-08 03:09:32] INFO  API calls made:       13
[2026-02-08 03:09:32] INFO  Cache hits/misses:    0/13
[2026-02-08 03:09:32] INFO  Estimated cost:       $0.46
[2026-02-08 03:09:32] INFO  
[2026-02-08 03:09:32] INFO  FIELD COMPLETENESS:
[2026-02-08 03:09:32] INFO    Phone:                72 ( 97.3%)
[2026-02-08 03:09:32] INFO    Website:              59 ( 79.7%)
[2026-02-08 03:09:32] INFO    Hours:                74 (100.0%)
[2026-02-08 03:09:32] INFO    Rating:               74 (100.0%)
[2026-02-08 03:09:32] INFO    Takeout flag:         72 ( 97.3%)
[2026-02-08 03:09:32] INFO  
[2026-02-08 03:09:32] INFO  AVG RATING:           3.97
[2026-02-08 03:09:32] INFO  
[2026-02-08 03:09:32] INFO  PRICE LEVELS:
[2026-02-08 03:09:32] INFO    PRICE_LEVEL_INEXPENSIVE               48 ( 64.9%)
[2026-02-08 03:09:32] INFO    PRICE_LEVEL_MODERATE                  17 ( 23.0%)
[2026-02-08 03:09:32] INFO    UNKNOWN                                9 ( 12.2%)
[2026-02-08 03:09:32] INFO  
[2026-02-08 03:09:32] INFO  TOP STATES:
[2026-02-08 03:09:32] INFO    FL           74 (100.0%)
[2026-02-08 03:09:32] INFO  ============================================================
[2026-02-08 03:09:32] INFO  
[2026-02-08 03:09:32] INFO  CSV written to: /data/chinese_restaurants.csv
