[2026-02-08 03:27:28] INFO  Log file: /data/logs/fetch_20260208_032728.log
[2026-02-08 03:27:29] INFO  ============================================================
[2026-02-08 03:27:29] INFO    Metros:             1
[2026-02-08 03:27:29] INFO    Total grid cells:   25
[2026-02-08 03:27:29] INFO    Already completed:  0
[2026-02-08 03:27:29] INFO    Remaining cells:    25
[2026-02-08 03:27:29] INFO    Estimated cost:     $0.88
[2026-02-08 03:27:29] INFO    Cache:              enabled (TTL=30d)
[2026-02-08 03:27:29] INFO  ============================================================
[2026-02-08 03:27:29] INFO  
[2026-02-08 03:27:29] INFO  Fetching Chinese takeout restaurants from 1 metro area(s)...
[2026-02-08 03:27:29] INFO  
[2026-02-08 03:27:29] INFO    Dallas, TX: 25 cells (0 cached, 25 remaining)
[2026-02-08 03:27:29] DEBUG     Cache miss at (32.6416, -96.9577); querying API
[2026-02-08 03:27:29] INFO      Cell 1/25: +3 new (3 total)
[2026-02-08 03:27:29] DEBUG     Cache miss at (32.6416, -96.8774); querying API
[2026-02-08 03:27:30] INFO      Cell 2/25: +7 new (10 total)
[2026-02-08 03:27:30] DEBUG     Cache miss at (32.6416, -96.7970); querying API
[2026-02-08 03:27:31] INFO      Cell 3/25: +6 new (16 total)
[2026-02-08 03:27:31] DEBUG     Cache miss at (32.6416, -96.7166); querying API
[2026-02-08 03:27:31] INFO      Cell 4/25: +1 new (17 total)
[2026-02-08 03:27:31] DEBUG     Cache miss at (32.6416, -96.6363); querying API
[2026-02-08 03:27:32] DEBUG     Cache miss at (32.7091, -96.9577); querying API
[2026-02-08 03:27:33] INFO      Cell 6/25: +2 new (19 total)
[2026-02-08 03:27:33] DEBUG     Cache miss at (32.7091, -96.8774); querying API
[2026-02-08 03:27:34] INFO      Cell 7/25: +8 new (27 total)
[2026-02-08 03:27:34] DEBUG     Cache miss at (32.7091, -96.7970); querying API
[2026-02-08 03:27:34] INFO      Cell 8/25: +3 new (30 total)
[2026-02-08 03:27:34] DEBUG     Cache miss at (32.7091, -96.7166); querying API
[2026-02-08 03:27:35] INFO      Cell 9/25: +3 new (33 total)
[2026-02-08 03:27:35] DEBUG     Cache miss at (32.7091, -96.6363); querying API
[2026-02-08 03:27:36] INFO      Cell 10/25: +5 new (38 total)
[2026-02-08 03:27:36] DEBUG     Saved state at cell 10/25
[2026-02-08 03:27:36] DEBUG     Cache miss at (32.7767, -96.9577); querying API
[2026-02-08 03:27:37] INFO      Cell 11/25: +3 new (41 total)
[2026-02-08 03:27:37] DEBUG     Cache miss at (32.7767, -96.8774); querying API
[2026-02-08 03:27:37] INFO      Filtered: Grand China (status=CLOSED_TEMPORARILY)
[2026-02-08 03:27:37] INFO      Cell 12/25: +3 new (44 total)
[2026-02-08 03:27:37] DEBUG     Cache miss at (32.7767, -96.7970); querying API
[2026-02-08 03:27:38] INFO      Filtered: Pakpao Thai (status=CLOSED_TEMPORARILY)
[2026-02-08 03:27:38] INFO      Cell 13/25: +16 new (60 total)
[2026-02-08 03:27:38] DEBUG     Cache miss at (32.7767, -96.7166); querying API
[2026-02-08 03:27:39] INFO      Cell 14/25: +7 new (67 total)
[2026-02-08 03:27:39] DEBUG     Cache miss at (32.7767, -96.6363); querying API
[2026-02-08 03:27:40] INFO      Cell 15/25: +7 new (74 total)
[2026-02-08 03:27:40] DEBUG     Cache miss at (32.8443, -96.9577); querying API
[2026-02-08 03:27:40] INFO      Cell 16/25: +10 new (84 total)
[2026-02-08 03:27:40] DEBUG     Cache miss at (32.8443, -96.8774); querying API
[2026-02-08 03:27:41] INFO      Filtered: Ming Place China Bistro (status=CLOSED_TEMPORARILY)
[2026-02-08 03:27:41] INFO      Cell 17/25: +8 new (92 total)
[2026-02-08 03:27:41] DEBUG     Cache miss at (32.8443, -96.7970); querying API
[2026-02-08 03:27:42] INFO      Cell 18/25: +11 new (103 total)
[2026-02-08 03:27:42] DEBUG     Cache miss at (32.8443, -96.7166); querying API
[2026-02-08 03:27:43] INFO      Cell 19/25: +4 new (107 total)
[2026-02-08 03:27:43] DEBUG     Cache miss at (32.8443, -96.6363); querying API
[2026-02-08 03:27:43] INFO      Cell 20/25: +6 new (113 total)
[2026-02-08 03:27:43] DEBUG     Saved state at cell 20/25
[2026-02-08 03:27:43] DEBUG     Cache miss at (32.9118, -96.9577); querying API
[2026-02-08 03:27:44] INFO      Cell 21/25: +11 new (124 total)
[2026-02-08 03:27:44] DEBUG     Cache miss at (32.9118, -96.8774); querying API
[2026-02-08 03:27:45] INFO      Cell 22/25: +8 new (132 total)
[2026-02-08 03:27:45] DEBUG     Cache miss at (32.9118, -96.7970); querying API
[2026-02-08 03:27:46] INFO      Cell 23/25: +12 new (144 total)
[2026-02-08 03:27:46] DEBUG     Cache miss at (32.9118, -96.7166); querying API
[2026-02-08 03:27:46] INFO      Cell 24/25: +19 new (163 total)
[2026-02-08 03:27:46] DEBUG     Cache miss at (32.9118, -96.6363); querying API
[2026-02-08 03:27:47] INFO      Cell 25/25: +9 new (172 total)
[2026-02-08 03:27:47] INFO    Filtered out 3 restaurants
[2026-02-08 03:27:47] INFO    -> Dallas: 172 restaurants (running total: 172)
[2026-02-08 03:27:47] INFO  
[2026-02-08 03:27:47] INFO  
[2026-02-08 03:27:47] INFO  ============================================================
[2026-02-08 03:27:47] INFO  FETCH SUMMARY
[2026-02-08 03:27:47] INFO  ============================================================
[2026-02-08 03:27:47] INFO  Total restaurants:    172
[2026-02-08 03:27:47] INFO  API calls made:       25
[2026-02-08 03:27:47] INFO  Cache hits/misses:    0/25
[2026-02-08 03:27:47] INFO  Estimated cost:       $0.88
[2026-02-08 03:27:47] INFO  
[2026-02-08 03:27:47] INFO  FIELD COMPLETENESS:
[2026-02-08 03:27:47] INFO    Phone:               170 ( 98.8%)
[2026-02-08 03:27:47] INFO    Website:             130 ( 75.6%)
[2026-02-08 03:27:47] INFO    Hours:               171 ( 99.4%)
[2026-02-08 03:27:47] INFO    Rating:              172 (100.0%)
[2026-02-08 03:27:47] INFO    Takeout flag:        171 ( 99.4%)
[2026-02-08 03:27:47] INFO  
[2026-02-08 03:27:47] INFO  AVG RATING:           4.03
[2026-02-08 03:27:47] INFO  
[2026-02-08 03:27:47] INFO  PRICE LEVELS:
[2026-02-08 03:27:47] INFO    PRICE_LEVEL_INEXPENSIVE              102 ( 59.3%)
[2026-02-08 03:27:47] INFO    PRICE_LEVEL_MODERATE                  51 ( 29.7%)
[2026-02-08 03:27:47] INFO    UNKNOWN                               18 ( 10.5%)
[2026-02-08 03:27:47] INFO    PRICE_LEVEL_EXPENSIVE                  1 (  0.6%)
[2026-02-08 03:27:47] INFO  
[2026-02-08 03:27:47] INFO  TOP STATES:
[2026-02-08 03:27:47] INFO    TX          172 (100.0%)
[2026-02-08 03:27:47] INFO  ============================================================
[2026-02-08 03:27:47] INFO  
[2026-02-08 03:27:47] INFO  CSV written to: /data/chinese_restaurants.csv
