[2026-02-08 03:28:49] INFO  Log file: /data/logs/fetch_20260208_032849.log
[2026-02-08 03:28:49] INFO  ============================================================
[2026-02-08 03:28:49] INFO    Metros:             1
[2026-02-08 03:28:49] INFO    Total grid cells:   13
[2026-02-08 03:28:49] INFO    Already completed:  0
[2026-02-08 03:28:49] INFO    Remaining cells:    13
[2026-02-08 03:28:49] INFO    Estimated cost:     $0.46
[2026-02-08 03:28:49] INFO    Cache:              enabled (TTL=30d)
[2026-02-08 03:28:49] INFO  ============================================================
[2026-02-08 03:28:49] INFO  
[2026-02-08 03:28:49] INFO  Fetching Chinese takeout restaurants from 1 metro area(s)...
[2026-02-08 03:28:49] INFO  
[2026-02-08 03:28:49] INFO    Salt Lake City, UT: 13 cells (0 cached, 13 remaining)
[2026-02-08 03:28:49] DEBUG     Cache miss at (40.6257, -111.8910); querying API
[2026-02-08 03:28:50] INFO      Filtered: Asian Potato | Chinese & Thai Restaurant (status=CLOSED_TEMPORARILY)
[2026-02-08 03:28:50] INFO      Cell 1/13: +15 new (15 total)
[2026-02-08 03:28:50] DEBUG     Cache miss at (40.6932, -111.9802); querying API
[2026-02-08 03:28:51] INFO      Cell 2/13: +17 new (32 total)
[2026-02-08 03:28:51] DEBUG     Cache miss at (40.6932, -111.8910); querying API
[2026-02-08 03:28:52] INFO      Cell 3/13: +17 new (49 total)
[2026-02-08 03:28:52] DEBUG     Cache miss at (40.6932, -111.8018); querying API
[2026-02-08 03:28:52] INFO      Cell 4/13: +3 new (52 total)
[2026-02-08 03:28:52] DEBUG     Cache miss at (40.7608, -112.0694); querying API
[2026-02-08 03:28:53] INFO      Cell 5/13: +1 new (53 total)
[2026-02-08 03:28:53] DEBUG     Cache miss at (40.7608, -111.9802); querying API
[2026-02-08 03:28:54] INFO      Filtered: China Delight Restaurant (status=CLOSED_TEMPORARILY)
[2026-02-08 03:28:54] INFO      Cell 6/13: +5 new (58 total)
[2026-02-08 03:28:54] DEBUG     Cache miss at (40.7608, -111.8910); querying API
[2026-02-08 03:28:55] INFO      Cell 7/13: +13 new (71 total)
[2026-02-08 03:28:55] DEBUG     Cache miss at (40.7608, -111.8018); querying API
[2026-02-08 03:28:55] INFO      Filtered: Sasa Kitchen (status=CLOSED_TEMPORARILY)
[2026-02-08 03:28:55] DEBUG     Cache miss at (40.7608, -111.7126); querying API
[2026-02-08 03:28:56] DEBUG     Cache miss at (40.8284, -111.9802); querying API
[2026-02-08 03:28:57] DEBUG     Saved state at cell 10/13
[2026-02-08 03:28:57] DEBUG     Cache miss at (40.8284, -111.8910); querying API
[2026-02-08 03:28:57] INFO      Cell 11/13: +2 new (73 total)
[2026-02-08 03:28:57] DEBUG     Cache miss at (40.8284, -111.8018); querying API
[2026-02-08 03:28:58] DEBUG     Cache miss at (40.8959, -111.8910); querying API
[2026-02-08 03:28:59] INFO      Cell 13/13: +6 new (79 total)
[2026-02-08 03:28:59] INFO    Filtered out 3 restaurants
[2026-02-08 03:28:59] INFO    -> Salt Lake City: 79 restaurants (running total: 79)
[2026-02-08 03:28:59] INFO  
[2026-02-08 03:28:59] INFO  
[2026-02-08 03:28:59] INFO  ============================================================
[2026-02-08 03:28:59] INFO  FETCH SUMMARY
[2026-02-08 03:28:59] INFO  ============================================================
[2026-02-08 03:28:59] INFO  Total restaurants:    79
[2026-02-08 03:28:59] INFO  API calls made:       13
[2026-02-08 03:28:59] INFO  Cache hits/misses:    0/13
[2026-02-08 03:28:59] INFO  Estimated cost:       $0.46
[2026-02-08 03:28:59] INFO  
[2026-02-08 03:28:59] INFO  FIELD COMPLETENESS:
[2026-02-08 03:28:59] INFO    Phone:                75 ( 94.9%)
[2026-02-08 03:28:59] INFO    Website:              67 ( 84.8%)
[2026-02-08 03:28:59] INFO    Hours:                78 ( 98.7%)
[2026-02-08 03:28:59] INFO    Rating:               78 ( 98.7%)
[2026-02-08 03:28:59] INFO    Takeout flag:         78 ( 98.7%)
[2026-02-08 03:28:59] INFO  
[2026-02-08 03:28:59] INFO  AVG RATING:           4.12
[2026-02-08 03:28:59] INFO  
[2026-02-08 03:28:59] INFO  PRICE LEVELS:
[2026-02-08 03:28:59] INFO    PRICE_LEVEL_INEXPENSIVE               41 ( 51.9%)
[2026-02-08 03:28:59] INFO    PRICE_LEVEL_MODERATE                  28 ( 35.4%)
[2026-02-08 03:28:59] INFO    UNKNOWN                               10 ( 12.7%)
[2026-02-08 03:28:59] INFO  
[2026-02-08 03:28:59] INFO  TOP STATES:
[2026-02-08 03:28:59] INFO    UT           79 (100.0%)
[2026-02-08 03:28:59] INFO  ============================================================
[2026-02-08 03:28:59] INFO  
[2026-02-08 03:28:59] INFO  CSV written to: /data/chinese_restaurants.csv
