[2026-02-08 03:24:37] INFO  Log file: /data/logs/fetch_20260208_032437.log
[2026-02-08 03:24:37] INFO  ============================================================
[2026-02-08 03:24:37] INFO    Metros:             1
[2026-02-08 03:24:37] INFO    Total grid cells:   5
[2026-02-08 03:24:37] INFO    Already completed:  0
[2026-02-08 03:24:37] INFO    Remaining cells:    5
[2026-02-08 03:24:37] INFO    Estimated cost:     $0.18
[2026-02-08 03:24:37] INFO    Cache:              enabled (TTL=30d)
[2026-02-08 03:24:37] INFO  ============================================================
[2026-02-08 03:24:37] INFO  
[2026-02-08 03:24:37] INFO  Fetching Chinese takeout restaurants from 1 metro area(s)...
[2026-02-08 03:24:37] INFO  
[2026-02-08 03:24:37] INFO    Newark, NJ: 5 cells (0 cached, 5 remaining)
[2026-02-08 03:24:37] DEBUG     Cache miss at (40.6681, -74.1724); querying API
[2026-02-08 03:24:38] INFO      Filtered: New Kam Po Garden (no takeout)
[2026-02-08 03:24:38] INFO      Cell 1/5: +18 new (18 total)
[2026-02-08 03:24:38] DEBUG     Cache miss at (40.7357, -74.2616); querying API
[2026-02-08 03:24:38] INFO      Cell 2/5: +20 new (38 total)
[2026-02-08 03:24:38] DEBUG     Cache miss at (40.7357, -74.1724); querying API
[2026-02-08 03:24:39] INFO      Cell 3/5: +16 new (54 total)
[2026-02-08 03:24:39] DEBUG     Cache miss at (40.7357, -74.0832); querying API
[2026-02-08 03:24:40] INFO      Cell 4/5: +20 new (74 total)
[2026-02-08 03:24:40] DEBUG     Cache miss at (40.8033, -74.1724); querying API
[2026-02-08 03:24:41] INFO      Cell 5/5: +18 new (92 total)
[2026-02-08 03:24:41] INFO    Filtered out 1 restaurants
[2026-02-08 03:24:41] INFO    -> Newark: 92 restaurants (running total: 92)
[2026-02-08 03:24:41] INFO  
[2026-02-08 03:24:41] INFO  
[2026-02-08 03:24:41] INFO  ============================================================
[2026-02-08 03:24:41] INFO  FETCH SUMMARY
[2026-02-08 03:24:41] INFO  ============================================================
[2026-02-08 03:24:41] INFO  Total restaurants:    92
[2026-02-08 03:24:41] INFO  API calls made:       5
[2026-02-08 03:24:41] INFO  Cache hits/misses:    0/5
[2026-02-08 03:24:41] INFO  Estimated cost:       $0.18
[2026-02-08 03:24:41] INFO  
[2026-02-08 03:24:41] INFO  FIELD COMPLETENESS:
[2026-02-08 03:24:41] INFO    Phone:                91 ( 98.9%)
[2026-02-08 03:24:41] INFO    Website:              64 ( 69.6%)
[2026-02-08 03:24:41] INFO    Hours:                92 (100.0%)
[2026-02-08 03:24:41] INFO    Rating:               92 (100.0%)
[2026-02-08 03:24:41] INFO    Takeout flag:         91 ( 98.9%)
[2026-02-08 03:24:41] INFO  
[2026-02-08 03:24:41] INFO  AVG RATING:           4.10
[2026-02-08 03:24:41] INFO  
[2026-02-08 03:24:41] INFO  PRICE LEVELS:
[2026-02-08 03:24:41] INFO    PRICE_LEVEL_INEXPENSIVE               63 ( 68.5%)
[2026-02-08 03:24:41] INFO    PRICE_LEVEL_MODERATE                  24 ( 26.1%)
[2026-02-08 03:24:41] INFO    UNKNOWN                                5 (  5.4%)
[2026-02-08 03:24:41] INFO  
[2026-02-08 03:24:41] INFO  TOP STATES:
[2026-02-08 03:24:41] INFO    NJ           92 (100.0%)
[2026-02-08 03:24:41] INFO  ============================================================
[2026-02-08 03:24:41] INFO  
[2026-02-08 03:24:41] INFO  CSV written to: /data/chinese_restaurants.csv
