[2026-02-08 03:24:11] INFO  Log file: /data/logs/fetch_20260208_032411.log
[2026-02-08 03:24:11] INFO  ============================================================
[2026-02-08 03:24:11] INFO    Metros:             1
[2026-02-08 03:24:11] INFO    Total grid cells:   13
[2026-02-08 03:24:11] INFO    Already completed:  0
[2026-02-08 03:24:11] INFO    Remaining cells:    13
[2026-02-08 03:24:11] INFO    Estimated cost:     $0.46
[2026-02-08 03:24:11] INFO    Cache:              enabled (TTL=30d)
[2026-02-08 03:24:11] INFO  ============================================================
[2026-02-08 03:24:11] INFO  
[2026-02-08 03:24:11] INFO  Fetching Chinese takeout restaurants from 1 metro area(s)...
[2026-02-08 03:24:11] INFO  
[2026-02-08 03:24:11] INFO    Charlotte, NC: 13 cells (0 cached, 13 remaining)
[2026-02-08 03:24:11] DEBUG     Cache miss at (35.0920, -80.8431); querying API
[2026-02-08 03:24:12] INFO      Filtered: China Buffet (status=CLOSED_TEMPORARILY)
[2026-02-08 03:24:12] INFO      Cell 1/13: +14 new (14 total)
[2026-02-08 03:24:12] DEBUG     Cache miss at (35.1595, -80.9258); querying API
[2026-02-08 03:24:13] INFO      Cell 2/13: +9 new (23 total)
[2026-02-08 03:24:13] DEBUG     Cache miss at (35.1595, -80.8431); querying API
[2026-02-08 03:24:13] INFO      Cell 3/13: +9 new (32 total)
[2026-02-08 03:24:13] DEBUG     Cache miss at (35.1595, -80.7604); querying API
[2026-02-08 03:24:14] INFO      Cell 4/13: +8 new (40 total)
[2026-02-08 03:24:14] DEBUG     Cache miss at (35.2271, -81.0085); querying API
[2026-02-08 03:24:15] INFO      Cell 5/13: +2 new (42 total)
[2026-02-08 03:24:15] DEBUG     Cache miss at (35.2271, -80.9258); querying API
[2026-02-08 03:24:16] INFO      Cell 6/13: +6 new (48 total)
[2026-02-08 03:24:16] DEBUG     Cache miss at (35.2271, -80.8431); querying API
[2026-02-08 03:24:17] INFO      Cell 7/13: +13 new (61 total)
[2026-02-08 03:24:17] DEBUG     Cache miss at (35.2271, -80.7604); querying API
[2026-02-08 03:24:17] INFO      Cell 8/13: +7 new (68 total)
[2026-02-08 03:24:17] DEBUG     Cache miss at (35.2271, -80.6777); querying API
[2026-02-08 03:24:18] INFO      Filtered: China Fun Restaurant (status=CLOSED_TEMPORARILY)
[2026-02-08 03:24:18] INFO      Cell 9/13: +6 new (74 total)
[2026-02-08 03:24:18] DEBUG     Cache miss at (35.2947, -80.9258); querying API
[2026-02-08 03:24:19] INFO      Cell 10/13: +1 new (75 total)
[2026-02-08 03:24:19] DEBUG     Saved state at cell 10/13
[2026-02-08 03:24:19] DEBUG     Cache miss at (35.2947, -80.8431); querying API
[2026-02-08 03:24:19] INFO      Cell 11/13: +5 new (80 total)
[2026-02-08 03:24:19] DEBUG     Cache miss at (35.2947, -80.7604); querying API
[2026-02-08 03:24:20] INFO      Cell 12/13: +11 new (91 total)
[2026-02-08 03:24:20] DEBUG     Cache miss at (35.3622, -80.8431); querying API
[2026-02-08 03:24:21] INFO      Cell 13/13: +6 new (97 total)
[2026-02-08 03:24:21] INFO    Filtered out 2 restaurants
[2026-02-08 03:24:21] INFO    -> Charlotte: 97 restaurants (running total: 97)
[2026-02-08 03:24:21] INFO  
[2026-02-08 03:24:21] INFO  
[2026-02-08 03:24:21] INFO  ============================================================
[2026-02-08 03:24:21] INFO  FETCH SUMMARY
[2026-02-08 03:24:21] INFO  ============================================================
[2026-02-08 03:24:21] INFO  Total restaurants:    97
[2026-02-08 03:24:21] INFO  API calls made:       13
[2026-02-08 03:24:21] INFO  Cache hits/misses:    0/13
[2026-02-08 03:24:21] INFO  Estimated cost:       $0.46
[2026-02-08 03:24:21] INFO  
[2026-02-08 03:24:21] INFO  FIELD COMPLETENESS:
[2026-02-08 03:24:21] INFO    Phone:                96 ( 99.0%)
[2026-02-08 03:24:21] INFO    Website:              80 ( 82.5%)
[2026-02-08 03:24:21] INFO    Hours:                95 ( 97.9%)
[2026-02-08 03:24:21] INFO    Rating:               97 (100.0%)
[2026-02-08 03:24:21] INFO    Takeout flag:         96 ( 99.0%)
[2026-02-08 03:24:21] INFO  
[2026-02-08 03:24:21] INFO  AVG RATING:           3.92
[2026-02-08 03:24:21] INFO  
[2026-02-08 03:24:21] INFO  PRICE LEVELS:
[2026-02-08 03:24:21] INFO    PRICE_LEVEL_INEXPENSIVE               58 ( 59.8%)
[2026-02-08 03:24:21] INFO    PRICE_LEVEL_MODERATE                  28 ( 28.9%)
[2026-02-08 03:24:21] INFO    UNKNOWN                               11 ( 11.3%)
[2026-02-08 03:24:21] INFO  
[2026-02-08 03:24:21] INFO  TOP STATES:
[2026-02-08 03:24:21] INFO    NC           97 (100.0%)
[2026-02-08 03:24:21] INFO  ============================================================
[2026-02-08 03:24:21] INFO  
[2026-02-08 03:24:21] INFO  CSV written to: /data/chinese_restaurants.csv
