[2026-02-08 03:21:55] INFO  Log file: /data/logs/fetch_20260208_032155.log
[2026-02-08 03:21:55] INFO  ============================================================
[2026-02-08 03:21:55] INFO    Metros:             1
[2026-02-08 03:21:55] INFO    Total grid cells:   5
[2026-02-08 03:21:55] INFO    Already completed:  0
[2026-02-08 03:21:55] INFO    Remaining cells:    5
[2026-02-08 03:21:55] INFO    Estimated cost:     $0.18
[2026-02-08 03:21:55] INFO    Cache:              enabled (TTL=30d)
[2026-02-08 03:21:55] INFO  ============================================================
[2026-02-08 03:21:55] INFO  
[2026-02-08 03:21:55] INFO  Fetching Chinese takeout restaurants from 1 metro area(s)...
[2026-02-08 03:21:55] INFO  
[2026-02-08 03:21:55] INFO    Ann Arbor, MI: 5 cells (0 cached, 5 remaining)
[2026-02-08 03:21:55] DEBUG     Cache miss at (42.2132, -83.7430); querying API
[2026-02-08 03:21:55] INFO      Cell 1/5: +4 new (4 total)
[2026-02-08 03:21:55] DEBUG     Cache miss at (42.2808, -83.8343); querying API
[2026-02-08 03:21:56] INFO      Cell 2/5: +5 new (9 total)
[2026-02-08 03:21:56] DEBUG     Cache miss at (42.2808, -83.7430); querying API
[2026-02-08 03:21:57] INFO      Cell 3/5: +12 new (21 total)
[2026-02-08 03:21:57] DEBUG     Cache miss at (42.2808, -83.6517); querying API
[2026-02-08 03:21:57] INFO      Cell 4/5: +9 new (30 total)
[2026-02-08 03:21:57] DEBUG     Cache miss at (42.3484, -83.7430); querying API
[2026-02-08 03:21:58] INFO    -> Ann Arbor: 30 restaurants (running total: 30)
[2026-02-08 03:21:58] INFO  
[2026-02-08 03:21:58] INFO  
[2026-02-08 03:21:58] INFO  ============================================================
[2026-02-08 03:21:58] INFO  FETCH SUMMARY
[2026-02-08 03:21:58] INFO  ============================================================
[2026-02-08 03:21:58] INFO  Total restaurants:    30
[2026-02-08 03:21:58] INFO  API calls made:       5
[2026-02-08 03:21:58] INFO  Cache hits/misses:    0/5
[2026-02-08 03:21:58] INFO  Estimated cost:       $0.18
[2026-02-08 03:21:58] INFO  
[2026-02-08 03:21:58] INFO  FIELD COMPLETENESS:
[2026-02-08 03:21:58] INFO    Phone:                29 ( 96.7%)
[2026-02-08 03:21:58] INFO    Website:              29 ( 96.7%)
[2026-02-08 03:21:58] INFO    Hours:                30 (100.0%)
[2026-02-08 03:21:58] INFO    Rating:               30 (100.0%)
[2026-02-08 03:21:58] INFO    Takeout flag:         30 (100.0%)
[2026-02-08 03:21:58] INFO  
[2026-02-08 03:21:58] INFO  AVG RATING:           4.04
[2026-02-08 03:21:58] INFO  
[2026-02-08 03:21:58] INFO  PRICE LEVELS:
[2026-02-08 03:21:58] INFO    PRICE_LEVEL_INEXPENSIVE               16 ( 53.3%)
[2026-02-08 03:21:58] INFO    PRICE_LEVEL_MODERATE                  12 ( 40.0%)
[2026-02-08 03:21:58] INFO    UNKNOWN                                2 (  6.7%)
[2026-02-08 03:21:58] INFO  
[2026-02-08 03:21:58] INFO  TOP STATES:
[2026-02-08 03:21:58] INFO    MI           30 (100.0%)
[2026-02-08 03:21:58] INFO  ============================================================
[2026-02-08 03:21:58] INFO  
[2026-02-08 03:21:58] INFO  CSV written to: /data/chinese_restaurants.csv
