[2026-02-08 03:09:33] INFO  Log file: /data/logs/fetch_20260208_030933.log
[2026-02-08 03:09:33] INFO  ============================================================
[2026-02-08 03:09:33] INFO    Metros:             1
[2026-02-08 03:09:33] INFO    Total grid cells:   21
[2026-02-08 03:09:33] INFO    Already completed:  0
[2026-02-08 03:09:33] INFO    Remaining cells:    21
[2026-02-08 03:09:33] INFO    Estimated cost:     $0.74
[2026-02-08 03:09:33] INFO    Cache:              enabled (TTL=30d)
[2026-02-08 03:09:33] INFO  ============================================================
[2026-02-08 03:09:33] INFO  
[2026-02-08 03:09:33] INFO  Fetching Chinese takeout restaurants from 1 metro area(s)...
[2026-02-08 03:09:33] INFO  
[2026-02-08 03:09:33] INFO    Miami, FL: 21 cells (0 cached, 21 remaining)
[2026-02-08 03:09:33] DEBUG     Cache miss at (25.6266, -80.2668); querying API
[2026-02-08 03:09:34] DEBUG     Cache miss at (25.6266, -80.1918); querying API
[2026-02-08 03:09:34] DEBUG     Cache miss at (25.6266, -80.1168); querying API
[2026-02-08 03:09:35] DEBUG     Cache miss at (25.6941, -80.3418); querying API
[2026-02-08 03:09:36] INFO      Filtered: miamil restaurant (status=CLOSED_TEMPORARILY)
[2026-02-08 03:09:36] INFO      Cell 4/21: +15 new (15 total)
[2026-02-08 03:09:36] DEBUG     Cache miss at (25.6941, -80.2668); querying API
[2026-02-08 03:09:37] INFO      Cell 5/21: +2 new (17 total)
[2026-02-08 03:09:37] DEBUG     Cache miss at (25.6941, -80.1918); querying API
[2026-02-08 03:09:37] DEBUG     Cache miss at (25.6941, -80.1168); querying API
[2026-02-08 03:09:38] DEBUG     Cache miss at (25.6941, -80.0418); querying API
[2026-02-08 03:09:39] DEBUG     Cache miss at (25.7617, -80.3418); querying API
[2026-02-08 03:09:39] INFO      Cell 9/21: +17 new (34 total)
[2026-02-08 03:09:39] DEBUG     Cache miss at (25.7617, -80.2668); querying API
[2026-02-08 03:09:40] INFO      Cell 10/21: +18 new (52 total)
[2026-02-08 03:09:40] DEBUG     Saved state at cell 10/21
[2026-02-08 03:09:40] DEBUG     Cache miss at (25.7617, -80.1918); querying API
[2026-02-08 03:09:41] INFO      Filtered: Novikov Miami (price=PRICE_LEVEL_VERY_EXPENSIVE)
[2026-02-08 03:09:41] INFO      Filtered: Da Tang Zhen Wei Restaurant (status=CLOSED_TEMPORARILY)
[2026-02-08 03:09:41] INFO      Cell 11/21: +13 new (65 total)
[2026-02-08 03:09:41] DEBUG     Cache miss at (25.7617, -80.1168); querying API
[2026-02-08 03:09:42] INFO      Filtered: Jaya at The Setai (price=PRICE_LEVEL_VERY_EXPENSIVE)
[2026-02-08 03:09:42] INFO      Filtered: Mr Chow (price=PRICE_LEVEL_VERY_EXPENSIVE)
[2026-02-08 03:09:42] INFO      Cell 12/21: +3 new (68 total)
[2026-02-08 03:09:42] DEBUG     Cache miss at (25.7617, -80.0418); querying API
[2026-02-08 03:09:42] DEBUG     Cache miss at (25.8293, -80.3418); querying API
[2026-02-08 03:09:43] INFO      Cell 14/21: +12 new (80 total)
[2026-02-08 03:09:43] DEBUG     Cache miss at (25.8293, -80.2668); querying API
[2026-02-08 03:09:44] INFO      Filtered: Yum Healthy Fast Food (status=CLOSED_TEMPORARILY)
[2026-02-08 03:09:44] INFO      Filtered: MR DRAGON (status=CLOSED_TEMPORARILY)
[2026-02-08 03:09:44] INFO      Cell 15/21: +11 new (91 total)
[2026-02-08 03:09:44] DEBUG     Cache miss at (25.8293, -80.1918); querying API
[2026-02-08 03:09:45] INFO      Cell 16/21: +6 new (97 total)
[2026-02-08 03:09:45] DEBUG     Cache miss at (25.8293, -80.1168); querying API
[2026-02-08 03:09:45] INFO      Filtered: Hakkasan Miami (price=PRICE_LEVEL_VERY_EXPENSIVE)
[2026-02-08 03:09:45] INFO      Cell 17/21: +5 new (102 total)
[2026-02-08 03:09:45] DEBUG     Cache miss at (25.8293, -80.0418); querying API
[2026-02-08 03:09:46] DEBUG     Cache miss at (25.8968, -80.2668); querying API
[2026-02-08 03:09:47] INFO      Cell 19/21: +7 new (109 total)
[2026-02-08 03:09:47] DEBUG     Cache miss at (25.8968, -80.1918); querying API
[2026-02-08 03:09:47] INFO      Filtered: Bamboo Garden Restaurant (status=CLOSED_TEMPORARILY)
[2026-02-08 03:09:47] INFO      Cell 20/21: +15 new (124 total)
[2026-02-08 03:09:47] DEBUG     Saved state at cell 20/21
[2026-02-08 03:09:47] DEBUG     Cache miss at (25.8968, -80.1168); querying API
[2026-02-08 03:09:48] INFO    Filtered out 9 restaurants
[2026-02-08 03:09:48] INFO    -> Miami: 124 restaurants (running total: 124)
[2026-02-08 03:09:48] INFO  
[2026-02-08 03:09:48] INFO  
[2026-02-08 03:09:48] INFO  ============================================================
[2026-02-08 03:09:48] INFO  FETCH SUMMARY
[2026-02-08 03:09:48] INFO  ============================================================
[2026-02-08 03:09:48] INFO  Total restaurants:    124
[2026-02-08 03:09:48] INFO  API calls made:       21
[2026-02-08 03:09:48] INFO  Cache hits/misses:    0/21
[2026-02-08 03:09:48] INFO  Estimated cost:       $0.74
[2026-02-08 03:09:48] INFO  
[2026-02-08 03:09:48] INFO  FIELD COMPLETENESS:
[2026-02-08 03:09:48] INFO    Phone:               120 ( 96.8%)
[2026-02-08 03:09:48] INFO    Website:             100 ( 80.6%)
[2026-02-08 03:09:48] INFO    Hours:               123 ( 99.2%)
[2026-02-08 03:09:48] INFO    Rating:              122 ( 98.4%)
[2026-02-08 03:09:48] INFO    Takeout flag:        124 (100.0%)
[2026-02-08 03:09:48] INFO  
[2026-02-08 03:09:48] INFO  AVG RATING:           4.15
[2026-02-08 03:09:48] INFO  
[2026-02-08 03:09:48] INFO  PRICE LEVELS:
[2026-02-08 03:09:48] INFO    PRICE_LEVEL_INEXPENSIVE               57 ( 46.0%)
[2026-02-08 03:09:48] INFO    PRICE_LEVEL_MODERATE                  52 ( 41.9%)
[2026-02-08 03:09:48] INFO    UNKNOWN                               14 ( 11.3%)
[2026-02-08 03:09:48] INFO    PRICE_LEVEL_EXPENSIVE                  1 (  0.8%)
[2026-02-08 03:09:48] INFO  
[2026-02-08 03:09:48] INFO  TOP STATES:
[2026-02-08 03:09:48] INFO    FL          124 (100.0%)
[2026-02-08 03:09:48] INFO  ============================================================
[2026-02-08 03:09:48] INFO  
[2026-02-08 03:09:48] INFO  CSV written to: /data/chinese_restaurants.csv
