[2026-02-08 03:29:06] INFO  Log file: /data/logs/fetch_20260208_032906.log
[2026-02-08 03:29:06] INFO  ============================================================
[2026-02-08 03:29:06] INFO    Metros:             1
[2026-02-08 03:29:06] INFO    Total grid cells:   5
[2026-02-08 03:29:06] INFO    Already completed:  0
[2026-02-08 03:29:06] INFO    Remaining cells:    5
[2026-02-08 03:29:06] INFO    Estimated cost:     $0.18
[2026-02-08 03:29:06] INFO    Cache:              enabled (TTL=30d)
[2026-02-08 03:29:06] INFO  ============================================================
[2026-02-08 03:29:06] INFO  
[2026-02-08 03:29:06] INFO  Fetching Chinese takeout restaurants from 1 metro area(s)...
[2026-02-08 03:29:06] INFO  
[2026-02-08 03:29:06] INFO    Virginia Beach, VA: 5 cells (0 cached, 5 remaining)
[2026-02-08 03:29:06] DEBUG     Cache miss at (36.7853, -75.9780); querying API
[2026-02-08 03:29:07] INFO      Cell 1/5: +6 new (6 total)
[2026-02-08 03:29:07] DEBUG     Cache miss at (36.8529, -76.0624); querying API
[2026-02-08 03:29:08] INFO      Cell 2/5: +15 new (21 total)
[2026-02-08 03:29:08] DEBUG     Cache miss at (36.8529, -75.9780); querying API
[2026-02-08 03:29:08] INFO      Cell 3/5: +3 new (24 total)
[2026-02-08 03:29:08] DEBUG     Cache miss at (36.8529, -75.8936); querying API
[2026-02-08 03:29:09] DEBUG     Cache miss at (36.9205, -75.9780); querying API
[2026-02-08 03:29:10] INFO    -> Virginia Beach: 24 restaurants (running total: 24)
[2026-02-08 03:29:10] INFO  
[2026-02-08 03:29:10] INFO  
[2026-02-08 03:29:10] INFO  ============================================================
[2026-02-08 03:29:10] INFO  FETCH SUMMARY
[2026-02-08 03:29:10] INFO  ============================================================
[2026-02-08 03:29:10] INFO  Total restaurants:    24
[2026-02-08 03:29:10] INFO  API calls made:       5
[2026-02-08 03:29:10] INFO  Cache hits/misses:    0/5
[2026-02-08 03:29:10] INFO  Estimated cost:       $0.18
[2026-02-08 03:29:10] INFO  
[2026-02-08 03:29:10] INFO  FIELD COMPLETENESS:
[2026-02-08 03:29:10] INFO    Phone:                24 (100.0%)
[2026-02-08 03:29:10] INFO    Website:              21 ( 87.5%)
[2026-02-08 03:29:10] INFO    Hours:                24 (100.0%)
[2026-02-08 03:29:10] INFO    Rating:               24 (100.0%)
[2026-02-08 03:29:10] INFO    Takeout flag:         24 (100.0%)
[2026-02-08 03:29:10] INFO  
[2026-02-08 03:29:10] INFO  AVG RATING:           4.02
[2026-02-08 03:29:10] INFO  
[2026-02-08 03:29:10] INFO  PRICE LEVELS:
[2026-02-08 03:29:10] INFO    PRICE_LEVEL_INEXPENSIVE               18 ( 75.0%)
[2026-02-08 03:29:10] INFO    PRICE_LEVEL_MODERATE                   4 ( 16.7%)
[2026-02-08 03:29:10] INFO    PRICE_LEVEL_EXPENSIVE                  1 (  4.2%)
[2026-02-08 03:29:10] INFO    UNKNOWN                                1 (  4.2%)
[2026-02-08 03:29:10] INFO  
[2026-02-08 03:29:10] INFO  TOP STATES:
[2026-02-08 03:29:10] INFO    VA           24 (100.0%)
[2026-02-08 03:29:10] INFO  ============================================================
[2026-02-08 03:29:10] INFO  
[2026-02-08 03:29:10] INFO  CSV written to: /data/chinese_restaurants.csv
