[2026-02-08 03:08:42] INFO  Log file: /data/logs/fetch_20260208_030842.log
[2026-02-08 03:08:42] INFO  ============================================================
[2026-02-08 03:08:42] INFO    Metros:             1
[2026-02-08 03:08:42] INFO    Total grid cells:   21
[2026-02-08 03:08:42] INFO    Already completed:  0
[2026-02-08 03:08:42] INFO    Remaining cells:    21
[2026-02-08 03:08:42] INFO    Estimated cost:     $0.74
[2026-02-08 03:08:42] INFO    Cache:              enabled (TTL=30d)
[2026-02-08 03:08:42] INFO  ============================================================
[2026-02-08 03:08:42] INFO  
[2026-02-08 03:08:42] INFO  Fetching Chinese takeout restaurants from 1 metro area(s)...
[2026-02-08 03:08:42] INFO  
[2026-02-08 03:08:42] INFO    Denver, CO: 21 cells (0 cached, 21 remaining)
[2026-02-08 03:08:42] DEBUG     Cache miss at (39.6041, -105.0782); querying API
[2026-02-08 03:08:42] INFO      Cell 1/21: +9 new (9 total)
[2026-02-08 03:08:42] DEBUG     Cache miss at (39.6041, -104.9903); querying API
[2026-02-08 03:08:43] INFO      Cell 2/21: +6 new (15 total)
[2026-02-08 03:08:43] DEBUG     Cache miss at (39.6041, -104.9024); querying API
[2026-02-08 03:08:44] INFO      Cell 3/21: +19 new (34 total)
[2026-02-08 03:08:44] DEBUG     Cache miss at (39.6716, -105.1660); querying API
[2026-02-08 03:08:45] INFO      Cell 4/21: +2 new (36 total)
[2026-02-08 03:08:45] DEBUG     Cache miss at (39.6716, -105.0782); querying API
[2026-02-08 03:08:45] INFO      Cell 5/21: +11 new (47 total)
[2026-02-08 03:08:45] DEBUG     Cache miss at (39.6716, -104.9903); querying API
[2026-02-08 03:08:46] INFO      Cell 6/21: +18 new (65 total)
[2026-02-08 03:08:46] DEBUG     Cache miss at (39.6716, -104.9024); querying API
[2026-02-08 03:08:47] INFO      Cell 7/21: +15 new (80 total)
[2026-02-08 03:08:47] DEBUG     Cache miss at (39.6716, -104.8146); querying API
[2026-02-08 03:08:48] INFO      Cell 8/21: +12 new (92 total)
[2026-02-08 03:08:48] DEBUG     Cache miss at (39.7392, -105.1660); querying API
[2026-02-08 03:08:49] INFO      Cell 9/21: +8 new (100 total)
[2026-02-08 03:08:49] DEBUG     Cache miss at (39.7392, -105.0782); querying API
[2026-02-08 03:08:50] INFO      Cell 10/21: +11 new (111 total)
[2026-02-08 03:08:50] DEBUG     Saved state at cell 10/21
[2026-02-08 03:08:50] DEBUG     Cache miss at (39.7392, -104.9903); querying API
[2026-02-08 03:08:51] INFO      Cell 11/21: +17 new (128 total)
[2026-02-08 03:08:51] DEBUG     Cache miss at (39.7392, -104.9024); querying API
[2026-02-08 03:08:51] INFO      Cell 12/21: +16 new (144 total)
[2026-02-08 03:08:51] DEBUG     Cache miss at (39.7392, -104.8146); querying API
[2026-02-08 03:08:52] INFO      Cell 13/21: +8 new (152 total)
[2026-02-08 03:08:52] DEBUG     Cache miss at (39.8068, -105.1660); querying API
[2026-02-08 03:08:53] INFO      Cell 14/21: +4 new (156 total)
[2026-02-08 03:08:53] DEBUG     Cache miss at (39.8068, -105.0782); querying API
[2026-02-08 03:08:54] INFO      Cell 15/21: +10 new (166 total)
[2026-02-08 03:08:54] DEBUG     Cache miss at (39.8068, -104.9903); querying API
[2026-02-08 03:08:54] INFO      Cell 16/21: +6 new (172 total)
[2026-02-08 03:08:54] DEBUG     Cache miss at (39.8068, -104.9024); querying API
[2026-02-08 03:08:55] INFO      Cell 17/21: +4 new (176 total)
[2026-02-08 03:08:55] DEBUG     Cache miss at (39.8068, -104.8146); querying API
[2026-02-08 03:08:56] INFO      Cell 18/21: +3 new (179 total)
[2026-02-08 03:08:56] DEBUG     Cache miss at (39.8743, -105.0782); querying API
[2026-02-08 03:08:57] INFO      Filtered: Tasty Express (status=CLOSED_TEMPORARILY)
[2026-02-08 03:08:57] INFO      Filtered: Imperial Chinese Kitchen (status=CLOSED_TEMPORARILY)
[2026-02-08 03:08:57] INFO      Cell 19/21: +11 new (190 total)
[2026-02-08 03:08:57] DEBUG     Cache miss at (39.8743, -104.9903); querying API
[2026-02-08 03:08:57] INFO      Cell 20/21: +13 new (203 total)
[2026-02-08 03:08:57] DEBUG     Saved state at cell 20/21
[2026-02-08 03:08:57] DEBUG     Cache miss at (39.8743, -104.9024); querying API
[2026-02-08 03:08:58] INFO      Cell 21/21: +1 new (204 total)
[2026-02-08 03:08:58] INFO    Filtered out 2 restaurants
[2026-02-08 03:08:58] INFO    -> Denver: 204 restaurants (running total: 204)
[2026-02-08 03:08:58] INFO  
[2026-02-08 03:08:58] INFO  
[2026-02-08 03:08:58] INFO  ============================================================
[2026-02-08 03:08:58] INFO  FETCH SUMMARY
[2026-02-08 03:08:58] INFO  ============================================================
[2026-02-08 03:08:58] INFO  Total restaurants:    204
[2026-02-08 03:08:58] INFO  API calls made:       21
[2026-02-08 03:08:58] INFO  Cache hits/misses:    0/21
[2026-02-08 03:08:58] INFO  Estimated cost:       $0.74
[2026-02-08 03:08:58] INFO  
[2026-02-08 03:08:58] INFO  FIELD COMPLETENESS:
[2026-02-08 03:08:58] INFO    Phone:               203 ( 99.5%)
[2026-02-08 03:08:58] INFO    Website:             183 ( 89.7%)
[2026-02-08 03:08:58] INFO    Hours:               203 ( 99.5%)
[2026-02-08 03:08:58] INFO    Rating:              204 (100.0%)
[2026-02-08 03:08:58] INFO    Takeout flag:        202 ( 99.0%)
[2026-02-08 03:08:58] INFO  
[2026-02-08 03:08:58] INFO  AVG RATING:           4.13
[2026-02-08 03:08:58] INFO  
[2026-02-08 03:08:58] INFO  PRICE LEVELS:
[2026-02-08 03:08:58] INFO    PRICE_LEVEL_INEXPENSIVE               95 ( 46.6%)
[2026-02-08 03:08:58] INFO    PRICE_LEVEL_MODERATE                  89 ( 43.6%)
[2026-02-08 03:08:58] INFO    UNKNOWN                               18 (  8.8%)
[2026-02-08 03:08:58] INFO    PRICE_LEVEL_EXPENSIVE                  2 (  1.0%)
[2026-02-08 03:08:58] INFO  
[2026-02-08 03:08:58] INFO  TOP STATES:
[2026-02-08 03:08:58] INFO    CO          204 (100.0%)
[2026-02-08 03:08:58] INFO  ============================================================
[2026-02-08 03:08:58] INFO  
[2026-02-08 03:08:58] INFO  CSV written to: /data/chinese_restaurants.csv
