[2026-02-08 03:28:05] INFO  Log file: /data/logs/fetch_20260208_032805.log
[2026-02-08 03:28:05] INFO  ============================================================
[2026-02-08 03:28:05] INFO    Metros:             1
[2026-02-08 03:28:05] INFO    Total grid cells:   37
[2026-02-08 03:28:05] INFO    Already completed:  0
[2026-02-08 03:28:05] INFO    Remaining cells:    37
[2026-02-08 03:28:05] INFO    Estimated cost:     $1.30
[2026-02-08 03:28:05] INFO    Cache:              enabled (TTL=30d)
[2026-02-08 03:28:05] INFO  ============================================================
[2026-02-08 03:28:05] INFO  
[2026-02-08 03:28:05] INFO  Fetching Chinese takeout restaurants from 1 metro area(s)...
[2026-02-08 03:28:05] INFO  
[2026-02-08 03:28:05] INFO    Houston, TX: 37 cells (0 cached, 37 remaining)
[2026-02-08 03:28:05] DEBUG     Cache miss at (29.5577, -95.4476); querying API
[2026-02-08 03:28:06] INFO      Cell 1/37: +2 new (2 total)
[2026-02-08 03:28:06] DEBUG     Cache miss at (29.5577, -95.3698); querying API
[2026-02-08 03:28:07] INFO      Cell 2/37: +9 new (11 total)
[2026-02-08 03:28:07] DEBUG     Cache miss at (29.5577, -95.2920); querying API
[2026-02-08 03:28:07] INFO      Cell 3/37: +2 new (13 total)
[2026-02-08 03:28:07] DEBUG     Cache miss at (29.6253, -95.5255); querying API
[2026-02-08 03:28:08] INFO      Cell 4/37: +8 new (21 total)
[2026-02-08 03:28:08] DEBUG     Cache miss at (29.6253, -95.4476); querying API
[2026-02-08 03:28:09] INFO      Cell 5/37: +3 new (24 total)
[2026-02-08 03:28:09] DEBUG     Cache miss at (29.6253, -95.3698); querying API
[2026-02-08 03:28:10] INFO      Cell 6/37: +2 new (26 total)
[2026-02-08 03:28:10] DEBUG     Cache miss at (29.6253, -95.2920); querying API
[2026-02-08 03:28:10] DEBUG     Cache miss at (29.6253, -95.2141); querying API
[2026-02-08 03:28:11] INFO      Cell 8/37: +8 new (34 total)
[2026-02-08 03:28:11] DEBUG     Cache miss at (29.6928, -95.6033); querying API
[2026-02-08 03:28:12] INFO      Cell 9/37: +20 new (54 total)
[2026-02-08 03:28:12] DEBUG     Cache miss at (29.6928, -95.5255); querying API
[2026-02-08 03:28:13] INFO      Cell 10/37: +13 new (67 total)
[2026-02-08 03:28:13] DEBUG     Saved state at cell 10/37
[2026-02-08 03:28:13] DEBUG     Cache miss at (29.6928, -95.4476); querying API
[2026-02-08 03:28:14] INFO      Cell 11/37: +19 new (86 total)
[2026-02-08 03:28:14] DEBUG     Cache miss at (29.6928, -95.3698); querying API
[2026-02-08 03:28:14] INFO      Filtered: Duck House (status=CLOSED_TEMPORARILY)
[2026-02-08 03:28:14] INFO      Filtered: Panda Express (status=CLOSED_TEMPORARILY)
[2026-02-08 03:28:14] INFO      Cell 12/37: +11 new (97 total)
[2026-02-08 03:28:14] DEBUG     Cache miss at (29.6928, -95.2920); querying API
[2026-02-08 03:28:15] INFO      Cell 13/37: +9 new (106 total)
[2026-02-08 03:28:15] DEBUG     Cache miss at (29.6928, -95.2141); querying API
[2026-02-08 03:28:16] INFO      Cell 14/37: +7 new (113 total)
[2026-02-08 03:28:16] DEBUG     Cache miss at (29.6928, -95.1363); querying API
[2026-02-08 03:28:17] INFO      Filtered: Noodle Master (status=CLOSED_TEMPORARILY)
[2026-02-08 03:28:17] INFO      Cell 15/37: +5 new (118 total)
[2026-02-08 03:28:17] DEBUG     Cache miss at (29.7604, -95.6033); querying API
[2026-02-08 03:28:17] INFO      Filtered: Lucky Village (status=CLOSED_TEMPORARILY)
[2026-02-08 03:28:17] INFO      Filtered: Chef Ding (status=CLOSED_TEMPORARILY)
[2026-02-08 03:28:17] INFO      Filtered: China Express (status=CLOSED_TEMPORARILY)
[2026-02-08 03:28:17] INFO      Cell 16/37: +16 new (134 total)
[2026-02-08 03:28:17] DEBUG     Cache miss at (29.7604, -95.5255); querying API
[2026-02-08 03:28:18] INFO      Cell 17/37: +16 new (150 total)
[2026-02-08 03:28:18] DEBUG     Cache miss at (29.7604, -95.4476); querying API
[2026-02-08 03:28:19] INFO      Cell 18/37: +13 new (163 total)
[2026-02-08 03:28:19] DEBUG     Cache miss at (29.7604, -95.3698); querying API
[2026-02-08 03:28:19] INFO      Cell 19/37: +13 new (176 total)
[2026-02-08 03:28:19] DEBUG     Cache miss at (29.7604, -95.2920); querying API
[2026-02-08 03:28:20] DEBUG     Saved state at cell 20/37
[2026-02-08 03:28:20] DEBUG     Cache miss at (29.7604, -95.2141); querying API
[2026-02-08 03:28:21] INFO      Cell 21/37: +5 new (181 total)
[2026-02-08 03:28:21] DEBUG     Cache miss at (29.7604, -95.1363); querying API
[2026-02-08 03:28:22] INFO      Cell 22/37: +1 new (182 total)
[2026-02-08 03:28:22] DEBUG     Cache miss at (29.8280, -95.6033); querying API
[2026-02-08 03:28:22] INFO      Cell 23/37: +4 new (186 total)
[2026-02-08 03:28:22] DEBUG     Cache miss at (29.8280, -95.5255); querying API
[2026-02-08 03:28:23] INFO      Cell 24/37: +10 new (196 total)
[2026-02-08 03:28:23] DEBUG     Cache miss at (29.8280, -95.4476); querying API
[2026-02-08 03:28:24] INFO      Cell 25/37: +13 new (209 total)
[2026-02-08 03:28:24] DEBUG     Cache miss at (29.8280, -95.3698); querying API
[2026-02-08 03:28:25] INFO      Cell 26/37: +10 new (219 total)
[2026-02-08 03:28:25] DEBUG     Cache miss at (29.8280, -95.2920); querying API
[2026-02-08 03:28:25] DEBUG     Cache miss at (29.8280, -95.2141); querying API
[2026-02-08 03:28:26] INFO      Cell 28/37: +2 new (221 total)
[2026-02-08 03:28:26] DEBUG     Cache miss at (29.8280, -95.1363); querying API
[2026-02-08 03:28:27] INFO      Cell 29/37: +3 new (224 total)
[2026-02-08 03:28:27] DEBUG     Cache miss at (29.8955, -95.5255); querying API
[2026-02-08 03:28:28] INFO      Cell 30/37: +6 new (230 total)
[2026-02-08 03:28:28] DEBUG     Saved state at cell 30/37
[2026-02-08 03:28:28] DEBUG     Cache miss at (29.8955, -95.4476); querying API
[2026-02-08 03:28:28] INFO      Cell 31/37: +2 new (232 total)
[2026-02-08 03:28:28] DEBUG     Cache miss at (29.8955, -95.3698); querying API
[2026-02-08 03:28:29] INFO      Cell 32/37: +2 new (234 total)
[2026-02-08 03:28:29] DEBUG     Cache miss at (29.8955, -95.2920); querying API
[2026-02-08 03:28:30] INFO      Cell 33/37: +2 new (236 total)
[2026-02-08 03:28:30] DEBUG     Cache miss at (29.8955, -95.2141); querying API
[2026-02-08 03:28:31] INFO      Cell 34/37: +3 new (239 total)
[2026-02-08 03:28:31] DEBUG     Cache miss at (29.9631, -95.4476); querying API
[2026-02-08 03:28:32] INFO      Cell 35/37: +9 new (248 total)
[2026-02-08 03:28:32] DEBUG     Cache miss at (29.9631, -95.3698); querying API
[2026-02-08 03:28:32] INFO      Filtered: Mr Soysauce (status=CLOSED_TEMPORARILY)
[2026-02-08 03:28:32] INFO      Cell 36/37: +3 new (251 total)
[2026-02-08 03:28:32] DEBUG     Cache miss at (29.9631, -95.2920); querying API
[2026-02-08 03:28:33] INFO      Cell 37/37: +9 new (260 total)
[2026-02-08 03:28:33] INFO    Filtered out 7 restaurants
[2026-02-08 03:28:33] INFO    -> Houston: 260 restaurants (running total: 260)
[2026-02-08 03:28:33] INFO  
[2026-02-08 03:28:33] INFO  
[2026-02-08 03:28:33] INFO  ============================================================
[2026-02-08 03:28:33] INFO  FETCH SUMMARY
[2026-02-08 03:28:33] INFO  ============================================================
[2026-02-08 03:28:33] INFO  Total restaurants:    260
[2026-02-08 03:28:33] INFO  API calls made:       37
[2026-02-08 03:28:33] INFO  Cache hits/misses:    0/37
[2026-02-08 03:28:33] INFO  Estimated cost:       $1.30
[2026-02-08 03:28:33] INFO  
[2026-02-08 03:28:33] INFO  FIELD COMPLETENESS:
[2026-02-08 03:28:33] INFO    Phone:               255 ( 98.1%)
[2026-02-08 03:28:33] INFO    Website:             214 ( 82.3%)
[2026-02-08 03:28:33] INFO    Hours:               257 ( 98.8%)
[2026-02-08 03:28:33] INFO    Rating:              256 ( 98.5%)
[2026-02-08 03:28:33] INFO    Takeout flag:        259 ( 99.6%)
[2026-02-08 03:28:33] INFO  
[2026-02-08 03:28:33] INFO  AVG RATING:           4.12
[2026-02-08 03:28:33] INFO  
[2026-02-08 03:28:33] INFO  PRICE LEVELS:
[2026-02-08 03:28:33] INFO    PRICE_LEVEL_INEXPENSIVE              144 ( 55.4%)
[2026-02-08 03:28:33] INFO    PRICE_LEVEL_MODERATE                  93 ( 35.8%)
[2026-02-08 03:28:33] INFO    UNKNOWN                               23 (  8.8%)
[2026-02-08 03:28:33] INFO  
[2026-02-08 03:28:33] INFO  TOP STATES:
[2026-02-08 03:28:33] INFO    TX          260 (100.0%)
[2026-02-08 03:28:33] INFO  ============================================================
[2026-02-08 03:28:33] INFO  
[2026-02-08 03:28:33] INFO  CSV written to: /data/chinese_restaurants.csv
