[2026-02-08 03:25:45] INFO  Log file: /data/logs/fetch_20260208_032545.log
[2026-02-08 03:25:45] INFO  ============================================================
[2026-02-08 03:25:45] INFO    Metros:             1
[2026-02-08 03:25:45] INFO    Total grid cells:   5
[2026-02-08 03:25:45] INFO    Already completed:  0
[2026-02-08 03:25:45] INFO    Remaining cells:    5
[2026-02-08 03:25:45] INFO    Estimated cost:     $0.18
[2026-02-08 03:25:45] INFO    Cache:              enabled (TTL=30d)
[2026-02-08 03:25:45] INFO  ============================================================
[2026-02-08 03:25:45] INFO  
[2026-02-08 03:25:45] INFO  Fetching Chinese takeout restaurants from 1 metro area(s)...
[2026-02-08 03:25:45] INFO  
[2026-02-08 03:25:45] INFO    Syracuse, NY: 5 cells (0 cached, 5 remaining)
[2026-02-08 03:25:45] DEBUG     Cache miss at (42.9805, -76.1474); querying API
[2026-02-08 03:25:45] INFO      Cell 1/5: +3 new (3 total)
[2026-02-08 03:25:45] DEBUG     Cache miss at (43.0481, -76.2399); querying API
[2026-02-08 03:25:46] INFO      Cell 2/5: +5 new (8 total)
[2026-02-08 03:25:46] DEBUG     Cache miss at (43.0481, -76.1474); querying API
[2026-02-08 03:25:47] INFO      Cell 3/5: +17 new (25 total)
[2026-02-08 03:25:47] DEBUG     Cache miss at (43.0481, -76.0549); querying API
[2026-02-08 03:25:48] INFO      Cell 4/5: +5 new (30 total)
[2026-02-08 03:25:48] DEBUG     Cache miss at (43.1157, -76.1474); querying API
[2026-02-08 03:25:48] INFO      Cell 5/5: +7 new (37 total)
[2026-02-08 03:25:48] INFO    -> Syracuse: 37 restaurants (running total: 37)
[2026-02-08 03:25:48] INFO  
[2026-02-08 03:25:48] INFO  
[2026-02-08 03:25:48] INFO  ============================================================
[2026-02-08 03:25:48] INFO  FETCH SUMMARY
[2026-02-08 03:25:48] INFO  ============================================================
[2026-02-08 03:25:48] INFO  Total restaurants:    37
[2026-02-08 03:25:48] INFO  API calls made:       5
[2026-02-08 03:25:48] INFO  Cache hits/misses:    0/5
[2026-02-08 03:25:48] INFO  Estimated cost:       $0.18
[2026-02-08 03:25:48] INFO  
[2026-02-08 03:25:48] INFO  FIELD COMPLETENESS:
[2026-02-08 03:25:48] INFO    Phone:                36 ( 97.3%)
[2026-02-08 03:25:48] INFO    Website:              29 ( 78.4%)
[2026-02-08 03:25:48] INFO    Hours:                36 ( 97.3%)
[2026-02-08 03:25:48] INFO    Rating:               36 ( 97.3%)
[2026-02-08 03:25:48] INFO    Takeout flag:         36 ( 97.3%)
[2026-02-08 03:25:48] INFO  
[2026-02-08 03:25:48] INFO  AVG RATING:           4.10
[2026-02-08 03:25:48] INFO  
[2026-02-08 03:25:48] INFO  PRICE LEVELS:
[2026-02-08 03:25:48] INFO    PRICE_LEVEL_INEXPENSIVE               21 ( 56.8%)
[2026-02-08 03:25:48] INFO    PRICE_LEVEL_MODERATE                  14 ( 37.8%)
[2026-02-08 03:25:48] INFO    UNKNOWN                                2 (  5.4%)
[2026-02-08 03:25:48] INFO  
[2026-02-08 03:25:48] INFO  TOP STATES:
[2026-02-08 03:25:48] INFO    NY           37 (100.0%)
[2026-02-08 03:25:48] INFO  ============================================================
[2026-02-08 03:25:48] INFO  
[2026-02-08 03:25:48] INFO  CSV written to: /data/chinese_restaurants.csv
