[2026-02-08 03:24:41] INFO  Log file: /data/logs/fetch_20260208_032441.log
[2026-02-08 03:24:41] INFO  ============================================================
[2026-02-08 03:24:41] INFO    Metros:             1
[2026-02-08 03:24:41] INFO    Total grid cells:   9
[2026-02-08 03:24:41] INFO    Already completed:  0
[2026-02-08 03:24:41] INFO    Remaining cells:    9
[2026-02-08 03:24:41] INFO    Estimated cost:     $0.32
[2026-02-08 03:24:41] INFO    Cache:              enabled (TTL=30d)
[2026-02-08 03:24:41] INFO  ============================================================
[2026-02-08 03:24:41] INFO  
[2026-02-08 03:24:41] INFO  Fetching Chinese takeout restaurants from 1 metro area(s)...
[2026-02-08 03:24:41] INFO  
[2026-02-08 03:24:41] INFO    Albuquerque, NM: 9 cells (0 cached, 9 remaining)
[2026-02-08 03:24:41] DEBUG     Cache miss at (35.0168, -106.7330); querying API
[2026-02-08 03:24:42] INFO      Cell 1/9: +2 new (2 total)
[2026-02-08 03:24:42] DEBUG     Cache miss at (35.0168, -106.6504); querying API
[2026-02-08 03:24:43] INFO      Cell 2/9: +1 new (3 total)
[2026-02-08 03:24:43] DEBUG     Cache miss at (35.0168, -106.5678); querying API
[2026-02-08 03:24:43] DEBUG     Cache miss at (35.0844, -106.7330); querying API
[2026-02-08 03:24:44] INFO      Cell 4/9: +5 new (8 total)
[2026-02-08 03:24:44] DEBUG     Cache miss at (35.0844, -106.6504); querying API
[2026-02-08 03:24:45] INFO      Cell 5/9: +3 new (11 total)
[2026-02-08 03:24:45] DEBUG     Cache miss at (35.0844, -106.5678); querying API
[2026-02-08 03:24:46] INFO      Filtered: Chinshan Chinese Restaurant (status=CLOSED_TEMPORARILY)
[2026-02-08 03:24:46] INFO      Cell 6/9: +14 new (25 total)
[2026-02-08 03:24:46] DEBUG     Cache miss at (35.1520, -106.7330); querying API
[2026-02-08 03:24:46] INFO      Cell 7/9: +5 new (30 total)
[2026-02-08 03:24:46] DEBUG     Cache miss at (35.1520, -106.6504); querying API
[2026-02-08 03:24:47] INFO      Cell 8/9: +4 new (34 total)
[2026-02-08 03:24:47] DEBUG     Cache miss at (35.1520, -106.5678); querying API
[2026-02-08 03:24:48] INFO      Cell 9/9: +12 new (46 total)
[2026-02-08 03:24:48] INFO    Filtered out 1 restaurants
[2026-02-08 03:24:48] INFO    -> Albuquerque: 46 restaurants (running total: 46)
[2026-02-08 03:24:48] INFO  
[2026-02-08 03:24:48] INFO  
[2026-02-08 03:24:48] INFO  ============================================================
[2026-02-08 03:24:48] INFO  FETCH SUMMARY
[2026-02-08 03:24:48] INFO  ============================================================
[2026-02-08 03:24:48] INFO  Total restaurants:    46
[2026-02-08 03:24:48] INFO  API calls made:       9
[2026-02-08 03:24:48] INFO  Cache hits/misses:    0/9
[2026-02-08 03:24:48] INFO  Estimated cost:       $0.32
[2026-02-08 03:24:48] INFO  
[2026-02-08 03:24:48] INFO  FIELD COMPLETENESS:
[2026-02-08 03:24:48] INFO    Phone:                46 (100.0%)
[2026-02-08 03:24:48] INFO    Website:              35 ( 76.1%)
[2026-02-08 03:24:48] INFO    Hours:                45 ( 97.8%)
[2026-02-08 03:24:48] INFO    Rating:               46 (100.0%)
[2026-02-08 03:24:48] INFO    Takeout flag:         46 (100.0%)
[2026-02-08 03:24:48] INFO  
[2026-02-08 03:24:48] INFO  AVG RATING:           4.10
[2026-02-08 03:24:48] INFO  
[2026-02-08 03:24:48] INFO  PRICE LEVELS:
[2026-02-08 03:24:48] INFO    PRICE_LEVEL_INEXPENSIVE               35 ( 76.1%)
[2026-02-08 03:24:48] INFO    PRICE_LEVEL_MODERATE                   8 ( 17.4%)
[2026-02-08 03:24:48] INFO    UNKNOWN                                3 (  6.5%)
[2026-02-08 03:24:48] INFO  
[2026-02-08 03:24:48] INFO  TOP STATES:
[2026-02-08 03:24:48] INFO    NM           46 (100.0%)
[2026-02-08 03:24:48] INFO  ============================================================
[2026-02-08 03:24:48] INFO  
[2026-02-08 03:24:48] INFO  CSV written to: /data/chinese_restaurants.csv
