[2026-02-08 03:00:57] INFO  Log file: /data/logs/fetch_20260208_030057.log
[2026-02-08 03:00:57] INFO  Resetting state for targeted metros...
[2026-02-08 03:00:57] INFO    Reset: Hartford, CT
[2026-02-08 03:00:57] INFO  ============================================================
[2026-02-08 03:00:57] INFO    Metros:             1
[2026-02-08 03:00:57] INFO    Total grid cells:   5
[2026-02-08 03:00:57] INFO    Already completed:  0
[2026-02-08 03:00:57] INFO    Remaining cells:    5
[2026-02-08 03:00:57] INFO    Estimated cost:     $0.18
[2026-02-08 03:00:57] INFO    Cache:              disabled
[2026-02-08 03:00:57] INFO  ============================================================
[2026-02-08 03:00:57] INFO  
[2026-02-08 03:00:57] INFO  Fetching Chinese takeout restaurants from 1 metro area(s)...
[2026-02-08 03:00:57] INFO  
[2026-02-08 03:00:57] INFO    Hartford, CT: 5 cells (0 cached, 5 remaining)
[2026-02-08 03:00:57] DEBUG     Cache miss at (41.6982, -72.6734); querying API
[2026-02-08 03:00:57] INFO      Cell 1/5: +12 new (12 total)
[2026-02-08 03:00:57] DEBUG     Cache miss at (41.7658, -72.7640); querying API
[2026-02-08 03:00:58] INFO      Cell 2/5: +13 new (25 total)
[2026-02-08 03:00:58] DEBUG     Cache miss at (41.7658, -72.6734); querying API
[2026-02-08 03:00:59] INFO      Cell 3/5: +11 new (36 total)
[2026-02-08 03:00:59] DEBUG     Cache miss at (41.7658, -72.5828); querying API
[2026-02-08 03:01:00] INFO      Cell 4/5: +8 new (44 total)
[2026-02-08 03:01:00] DEBUG     Cache miss at (41.8334, -72.6734); querying API
[2026-02-08 03:01:00] INFO      Filtered: Peking Chinese Restaurant (status=CLOSED_TEMPORARILY)
[2026-02-08 03:01:00] INFO      Cell 5/5: +6 new (50 total)
[2026-02-08 03:01:00] INFO    Filtered out 1 restaurants
[2026-02-08 03:01:00] INFO    -> Hartford: 50 restaurants (running total: 50)
[2026-02-08 03:01:00] INFO  
[2026-02-08 03:01:00] INFO  
[2026-02-08 03:01:00] INFO  ============================================================
[2026-02-08 03:01:00] INFO  FETCH SUMMARY
[2026-02-08 03:01:00] INFO  ============================================================
[2026-02-08 03:01:00] INFO  Total restaurants:    50
[2026-02-08 03:01:00] INFO  API calls made:       5
[2026-02-08 03:01:00] INFO  Cache hits/misses:    0/0
[2026-02-08 03:01:00] INFO  Estimated cost:       $0.18
[2026-02-08 03:01:00] INFO  
[2026-02-08 03:01:00] INFO  FIELD COMPLETENESS:
[2026-02-08 03:01:00] INFO    Phone:                50 (100.0%)
[2026-02-08 03:01:00] INFO    Website:              40 ( 80.0%)
[2026-02-08 03:01:00] INFO    Hours:                50 (100.0%)
[2026-02-08 03:01:00] INFO    Rating:               50 (100.0%)
[2026-02-08 03:01:00] INFO    Takeout flag:         50 (100.0%)
[2026-02-08 03:01:00] INFO  
[2026-02-08 03:01:00] INFO  AVG RATING:           4.00
[2026-02-08 03:01:00] INFO  
[2026-02-08 03:01:00] INFO  PRICE LEVELS:
[2026-02-08 03:01:00] INFO    PRICE_LEVEL_INEXPENSIVE               32 ( 64.0%)
[2026-02-08 03:01:00] INFO    PRICE_LEVEL_MODERATE                  13 ( 26.0%)
[2026-02-08 03:01:00] INFO    UNKNOWN                                5 ( 10.0%)
[2026-02-08 03:01:00] INFO  
[2026-02-08 03:01:00] INFO  TOP STATES:
[2026-02-08 03:01:00] INFO    CT           50 (100.0%)
[2026-02-08 03:01:00] INFO  ============================================================
[2026-02-08 03:01:00] INFO  
[2026-02-08 03:01:00] INFO  CSV written to: /data/chinese_restaurants.csv
