[2026-02-08 03:04:37] INFO  Log file: /data/logs/fetch_20260208_030437.log
[2026-02-08 03:04:37] INFO  ============================================================
[2026-02-08 03:04:37] INFO    Metros:             1
[2026-02-08 03:04:37] INFO    Total grid cells:   49
[2026-02-08 03:04:37] INFO    Already completed:  0
[2026-02-08 03:04:37] INFO    Remaining cells:    49
[2026-02-08 03:04:37] INFO    Estimated cost:     $1.72
[2026-02-08 03:04:37] INFO    Cache:              enabled (TTL=30d)
[2026-02-08 03:04:37] INFO  ============================================================
[2026-02-08 03:04:37] INFO  
[2026-02-08 03:04:37] INFO  Fetching Chinese takeout restaurants from 1 metro area(s)...
[2026-02-08 03:04:37] INFO  
[2026-02-08 03:04:37] INFO    Los Angeles, CA: 49 cells (0 cached, 49 remaining)
[2026-02-08 03:04:37] DEBUG     Cache miss at (33.7819, -118.2437); querying API
[2026-02-08 03:04:38] INFO      Filtered: Lucky Chopsticks (status=CLOSED_TEMPORARILY)
[2026-02-08 03:04:38] INFO      Filtered: Sweet Sticky Situation (status=CLOSED_TEMPORARILY)
[2026-02-08 03:04:38] INFO      Cell 1/49: +13 new (13 total)
[2026-02-08 03:04:38] DEBUG     Cache miss at (33.8495, -118.4068); querying API
[2026-02-08 03:04:39] INFO      Cell 2/49: +9 new (22 total)
[2026-02-08 03:04:39] DEBUG     Cache miss at (33.8495, -118.3253); querying API
[2026-02-08 03:04:40] INFO      Filtered: Golden Pheasant (status=CLOSED_TEMPORARILY)
[2026-02-08 03:04:40] INFO      Cell 3/49: +18 new (40 total)
[2026-02-08 03:04:40] DEBUG     Cache miss at (33.8495, -118.2437); querying API
[2026-02-08 03:04:41] INFO      Cell 4/49: +8 new (48 total)
[2026-02-08 03:04:41] DEBUG     Cache miss at (33.8495, -118.1621); querying API
[2026-02-08 03:04:42] INFO      Cell 5/49: +14 new (62 total)
[2026-02-08 03:04:42] DEBUG     Cache miss at (33.8495, -118.0806); querying API
[2026-02-08 03:04:42] INFO      Cell 6/49: +20 new (82 total)
[2026-02-08 03:04:42] DEBUG     Cache miss at (33.9171, -118.4884); querying API
[2026-02-08 03:04:43] DEBUG     Cache miss at (33.9171, -118.4068); querying API
[2026-02-08 03:04:44] INFO      Cell 8/49: +15 new (97 total)
[2026-02-08 03:04:44] DEBUG     Cache miss at (33.9171, -118.3253); querying API
[2026-02-08 03:04:45] INFO      Cell 9/49: +12 new (109 total)
[2026-02-08 03:04:45] DEBUG     Cache miss at (33.9171, -118.2437); querying API
[2026-02-08 03:04:45] INFO      Cell 10/49: +17 new (126 total)
[2026-02-08 03:04:45] DEBUG     Saved state at cell 10/49
[2026-02-08 03:04:45] DEBUG     Cache miss at (33.9171, -118.1621); querying API
[2026-02-08 03:04:46] INFO      Cell 11/49: +15 new (141 total)
[2026-02-08 03:04:46] DEBUG     Cache miss at (33.9171, -118.0806); querying API
[2026-02-08 03:04:47] INFO      Cell 12/49: +15 new (156 total)
[2026-02-08 03:04:47] DEBUG     Cache miss at (33.9171, -117.9990); querying API
[2026-02-08 03:04:48] INFO      Cell 13/49: +16 new (172 total)
[2026-02-08 03:04:48] DEBUG     Cache miss at (33.9846, -118.4884); querying API
[2026-02-08 03:04:48] INFO      Filtered: Lotus Asian Cuisine and Bar (status=CLOSED_TEMPORARILY)
[2026-02-08 03:04:48] INFO      Cell 14/49: +13 new (185 total)
[2026-02-08 03:04:48] DEBUG     Cache miss at (33.9846, -118.4068); querying API
[2026-02-08 03:04:49] INFO      Cell 15/49: +12 new (197 total)
[2026-02-08 03:04:49] DEBUG     Cache miss at (33.9846, -118.3253); querying API
[2026-02-08 03:04:50] INFO      Cell 16/49: +16 new (213 total)
[2026-02-08 03:04:50] DEBUG     Cache miss at (33.9846, -118.2437); querying API
[2026-02-08 03:04:51] INFO      Cell 17/49: +14 new (227 total)
[2026-02-08 03:04:51] DEBUG     Cache miss at (33.9846, -118.1621); querying API
[2026-02-08 03:04:51] INFO      Cell 18/49: +14 new (241 total)
[2026-02-08 03:04:51] DEBUG     Cache miss at (33.9846, -118.0806); querying API
[2026-02-08 03:04:52] INFO      Cell 19/49: +14 new (255 total)
[2026-02-08 03:04:52] DEBUG     Cache miss at (33.9846, -117.9990); querying API
[2026-02-08 03:04:53] INFO      Filtered: Shopnex (status=CLOSED_TEMPORARILY)
[2026-02-08 03:04:53] INFO      Cell 20/49: +14 new (269 total)
[2026-02-08 03:04:53] DEBUG     Saved state at cell 20/49
[2026-02-08 03:04:53] DEBUG     Cache miss at (34.0522, -118.5699); querying API
[2026-02-08 03:04:54] DEBUG     Cache miss at (34.0522, -118.4884); querying API
[2026-02-08 03:04:54] INFO      Cell 22/49: +16 new (285 total)
[2026-02-08 03:04:54] DEBUG     Cache miss at (34.0522, -118.4068); querying API
[2026-02-08 03:04:55] INFO      Filtered: Mr Chow (price=PRICE_LEVEL_VERY_EXPENSIVE)
[2026-02-08 03:04:55] INFO      Filtered: Meizhou Dongpo Restaurant (status=CLOSED_TEMPORARILY)
[2026-02-08 03:04:55] INFO      Cell 23/49: +8 new (293 total)
[2026-02-08 03:04:55] DEBUG     Cache miss at (34.0522, -118.3253); querying API
[2026-02-08 03:04:56] INFO      Cell 24/49: +15 new (308 total)
[2026-02-08 03:04:56] DEBUG     Cache miss at (34.0522, -118.2437); querying API
[2026-02-08 03:04:57] INFO      Cell 25/49: +18 new (326 total)
[2026-02-08 03:04:57] DEBUG     Cache miss at (34.0522, -118.1621); querying API
[2026-02-08 03:04:58] INFO      Cell 26/49: +20 new (346 total)
[2026-02-08 03:04:58] DEBUG     Cache miss at (34.0522, -118.0806); querying API
[2026-02-08 03:04:59] INFO      Cell 27/49: +12 new (358 total)
[2026-02-08 03:04:59] DEBUG     Cache miss at (34.0522, -117.9990); querying API
[2026-02-08 03:05:00] INFO      Cell 28/49: +20 new (378 total)
[2026-02-08 03:05:00] DEBUG     Cache miss at (34.0522, -117.9175); querying API
[2026-02-08 03:05:00] INFO      Filtered: Szechwan Kitchen (status=CLOSED_TEMPORARILY)
[2026-02-08 03:05:00] INFO      Cell 29/49: +13 new (391 total)
[2026-02-08 03:05:00] DEBUG     Cache miss at (34.1198, -118.4884); querying API
[2026-02-08 03:05:01] INFO      Cell 30/49: +5 new (396 total)
[2026-02-08 03:05:01] DEBUG     Saved state at cell 30/49
[2026-02-08 03:05:01] DEBUG     Cache miss at (34.1198, -118.4068); querying API
[2026-02-08 03:05:02] INFO      Filtered: Hunan Cafe (status=CLOSED_TEMPORARILY)
[2026-02-08 03:05:02] INFO      Filtered: Vegetable (status=CLOSED_TEMPORARILY)
[2026-02-08 03:05:02] INFO      Cell 31/49: +9 new (405 total)
[2026-02-08 03:05:02] DEBUG     Cache miss at (34.1198, -118.3253); querying API
[2026-02-08 03:05:03] INFO      Cell 32/49: +14 new (419 total)
[2026-02-08 03:05:03] DEBUG     Cache miss at (34.1198, -118.2437); querying API
[2026-02-08 03:05:03] INFO      Cell 33/49: +18 new (437 total)
[2026-02-08 03:05:03] DEBUG     Cache miss at (34.1198, -118.1621); querying API
[2026-02-08 03:05:04] INFO      Cell 34/49: +18 new (455 total)
[2026-02-08 03:05:04] DEBUG     Cache miss at (34.1198, -118.0806); querying API
[2026-02-08 03:05:05] INFO      Cell 35/49: +11 new (466 total)
[2026-02-08 03:05:05] DEBUG     Cache miss at (34.1198, -117.9990); querying API
[2026-02-08 03:05:06] INFO      Cell 36/49: +18 new (484 total)
[2026-02-08 03:05:06] DEBUG     Cache miss at (34.1873, -118.4884); querying API
[2026-02-08 03:05:06] INFO      Filtered: 88 Chinese & Sushi (status=CLOSED_TEMPORARILY)
[2026-02-08 03:05:06] INFO      Cell 37/49: +15 new (499 total)
[2026-02-08 03:05:06] DEBUG     Cache miss at (34.1873, -118.4068); querying API
[2026-02-08 03:05:07] INFO      Cell 38/49: +13 new (512 total)
[2026-02-08 03:05:07] DEBUG     Cache miss at (34.1873, -118.3253); querying API
[2026-02-08 03:05:08] INFO      Filtered: burbank, ca 91504 | chinese (status=CLOSED_TEMPORARILY)
[2026-02-08 03:05:08] INFO      Cell 39/49: +10 new (522 total)
[2026-02-08 03:05:08] DEBUG     Cache miss at (34.1873, -118.2437); querying API
[2026-02-08 03:05:09] INFO      Cell 40/49: +6 new (528 total)
[2026-02-08 03:05:09] DEBUG     Saved state at cell 40/49
[2026-02-08 03:05:09] DEBUG     Cache miss at (34.1873, -118.1621); querying API
[2026-02-08 03:05:09] INFO      Filtered: HULUN BEIR restaurant (status=CLOSED_TEMPORARILY)
[2026-02-08 03:05:09] INFO      Cell 41/49: +11 new (539 total)
[2026-02-08 03:05:09] DEBUG     Cache miss at (34.1873, -118.0806); querying API
[2026-02-08 03:05:10] INFO      Cell 42/49: +7 new (546 total)
[2026-02-08 03:05:10] DEBUG     Cache miss at (34.1873, -117.9990); querying API
[2026-02-08 03:05:11] DEBUG     Cache miss at (34.2549, -118.4068); querying API
[2026-02-08 03:05:12] INFO      Cell 44/49: +13 new (559 total)
[2026-02-08 03:05:12] DEBUG     Cache miss at (34.2549, -118.3253); querying API
[2026-02-08 03:05:12] INFO      Cell 45/49: +3 new (562 total)
[2026-02-08 03:05:12] DEBUG     Cache miss at (34.2549, -118.2437); querying API
[2026-02-08 03:05:13] DEBUG     Cache miss at (34.2549, -118.1621); querying API
[2026-02-08 03:05:14] DEBUG     Cache miss at (34.2549, -118.0806); querying API
[2026-02-08 03:05:14] DEBUG     Cache miss at (34.3225, -118.2437); querying API
[2026-02-08 03:05:15] INFO    Filtered out 13 restaurants
[2026-02-08 03:05:15] INFO    -> Los Angeles: 562 restaurants (running total: 562)
[2026-02-08 03:05:15] INFO  
[2026-02-08 03:05:15] INFO  
[2026-02-08 03:05:15] INFO  ============================================================
[2026-02-08 03:05:15] INFO  FETCH SUMMARY
[2026-02-08 03:05:15] INFO  ============================================================
[2026-02-08 03:05:15] INFO  Total restaurants:    562
[2026-02-08 03:05:15] INFO  API calls made:       49
[2026-02-08 03:05:15] INFO  Cache hits/misses:    0/49
[2026-02-08 03:05:15] INFO  Estimated cost:       $1.72
[2026-02-08 03:05:15] INFO  
[2026-02-08 03:05:15] INFO  FIELD COMPLETENESS:
[2026-02-08 03:05:15] INFO    Phone:               553 ( 98.4%)
[2026-02-08 03:05:15] INFO    Website:             439 ( 78.1%)
[2026-02-08 03:05:15] INFO    Hours:               560 ( 99.6%)
[2026-02-08 03:05:15] INFO    Rating:              559 ( 99.5%)
[2026-02-08 03:05:15] INFO    Takeout flag:        561 ( 99.8%)
[2026-02-08 03:05:15] INFO  
[2026-02-08 03:05:15] INFO  AVG RATING:           4.16
[2026-02-08 03:05:15] INFO  
[2026-02-08 03:05:15] INFO  PRICE LEVELS:
[2026-02-08 03:05:15] INFO    PRICE_LEVEL_INEXPENSIVE              300 ( 53.4%)
[2026-02-08 03:05:15] INFO    PRICE_LEVEL_MODERATE                 198 ( 35.2%)
[2026-02-08 03:05:15] INFO    UNKNOWN                               60 ( 10.7%)
[2026-02-08 03:05:15] INFO    PRICE_LEVEL_EXPENSIVE                  4 (  0.7%)
[2026-02-08 03:05:15] INFO  
[2026-02-08 03:05:15] INFO  TOP STATES:
[2026-02-08 03:05:15] INFO    CA          562 (100.0%)
[2026-02-08 03:05:15] INFO  ============================================================
[2026-02-08 03:05:15] INFO  
[2026-02-08 03:05:15] INFO  CSV written to: /data/chinese_restaurants.csv
