[2026-02-08 03:24:48] INFO  Log file: /data/logs/fetch_20260208_032448.log
[2026-02-08 03:24:48] INFO  ============================================================
[2026-02-08 03:24:48] INFO    Metros:             1
[2026-02-08 03:24:48] INFO    Total grid cells:   21
[2026-02-08 03:24:48] INFO    Already completed:  0
[2026-02-08 03:24:48] INFO    Remaining cells:    21
[2026-02-08 03:24:48] INFO    Estimated cost:     $0.74
[2026-02-08 03:24:48] INFO    Cache:              enabled (TTL=30d)
[2026-02-08 03:24:48] INFO  ============================================================
[2026-02-08 03:24:48] INFO  
[2026-02-08 03:24:48] INFO  Fetching Chinese takeout restaurants from 1 metro area(s)...
[2026-02-08 03:24:48] INFO  
[2026-02-08 03:24:48] INFO    Las Vegas, NV: 21 cells (0 cached, 21 remaining)
[2026-02-08 03:24:48] DEBUG     Cache miss at (36.0348, -115.2235); querying API
[2026-02-08 03:24:49] INFO      Cell 1/21: +17 new (17 total)
[2026-02-08 03:24:49] DEBUG     Cache miss at (36.0348, -115.1398); querying API
[2026-02-08 03:24:50] INFO      Cell 2/21: +16 new (33 total)
[2026-02-08 03:24:50] DEBUG     Cache miss at (36.0348, -115.0561); querying API
[2026-02-08 03:24:51] INFO      Cell 3/21: +12 new (45 total)
[2026-02-08 03:24:51] DEBUG     Cache miss at (36.1023, -115.3072); querying API
[2026-02-08 03:24:51] INFO      Cell 4/21: +8 new (53 total)
[2026-02-08 03:24:51] DEBUG     Cache miss at (36.1023, -115.2235); querying API
[2026-02-08 03:24:52] INFO      Cell 5/21: +20 new (73 total)
[2026-02-08 03:24:52] DEBUG     Cache miss at (36.1023, -115.1398); querying API
[2026-02-08 03:24:53] INFO      Filtered: The X Pot (no takeout)
[2026-02-08 03:24:53] INFO      Cell 6/21: +13 new (86 total)
[2026-02-08 03:24:53] DEBUG     Cache miss at (36.1023, -115.0561); querying API
[2026-02-08 03:24:54] INFO      Cell 7/21: +14 new (100 total)
[2026-02-08 03:24:54] DEBUG     Cache miss at (36.1023, -114.9724); querying API
[2026-02-08 03:24:54] DEBUG     Cache miss at (36.1699, -115.3072); querying API
[2026-02-08 03:24:55] INFO      Cell 9/21: +14 new (114 total)
[2026-02-08 03:24:55] DEBUG     Cache miss at (36.1699, -115.2235); querying API
[2026-02-08 03:24:56] INFO      Cell 10/21: +14 new (128 total)
[2026-02-08 03:24:56] DEBUG     Saved state at cell 10/21
[2026-02-08 03:24:56] DEBUG     Cache miss at (36.1699, -115.1398); querying API
[2026-02-08 03:24:57] INFO      Cell 11/21: +18 new (146 total)
[2026-02-08 03:24:57] DEBUG     Cache miss at (36.1699, -115.0561); querying API
[2026-02-08 03:24:57] INFO      Cell 12/21: +8 new (154 total)
[2026-02-08 03:24:57] DEBUG     Cache miss at (36.1699, -114.9724); querying API
[2026-02-08 03:24:58] DEBUG     Cache miss at (36.2375, -115.3072); querying API
[2026-02-08 03:24:59] INFO      Cell 14/21: +2 new (156 total)
[2026-02-08 03:24:59] DEBUG     Cache miss at (36.2375, -115.2235); querying API
[2026-02-08 03:25:00] INFO      Cell 15/21: +14 new (170 total)
[2026-02-08 03:25:00] DEBUG     Cache miss at (36.2375, -115.1398); querying API
[2026-02-08 03:25:01] INFO      Cell 16/21: +10 new (180 total)
[2026-02-08 03:25:01] DEBUG     Cache miss at (36.2375, -115.0561); querying API
[2026-02-08 03:25:01] INFO      Cell 17/21: +1 new (181 total)
[2026-02-08 03:25:01] DEBUG     Cache miss at (36.2375, -114.9724); querying API
[2026-02-08 03:25:02] DEBUG     Cache miss at (36.3050, -115.2235); querying API
[2026-02-08 03:25:03] INFO      Cell 19/21: +3 new (184 total)
[2026-02-08 03:25:03] DEBUG     Cache miss at (36.3050, -115.1398); querying API
[2026-02-08 03:25:03] INFO      Cell 20/21: +1 new (185 total)
[2026-02-08 03:25:04] DEBUG     Saved state at cell 20/21
[2026-02-08 03:25:04] DEBUG     Cache miss at (36.3050, -115.0561); querying API
[2026-02-08 03:25:04] INFO    Filtered out 1 restaurants
[2026-02-08 03:25:04] INFO    -> Las Vegas: 185 restaurants (running total: 185)
[2026-02-08 03:25:04] INFO  
[2026-02-08 03:25:04] INFO  
[2026-02-08 03:25:04] INFO  ============================================================
[2026-02-08 03:25:04] INFO  FETCH SUMMARY
[2026-02-08 03:25:04] INFO  ============================================================
[2026-02-08 03:25:04] INFO  Total restaurants:    185
[2026-02-08 03:25:04] INFO  API calls made:       21
[2026-02-08 03:25:04] INFO  Cache hits/misses:    0/21
[2026-02-08 03:25:04] INFO  Estimated cost:       $0.74
[2026-02-08 03:25:04] INFO  
[2026-02-08 03:25:04] INFO  FIELD COMPLETENESS:
[2026-02-08 03:25:04] INFO    Phone:               183 ( 98.9%)
[2026-02-08 03:25:04] INFO    Website:             178 ( 96.2%)
[2026-02-08 03:25:04] INFO    Hours:               183 ( 98.9%)
[2026-02-08 03:25:04] INFO    Rating:              185 (100.0%)
[2026-02-08 03:25:04] INFO    Takeout flag:        185 (100.0%)
[2026-02-08 03:25:04] INFO  
[2026-02-08 03:25:04] INFO  AVG RATING:           4.07
[2026-02-08 03:25:04] INFO  
[2026-02-08 03:25:04] INFO  PRICE LEVELS:
[2026-02-08 03:25:04] INFO    PRICE_LEVEL_INEXPENSIVE              109 ( 58.9%)
[2026-02-08 03:25:04] INFO    PRICE_LEVEL_MODERATE                  53 ( 28.6%)
[2026-02-08 03:25:04] INFO    UNKNOWN                               22 ( 11.9%)
[2026-02-08 03:25:04] INFO    PRICE_LEVEL_EXPENSIVE                  1 (  0.5%)
[2026-02-08 03:25:04] INFO  
[2026-02-08 03:25:04] INFO  TOP STATES:
[2026-02-08 03:25:04] INFO    NV          185 (100.0%)
[2026-02-08 03:25:04] INFO  ============================================================
[2026-02-08 03:25:04] INFO  
[2026-02-08 03:25:04] INFO  CSV written to: /data/chinese_restaurants.csv
