[2026-02-08 03:29:28] INFO  Log file: /data/logs/fetch_20260208_032928.log
[2026-02-08 03:29:28] INFO  ============================================================
[2026-02-08 03:29:28] INFO    Metros:             1
[2026-02-08 03:29:28] INFO    Total grid cells:   9
[2026-02-08 03:29:28] INFO    Already completed:  0
[2026-02-08 03:29:28] INFO    Remaining cells:    9
[2026-02-08 03:29:28] INFO    Estimated cost:     $0.32
[2026-02-08 03:29:28] INFO    Cache:              enabled (TTL=30d)
[2026-02-08 03:29:28] INFO  ============================================================
[2026-02-08 03:29:28] INFO  
[2026-02-08 03:29:28] INFO  Fetching Chinese takeout restaurants from 1 metro area(s)...
[2026-02-08 03:29:28] INFO  
[2026-02-08 03:29:28] INFO    Milwaukee, WI: 9 cells (0 cached, 9 remaining)
[2026-02-08 03:29:28] DEBUG     Cache miss at (42.9713, -87.9989); querying API
[2026-02-08 03:29:29] INFO      Cell 1/9: +20 new (20 total)
[2026-02-08 03:29:29] DEBUG     Cache miss at (42.9713, -87.9065); querying API
[2026-02-08 03:29:30] INFO      Cell 2/9: +3 new (23 total)
[2026-02-08 03:29:30] DEBUG     Cache miss at (42.9713, -87.8141); querying API
[2026-02-08 03:29:30] DEBUG     Cache miss at (43.0389, -87.9989); querying API
[2026-02-08 03:29:31] INFO      Cell 4/9: +15 new (38 total)
[2026-02-08 03:29:31] DEBUG     Cache miss at (43.0389, -87.9065); querying API
[2026-02-08 03:29:32] INFO      Cell 5/9: +12 new (50 total)
[2026-02-08 03:29:32] DEBUG     Cache miss at (43.0389, -87.8141); querying API
[2026-02-08 03:29:33] DEBUG     Cache miss at (43.1065, -87.9989); querying API
[2026-02-08 03:29:33] INFO      Cell 7/9: +6 new (56 total)
[2026-02-08 03:29:33] DEBUG     Cache miss at (43.1065, -87.9065); querying API
[2026-02-08 03:29:34] INFO      Cell 8/9: +6 new (62 total)
[2026-02-08 03:29:34] DEBUG     Cache miss at (43.1065, -87.8141); querying API
[2026-02-08 03:29:35] INFO    -> Milwaukee: 62 restaurants (running total: 62)
[2026-02-08 03:29:35] INFO  
[2026-02-08 03:29:35] INFO  
[2026-02-08 03:29:35] INFO  ============================================================
[2026-02-08 03:29:35] INFO  FETCH SUMMARY
[2026-02-08 03:29:35] INFO  ============================================================
[2026-02-08 03:29:35] INFO  Total restaurants:    62
[2026-02-08 03:29:35] INFO  API calls made:       9
[2026-02-08 03:29:35] INFO  Cache hits/misses:    0/9
[2026-02-08 03:29:35] INFO  Estimated cost:       $0.32
[2026-02-08 03:29:35] INFO  
[2026-02-08 03:29:35] INFO  FIELD COMPLETENESS:
[2026-02-08 03:29:35] INFO    Phone:                61 ( 98.4%)
[2026-02-08 03:29:35] INFO    Website:              55 ( 88.7%)
[2026-02-08 03:29:35] INFO    Hours:                62 (100.0%)
[2026-02-08 03:29:35] INFO    Rating:               62 (100.0%)
[2026-02-08 03:29:35] INFO    Takeout flag:         61 ( 98.4%)
[2026-02-08 03:29:35] INFO  
[2026-02-08 03:29:35] INFO  AVG RATING:           4.06
[2026-02-08 03:29:35] INFO  
[2026-02-08 03:29:35] INFO  PRICE LEVELS:
[2026-02-08 03:29:35] INFO    PRICE_LEVEL_INEXPENSIVE               33 ( 53.2%)
[2026-02-08 03:29:35] INFO    PRICE_LEVEL_MODERATE                  24 ( 38.7%)
[2026-02-08 03:29:35] INFO    UNKNOWN                                5 (  8.1%)
[2026-02-08 03:29:35] INFO  
[2026-02-08 03:29:35] INFO  TOP STATES:
[2026-02-08 03:29:35] INFO    WI           62 (100.0%)
[2026-02-08 03:29:35] INFO  ============================================================
[2026-02-08 03:29:35] INFO  
[2026-02-08 03:29:35] INFO  CSV written to: /data/chinese_restaurants.csv
