[2026-02-08 03:21:33] INFO  Log file: /data/logs/fetch_20260208_032133.log
[2026-02-08 03:21:33] INFO  ============================================================
[2026-02-08 03:21:33] INFO    Metros:             1
[2026-02-08 03:21:33] INFO    Total grid cells:   13
[2026-02-08 03:21:33] INFO    Already completed:  0
[2026-02-08 03:21:33] INFO    Remaining cells:    13
[2026-02-08 03:21:33] INFO    Estimated cost:     $0.46
[2026-02-08 03:21:33] INFO    Cache:              enabled (TTL=30d)
[2026-02-08 03:21:33] INFO  ============================================================
[2026-02-08 03:21:33] INFO  
[2026-02-08 03:21:33] INFO  Fetching Chinese takeout restaurants from 1 metro area(s)...
[2026-02-08 03:21:33] INFO  
[2026-02-08 03:21:33] INFO    Boston, MA: 13 cells (0 cached, 13 remaining)
[2026-02-08 03:21:33] DEBUG     Cache miss at (42.2250, -71.0589); querying API
[2026-02-08 03:21:34] INFO      Cell 1/13: +7 new (7 total)
[2026-02-08 03:21:34] DEBUG     Cache miss at (42.2925, -71.1503); querying API
[2026-02-08 03:21:35] INFO      Cell 2/13: +19 new (26 total)
[2026-02-08 03:21:35] DEBUG     Cache miss at (42.2925, -71.0589); querying API
[2026-02-08 03:21:35] INFO      Cell 3/13: +20 new (46 total)
[2026-02-08 03:21:35] DEBUG     Cache miss at (42.2925, -70.9675); querying API
[2026-02-08 03:21:36] INFO      Cell 4/13: +2 new (48 total)
[2026-02-08 03:21:36] DEBUG     Cache miss at (42.3601, -71.2418); querying API
[2026-02-08 03:21:37] INFO      Cell 5/13: +19 new (67 total)
[2026-02-08 03:21:37] DEBUG     Cache miss at (42.3601, -71.1503); querying API
[2026-02-08 03:21:38] INFO      Filtered: Blue Sakura Shabu All You Can Eat (no takeout)
[2026-02-08 03:21:38] INFO      Cell 6/13: +18 new (85 total)
[2026-02-08 03:21:38] DEBUG     Cache miss at (42.3601, -71.0589); querying API
[2026-02-08 03:21:39] INFO      Cell 7/13: +16 new (101 total)
[2026-02-08 03:21:39] DEBUG     Cache miss at (42.3601, -70.9675); querying API
[2026-02-08 03:21:40] INFO      Cell 8/13: +4 new (105 total)
[2026-02-08 03:21:40] DEBUG     Cache miss at (42.3601, -70.8760); querying API
[2026-02-08 03:21:40] DEBUG     Cache miss at (42.4277, -71.1503); querying API
[2026-02-08 03:21:41] INFO      Filtered: Taipei-Tokyo (status=CLOSED_TEMPORARILY)
[2026-02-08 03:21:41] INFO      Cell 10/13: +16 new (121 total)
[2026-02-08 03:21:41] DEBUG     Saved state at cell 10/13
[2026-02-08 03:21:41] DEBUG     Cache miss at (42.4277, -71.0589); querying API
[2026-02-08 03:21:42] INFO      Cell 11/13: +17 new (138 total)
[2026-02-08 03:21:42] DEBUG     Cache miss at (42.4277, -70.9675); querying API
[2026-02-08 03:21:43] INFO      Cell 12/13: +7 new (145 total)
[2026-02-08 03:21:43] DEBUG     Cache miss at (42.4952, -71.0589); querying API
[2026-02-08 03:21:44] INFO      Cell 13/13: +9 new (154 total)
[2026-02-08 03:21:44] INFO    Filtered out 2 restaurants
[2026-02-08 03:21:44] INFO    -> Boston: 154 restaurants (running total: 154)
[2026-02-08 03:21:44] INFO  
[2026-02-08 03:21:44] INFO  
[2026-02-08 03:21:44] INFO  ============================================================
[2026-02-08 03:21:44] INFO  FETCH SUMMARY
[2026-02-08 03:21:44] INFO  ============================================================
[2026-02-08 03:21:44] INFO  Total restaurants:    154
[2026-02-08 03:21:44] INFO  API calls made:       13
[2026-02-08 03:21:44] INFO  Cache hits/misses:    0/13
[2026-02-08 03:21:44] INFO  Estimated cost:       $0.46
[2026-02-08 03:21:44] INFO  
[2026-02-08 03:21:44] INFO  FIELD COMPLETENESS:
[2026-02-08 03:21:44] INFO    Phone:               153 ( 99.4%)
[2026-02-08 03:21:44] INFO    Website:             144 ( 93.5%)
[2026-02-08 03:21:44] INFO    Hours:               154 (100.0%)
[2026-02-08 03:21:44] INFO    Rating:              154 (100.0%)
[2026-02-08 03:21:44] INFO    Takeout flag:        152 ( 98.7%)
[2026-02-08 03:21:44] INFO  
[2026-02-08 03:21:44] INFO  AVG RATING:           4.16
[2026-02-08 03:21:44] INFO  
[2026-02-08 03:21:44] INFO  PRICE LEVELS:
[2026-02-08 03:21:44] INFO    PRICE_LEVEL_MODERATE                  89 ( 57.8%)
[2026-02-08 03:21:44] INFO    PRICE_LEVEL_INEXPENSIVE               50 ( 32.5%)
[2026-02-08 03:21:44] INFO    UNKNOWN                               14 (  9.1%)
[2026-02-08 03:21:44] INFO    PRICE_LEVEL_EXPENSIVE                  1 (  0.6%)
[2026-02-08 03:21:44] INFO  
[2026-02-08 03:21:44] INFO  TOP STATES:
[2026-02-08 03:21:44] INFO    MA          154 (100.0%)
[2026-02-08 03:21:44] INFO  ============================================================
[2026-02-08 03:21:44] INFO  
[2026-02-08 03:21:44] INFO  CSV written to: /data/chinese_restaurants.csv
