[2026-02-08 03:25:05] INFO  Log file: /data/logs/fetch_20260208_032505.log
[2026-02-08 03:25:05] INFO  ============================================================
[2026-02-08 03:25:05] INFO    Metros:             1
[2026-02-08 03:25:05] INFO    Total grid cells:   5
[2026-02-08 03:25:05] INFO    Already completed:  0
[2026-02-08 03:25:05] INFO    Remaining cells:    5
[2026-02-08 03:25:05] INFO    Estimated cost:     $0.18
[2026-02-08 03:25:05] INFO    Cache:              enabled (TTL=30d)
[2026-02-08 03:25:05] INFO  ============================================================
[2026-02-08 03:25:05] INFO  
[2026-02-08 03:25:05] INFO  Fetching Chinese takeout restaurants from 1 metro area(s)...
[2026-02-08 03:25:05] INFO  
[2026-02-08 03:25:05] INFO    Albany, NY: 5 cells (0 cached, 5 remaining)
[2026-02-08 03:25:05] DEBUG     Cache miss at (42.5850, -73.7562); querying API
[2026-02-08 03:25:05] INFO      Cell 1/5: +1 new (1 total)
[2026-02-08 03:25:05] DEBUG     Cache miss at (42.6526, -73.8481); querying API
[2026-02-08 03:25:06] INFO      Cell 2/5: +8 new (9 total)
[2026-02-08 03:25:06] DEBUG     Cache miss at (42.6526, -73.7562); querying API
[2026-02-08 03:25:07] INFO      Filtered: New Lucky Garden Chinese restaurant (status=CLOSED_TEMPORARILY)
[2026-02-08 03:25:07] INFO      Cell 3/5: +16 new (25 total)
[2026-02-08 03:25:07] DEBUG     Cache miss at (42.6526, -73.6643); querying API
[2026-02-08 03:25:08] INFO      Cell 4/5: +2 new (27 total)
[2026-02-08 03:25:08] DEBUG     Cache miss at (42.7202, -73.7562); querying API
[2026-02-08 03:25:08] INFO      Cell 5/5: +9 new (36 total)
[2026-02-08 03:25:08] INFO    Filtered out 1 restaurants
[2026-02-08 03:25:08] INFO    -> Albany: 36 restaurants (running total: 36)
[2026-02-08 03:25:08] INFO  
[2026-02-08 03:25:08] INFO  
[2026-02-08 03:25:08] INFO  ============================================================
[2026-02-08 03:25:08] INFO  FETCH SUMMARY
[2026-02-08 03:25:08] INFO  ============================================================
[2026-02-08 03:25:08] INFO  Total restaurants:    36
[2026-02-08 03:25:08] INFO  API calls made:       5
[2026-02-08 03:25:08] INFO  Cache hits/misses:    0/5
[2026-02-08 03:25:08] INFO  Estimated cost:       $0.18
[2026-02-08 03:25:08] INFO  
[2026-02-08 03:25:08] INFO  FIELD COMPLETENESS:
[2026-02-08 03:25:08] INFO    Phone:                35 ( 97.2%)
[2026-02-08 03:25:08] INFO    Website:              30 ( 83.3%)
[2026-02-08 03:25:08] INFO    Hours:                36 (100.0%)
[2026-02-08 03:25:08] INFO    Rating:               36 (100.0%)
[2026-02-08 03:25:08] INFO    Takeout flag:         36 (100.0%)
[2026-02-08 03:25:08] INFO  
[2026-02-08 03:25:08] INFO  AVG RATING:           3.86
[2026-02-08 03:25:08] INFO  
[2026-02-08 03:25:08] INFO  PRICE LEVELS:
[2026-02-08 03:25:08] INFO    PRICE_LEVEL_INEXPENSIVE               22 ( 61.1%)
[2026-02-08 03:25:08] INFO    PRICE_LEVEL_MODERATE                  13 ( 36.1%)
[2026-02-08 03:25:08] INFO    UNKNOWN                                1 (  2.8%)
[2026-02-08 03:25:08] INFO  
[2026-02-08 03:25:08] INFO  TOP STATES:
[2026-02-08 03:25:08] INFO    NY           36 (100.0%)
[2026-02-08 03:25:08] INFO  ============================================================
[2026-02-08 03:25:08] INFO  
[2026-02-08 03:25:08] INFO  CSV written to: /data/chinese_restaurants.csv
