[2026-02-08 03:20:31] INFO  Log file: /data/logs/fetch_20260208_032031.log
[2026-02-08 03:20:31] INFO  ============================================================
[2026-02-08 03:20:31] INFO    Metros:             1
[2026-02-08 03:20:31] INFO    Total grid cells:   9
[2026-02-08 03:20:31] INFO    Already completed:  0
[2026-02-08 03:20:31] INFO    Remaining cells:    9
[2026-02-08 03:20:31] INFO    Estimated cost:     $0.32
[2026-02-08 03:20:31] INFO    Cache:              enabled (TTL=30d)
[2026-02-08 03:20:31] INFO  ============================================================
[2026-02-08 03:20:31] INFO  
[2026-02-08 03:20:31] INFO  Fetching Chinese takeout restaurants from 1 metro area(s)...
[2026-02-08 03:20:31] INFO  
[2026-02-08 03:20:31] INFO    Honolulu, HI: 9 cells (0 cached, 9 remaining)
[2026-02-08 03:20:31] DEBUG     Cache miss at (21.2393, -157.9308); querying API
[2026-02-08 03:20:32] DEBUG     Cache miss at (21.2393, -157.8583); querying API
[2026-02-08 03:20:32] DEBUG     Cache miss at (21.2393, -157.7858); querying API
[2026-02-08 03:20:33] INFO      Cell 3/9: +4 new (4 total)
[2026-02-08 03:20:33] DEBUG     Cache miss at (21.3069, -157.9308); querying API
[2026-02-08 03:20:34] INFO      Cell 4/9: +6 new (10 total)
[2026-02-08 03:20:34] DEBUG     Cache miss at (21.3069, -157.8583); querying API
[2026-02-08 03:20:34] INFO      Cell 5/9: +20 new (30 total)
[2026-02-08 03:20:34] DEBUG     Cache miss at (21.3069, -157.7858); querying API
[2026-02-08 03:20:35] INFO      Filtered: Aina Haina Chop Suey (status=CLOSED_TEMPORARILY)
[2026-02-08 03:20:35] INFO      Cell 6/9: +15 new (45 total)
[2026-02-08 03:20:35] DEBUG     Cache miss at (21.3745, -157.9308); querying API
[2026-02-08 03:20:36] INFO      Cell 7/9: +12 new (57 total)
[2026-02-08 03:20:36] DEBUG     Cache miss at (21.3745, -157.8583); querying API
[2026-02-08 03:20:37] INFO      Cell 8/9: +2 new (59 total)
[2026-02-08 03:20:37] DEBUG     Cache miss at (21.3745, -157.7858); querying API
[2026-02-08 03:20:38] INFO      Cell 9/9: +5 new (64 total)
[2026-02-08 03:20:38] INFO    Filtered out 1 restaurants
[2026-02-08 03:20:38] INFO    -> Honolulu: 64 restaurants (running total: 64)
[2026-02-08 03:20:38] INFO  
[2026-02-08 03:20:38] INFO  
[2026-02-08 03:20:38] INFO  ============================================================
[2026-02-08 03:20:38] INFO  FETCH SUMMARY
[2026-02-08 03:20:38] INFO  ============================================================
[2026-02-08 03:20:38] INFO  Total restaurants:    64
[2026-02-08 03:20:38] INFO  API calls made:       9
[2026-02-08 03:20:38] INFO  Cache hits/misses:    0/9
[2026-02-08 03:20:38] INFO  Estimated cost:       $0.32
[2026-02-08 03:20:38] INFO  
[2026-02-08 03:20:38] INFO  FIELD COMPLETENESS:
[2026-02-08 03:20:38] INFO    Phone:                63 ( 98.4%)
[2026-02-08 03:20:38] INFO    Website:              48 ( 75.0%)
[2026-02-08 03:20:38] INFO    Hours:                63 ( 98.4%)
[2026-02-08 03:20:38] INFO    Rating:               62 ( 96.9%)
[2026-02-08 03:20:38] INFO    Takeout flag:         63 ( 98.4%)
[2026-02-08 03:20:38] INFO  
[2026-02-08 03:20:38] INFO  AVG RATING:           4.03
[2026-02-08 03:20:38] INFO  
[2026-02-08 03:20:38] INFO  PRICE LEVELS:
[2026-02-08 03:20:38] INFO    PRICE_LEVEL_MODERATE                  25 ( 39.1%)
[2026-02-08 03:20:38] INFO    PRICE_LEVEL_INEXPENSIVE               20 ( 31.2%)
[2026-02-08 03:20:38] INFO    UNKNOWN                               18 ( 28.1%)
[2026-02-08 03:20:38] INFO    PRICE_LEVEL_EXPENSIVE                  1 (  1.6%)
[2026-02-08 03:20:38] INFO  
[2026-02-08 03:20:38] INFO  TOP STATES:
[2026-02-08 03:20:38] INFO    HI           64 (100.0%)
[2026-02-08 03:20:38] INFO  ============================================================
[2026-02-08 03:20:38] INFO  
[2026-02-08 03:20:38] INFO  CSV written to: /data/chinese_restaurants.csv
