[2026-02-08 03:27:08] INFO  Log file: /data/logs/fetch_20260208_032708.log
[2026-02-08 03:27:08] INFO  ============================================================
[2026-02-08 03:27:08] INFO    Metros:             1
[2026-02-08 03:27:08] INFO    Total grid cells:   13
[2026-02-08 03:27:08] INFO    Already completed:  0
[2026-02-08 03:27:08] INFO    Remaining cells:    13
[2026-02-08 03:27:08] INFO    Estimated cost:     $0.46
[2026-02-08 03:27:08] INFO    Cache:              enabled (TTL=30d)
[2026-02-08 03:27:08] INFO  ============================================================
[2026-02-08 03:27:08] INFO  
[2026-02-08 03:27:08] INFO  Fetching Chinese takeout restaurants from 1 metro area(s)...
[2026-02-08 03:27:08] INFO  
[2026-02-08 03:27:08] INFO    Nashville, TN: 13 cells (0 cached, 13 remaining)
[2026-02-08 03:27:08] DEBUG     Cache miss at (36.0276, -86.7816); querying API
[2026-02-08 03:27:09] INFO      Cell 1/13: +4 new (4 total)
[2026-02-08 03:27:09] DEBUG     Cache miss at (36.0951, -86.8653); querying API
[2026-02-08 03:27:10] INFO      Cell 2/13: +1 new (5 total)
[2026-02-08 03:27:10] DEBUG     Cache miss at (36.0951, -86.7816); querying API
[2026-02-08 03:27:10] INFO      Filtered: La ValencianaNashville1 (status=CLOSED_TEMPORARILY)
[2026-02-08 03:27:10] INFO      Cell 3/13: +4 new (9 total)
[2026-02-08 03:27:10] DEBUG     Cache miss at (36.0951, -86.6979); querying API
[2026-02-08 03:27:11] INFO      Cell 4/13: +6 new (15 total)
[2026-02-08 03:27:11] DEBUG     Cache miss at (36.1627, -86.9490); querying API
[2026-02-08 03:27:12] DEBUG     Cache miss at (36.1627, -86.8653); querying API
[2026-02-08 03:27:13] INFO      Cell 6/13: +5 new (20 total)
[2026-02-08 03:27:13] DEBUG     Cache miss at (36.1627, -86.7816); querying API
[2026-02-08 03:27:13] INFO      Filtered: Momo mania (status=CLOSED_TEMPORARILY)
[2026-02-08 03:27:13] INFO      Cell 7/13: +8 new (28 total)
[2026-02-08 03:27:13] DEBUG     Cache miss at (36.1627, -86.6979); querying API
[2026-02-08 03:27:14] INFO      Cell 8/13: +6 new (34 total)
[2026-02-08 03:27:14] DEBUG     Cache miss at (36.1627, -86.6142); querying API
[2026-02-08 03:27:15] INFO      Cell 9/13: +4 new (38 total)
[2026-02-08 03:27:15] DEBUG     Cache miss at (36.2303, -86.8653); querying API
[2026-02-08 03:27:16] INFO      Cell 10/13: +1 new (39 total)
[2026-02-08 03:27:16] DEBUG     Saved state at cell 10/13
[2026-02-08 03:27:16] DEBUG     Cache miss at (36.2303, -86.7816); querying API
[2026-02-08 03:27:16] INFO      Cell 11/13: +2 new (41 total)
[2026-02-08 03:27:16] DEBUG     Cache miss at (36.2303, -86.6979); querying API
[2026-02-08 03:27:17] INFO      Cell 12/13: +4 new (45 total)
[2026-02-08 03:27:17] DEBUG     Cache miss at (36.2978, -86.7816); querying API
[2026-02-08 03:27:18] INFO    Filtered out 2 restaurants
[2026-02-08 03:27:18] INFO    -> Nashville: 45 restaurants (running total: 45)
[2026-02-08 03:27:18] INFO  
[2026-02-08 03:27:18] INFO  
[2026-02-08 03:27:18] INFO  ============================================================
[2026-02-08 03:27:18] INFO  FETCH SUMMARY
[2026-02-08 03:27:18] INFO  ============================================================
[2026-02-08 03:27:18] INFO  Total restaurants:    45
[2026-02-08 03:27:18] INFO  API calls made:       13
[2026-02-08 03:27:18] INFO  Cache hits/misses:    0/13
[2026-02-08 03:27:18] INFO  Estimated cost:       $0.46
[2026-02-08 03:27:18] INFO  
[2026-02-08 03:27:18] INFO  FIELD COMPLETENESS:
[2026-02-08 03:27:18] INFO    Phone:                45 (100.0%)
[2026-02-08 03:27:18] INFO    Website:              41 ( 91.1%)
[2026-02-08 03:27:18] INFO    Hours:                45 (100.0%)
[2026-02-08 03:27:18] INFO    Rating:               45 (100.0%)
[2026-02-08 03:27:18] INFO    Takeout flag:         44 ( 97.8%)
[2026-02-08 03:27:18] INFO  
[2026-02-08 03:27:18] INFO  AVG RATING:           4.00
[2026-02-08 03:27:18] INFO  
[2026-02-08 03:27:18] INFO  PRICE LEVELS:
[2026-02-08 03:27:18] INFO    PRICE_LEVEL_INEXPENSIVE               25 ( 55.6%)
[2026-02-08 03:27:18] INFO    PRICE_LEVEL_MODERATE                  13 ( 28.9%)
[2026-02-08 03:27:18] INFO    UNKNOWN                                7 ( 15.6%)
[2026-02-08 03:27:18] INFO  
[2026-02-08 03:27:18] INFO  TOP STATES:
[2026-02-08 03:27:18] INFO    TN           45 (100.0%)
[2026-02-08 03:27:18] INFO  ============================================================
[2026-02-08 03:27:18] INFO  
[2026-02-08 03:27:18] INFO  CSV written to: /data/chinese_restaurants.csv
