[2026-02-08 03:25:13] INFO  Log file: /data/logs/fetch_20260208_032513.log
[2026-02-08 03:25:13] INFO  ============================================================
[2026-02-08 03:25:13] INFO    Metros:             1
[2026-02-08 03:25:13] INFO    Total grid cells:   37
[2026-02-08 03:25:13] INFO    Already completed:  0
[2026-02-08 03:25:13] INFO    Remaining cells:    37
[2026-02-08 03:25:13] INFO    Estimated cost:     $1.30
[2026-02-08 03:25:13] INFO    Cache:              enabled (TTL=30d)
[2026-02-08 03:25:13] INFO  ============================================================
[2026-02-08 03:25:13] INFO  
[2026-02-08 03:25:13] INFO  Fetching Chinese takeout restaurants from 1 metro area(s)...
[2026-02-08 03:25:13] INFO  
[2026-02-08 03:25:13] INFO    New York, NY: 37 cells (0 cached, 37 remaining)
[2026-02-08 03:25:13] DEBUG     Cache miss at (40.5101, -74.0951); querying API
[2026-02-08 03:25:13] DEBUG     Cache miss at (40.5101, -74.0060); querying API
[2026-02-08 03:25:14] DEBUG     Cache miss at (40.5101, -73.9169); querying API
[2026-02-08 03:25:15] DEBUG     Cache miss at (40.5777, -74.1843); querying API
[2026-02-08 03:25:16] INFO      Cell 4/37: +1 new (1 total)
[2026-02-08 03:25:16] DEBUG     Cache miss at (40.5777, -74.0951); querying API
[2026-02-08 03:25:16] DEBUG     Cache miss at (40.5777, -74.0060); querying API
[2026-02-08 03:25:17] DEBUG     Cache miss at (40.5777, -73.9169); querying API
[2026-02-08 03:25:18] DEBUG     Cache miss at (40.5777, -73.8277); querying API
[2026-02-08 03:25:18] DEBUG     Cache miss at (40.6452, -74.2734); querying API
[2026-02-08 03:25:19] INFO      Filtered: New Kam Po Garden (no takeout)
[2026-02-08 03:25:19] INFO      Cell 9/37: +19 new (20 total)
[2026-02-08 03:25:19] DEBUG     Cache miss at (40.6452, -74.1843); querying API
[2026-02-08 03:25:20] INFO      Cell 10/37: +14 new (34 total)
[2026-02-08 03:25:20] DEBUG     Saved state at cell 10/37
[2026-02-08 03:25:20] DEBUG     Cache miss at (40.6452, -74.0951); querying API
[2026-02-08 03:25:21] INFO      Cell 11/37: +5 new (39 total)
[2026-02-08 03:25:21] DEBUG     Cache miss at (40.6452, -74.0060); querying API
[2026-02-08 03:25:22] INFO      Filtered: Le Fleur Rouge | Creative Chinese-French Dining in Park Slope (no takeout)
[2026-02-08 03:25:22] DEBUG     Cache miss at (40.6452, -73.9169); querying API
[2026-02-08 03:25:22] INFO      Filtered: Sol Delish (status=CLOSED_TEMPORARILY)
[2026-02-08 03:25:22] DEBUG     Cache miss at (40.6452, -73.8277); querying API
[2026-02-08 03:25:23] DEBUG     Cache miss at (40.6452, -73.7386); querying API
[2026-02-08 03:25:24] INFO      Cell 15/37: +10 new (49 total)
[2026-02-08 03:25:24] DEBUG     Cache miss at (40.7128, -74.2734); querying API
[2026-02-08 03:25:24] INFO      Cell 16/37: +18 new (67 total)
[2026-02-08 03:25:24] DEBUG     Cache miss at (40.7128, -74.1843); querying API
[2026-02-08 03:25:25] INFO      Cell 17/37: +12 new (79 total)
[2026-02-08 03:25:25] DEBUG     Cache miss at (40.7128, -74.0951); querying API
[2026-02-08 03:25:26] INFO      Cell 18/37: +19 new (98 total)
[2026-02-08 03:25:26] DEBUG     Cache miss at (40.7128, -74.0060); querying API
[2026-02-08 03:25:27] INFO      Cell 19/37: +19 new (117 total)
[2026-02-08 03:25:27] DEBUG     Cache miss at (40.7128, -73.9169); querying API
[2026-02-08 03:25:27] DEBUG     Saved state at cell 20/37
[2026-02-08 03:25:27] DEBUG     Cache miss at (40.7128, -73.8277); querying API
[2026-02-08 03:25:28] DEBUG     Cache miss at (40.7128, -73.7386); querying API
[2026-02-08 03:25:29] INFO      Cell 22/37: +1 new (118 total)
[2026-02-08 03:25:29] DEBUG     Cache miss at (40.7804, -74.2734); querying API
[2026-02-08 03:25:30] INFO      Cell 23/37: +18 new (136 total)
[2026-02-08 03:25:30] DEBUG     Cache miss at (40.7804, -74.1843); querying API
[2026-02-08 03:25:30] INFO      Cell 24/37: +13 new (149 total)
[2026-02-08 03:25:30] DEBUG     Cache miss at (40.7804, -74.0951); querying API
[2026-02-08 03:25:31] INFO      Cell 25/37: +17 new (166 total)
[2026-02-08 03:25:31] DEBUG     Cache miss at (40.7804, -74.0060); querying API
[2026-02-08 03:25:32] INFO      Filtered: Mountain House (no takeout)
[2026-02-08 03:25:32] INFO      Filtered: Chubby Skewers | Authentic Chinese BBQ (no takeout)
[2026-02-08 03:25:32] INFO      Filtered: Hutong New York (price=PRICE_LEVEL_VERY_EXPENSIVE)
[2026-02-08 03:25:32] INFO      Cell 26/37: +12 new (178 total)
[2026-02-08 03:25:32] DEBUG     Cache miss at (40.7804, -73.9169); querying API
[2026-02-08 03:25:33] INFO      Cell 27/37: +9 new (187 total)
[2026-02-08 03:25:33] DEBUG     Cache miss at (40.7804, -73.8277); querying API
[2026-02-08 03:25:33] DEBUG     Cache miss at (40.7804, -73.7386); querying API
[2026-02-08 03:25:34] INFO      Cell 29/37: +2 new (189 total)
[2026-02-08 03:25:34] DEBUG     Cache miss at (40.8479, -74.1843); querying API
[2026-02-08 03:25:35] INFO      Cell 30/37: +19 new (208 total)
[2026-02-08 03:25:35] DEBUG     Saved state at cell 30/37
[2026-02-08 03:25:35] DEBUG     Cache miss at (40.8479, -74.0951); querying API
[2026-02-08 03:25:36] INFO      Cell 31/37: +12 new (220 total)
[2026-02-08 03:25:36] DEBUG     Cache miss at (40.8479, -74.0060); querying API
[2026-02-08 03:25:37] INFO      Filtered: JiangNan NJ Fort Lee (price=PRICE_LEVEL_VERY_EXPENSIVE)
[2026-02-08 03:25:37] INFO      Cell 32/37: +19 new (239 total)
[2026-02-08 03:25:37] DEBUG     Cache miss at (40.8479, -73.9169); querying API
[2026-02-08 03:25:37] INFO      Cell 33/37: +2 new (241 total)
[2026-02-08 03:25:37] DEBUG     Cache miss at (40.8479, -73.8277); querying API
[2026-02-08 03:25:38] DEBUG     Cache miss at (40.9155, -74.0951); querying API
[2026-02-08 03:25:39] INFO      Cell 35/37: +16 new (257 total)
[2026-02-08 03:25:39] DEBUG     Cache miss at (40.9155, -74.0060); querying API
[2026-02-08 03:25:40] INFO      Cell 36/37: +17 new (274 total)
[2026-02-08 03:25:40] DEBUG     Cache miss at (40.9155, -73.9169); querying API
[2026-02-08 03:25:40] INFO      Cell 37/37: +10 new (284 total)
[2026-02-08 03:25:40] INFO    Filtered out 7 restaurants
[2026-02-08 03:25:40] INFO    -> New York: 284 restaurants (running total: 284)
[2026-02-08 03:25:40] INFO  
[2026-02-08 03:25:40] INFO  
[2026-02-08 03:25:40] INFO  ============================================================
[2026-02-08 03:25:40] INFO  FETCH SUMMARY
[2026-02-08 03:25:40] INFO  ============================================================
[2026-02-08 03:25:40] INFO  Total restaurants:    284
[2026-02-08 03:25:40] INFO  API calls made:       37
[2026-02-08 03:25:40] INFO  Cache hits/misses:    0/37
[2026-02-08 03:25:40] INFO  Estimated cost:       $1.30
[2026-02-08 03:25:40] INFO  
[2026-02-08 03:25:40] INFO  FIELD COMPLETENESS:
[2026-02-08 03:25:40] INFO    Phone:               283 ( 99.6%)
[2026-02-08 03:25:40] INFO    Website:             229 ( 80.6%)
[2026-02-08 03:25:40] INFO    Hours:               284 (100.0%)
[2026-02-08 03:25:40] INFO    Rating:              284 (100.0%)
[2026-02-08 03:25:40] INFO    Takeout flag:        282 ( 99.3%)
[2026-02-08 03:25:40] INFO  
[2026-02-08 03:25:40] INFO  AVG RATING:           4.16
[2026-02-08 03:25:40] INFO  
[2026-02-08 03:25:40] INFO  PRICE LEVELS:
[2026-02-08 03:25:40] INFO    PRICE_LEVEL_INEXPENSIVE              159 ( 56.0%)
[2026-02-08 03:25:40] INFO    PRICE_LEVEL_MODERATE                 104 ( 36.6%)
[2026-02-08 03:25:40] INFO    UNKNOWN                               19 (  6.7%)
[2026-02-08 03:25:40] INFO    PRICE_LEVEL_EXPENSIVE                  2 (  0.7%)
[2026-02-08 03:25:40] INFO  
[2026-02-08 03:25:40] INFO  TOP STATES:
[2026-02-08 03:25:40] INFO    NJ          221 ( 77.8%)
[2026-02-08 03:25:40] INFO    NY           63 ( 22.2%)
[2026-02-08 03:25:40] INFO  ============================================================
[2026-02-08 03:25:40] INFO  
[2026-02-08 03:25:40] INFO  CSV written to: /data/chinese_restaurants.csv
