[2026-02-08 03:26:03] INFO  Log file: /data/logs/fetch_20260208_032603.log
[2026-02-08 03:26:03] INFO  ============================================================
[2026-02-08 03:26:03] INFO    Metros:             1
[2026-02-08 03:26:03] INFO    Total grid cells:   13
[2026-02-08 03:26:03] INFO    Already completed:  0
[2026-02-08 03:26:03] INFO    Remaining cells:    13
[2026-02-08 03:26:03] INFO    Estimated cost:     $0.46
[2026-02-08 03:26:03] INFO    Cache:              enabled (TTL=30d)
[2026-02-08 03:26:03] INFO  ============================================================
[2026-02-08 03:26:03] INFO  
[2026-02-08 03:26:03] INFO  Fetching Chinese takeout restaurants from 1 metro area(s)...
[2026-02-08 03:26:03] INFO  
[2026-02-08 03:26:03] INFO    Columbus, OH: 13 cells (0 cached, 13 remaining)
[2026-02-08 03:26:03] DEBUG     Cache miss at (39.8261, -82.9988); querying API
[2026-02-08 03:26:04] DEBUG     Cache miss at (39.8936, -83.0870); querying API
[2026-02-08 03:26:04] INFO      Cell 2/13: +6 new (6 total)
[2026-02-08 03:26:04] DEBUG     Cache miss at (39.8936, -82.9988); querying API
[2026-02-08 03:26:05] INFO      Filtered: Panda Express (status=CLOSED_TEMPORARILY)
[2026-02-08 03:26:05] INFO      Filtered: Golden China Town Chinese Restaurant (status=CLOSED_TEMPORARILY)
[2026-02-08 03:26:05] INFO      Cell 3/13: +3 new (9 total)
[2026-02-08 03:26:05] DEBUG     Cache miss at (39.8936, -82.9106); querying API
[2026-02-08 03:26:06] INFO      Cell 4/13: +5 new (14 total)
[2026-02-08 03:26:06] DEBUG     Cache miss at (39.9612, -83.1751); querying API
[2026-02-08 03:26:06] INFO      Cell 5/13: +6 new (20 total)
[2026-02-08 03:26:06] DEBUG     Cache miss at (39.9612, -83.0870); querying API
[2026-02-08 03:26:07] INFO      Cell 6/13: +7 new (27 total)
[2026-02-08 03:26:07] DEBUG     Cache miss at (39.9612, -82.9988); querying API
[2026-02-08 03:26:08] INFO      Filtered: Yau's Chinese Bistro (status=CLOSED_TEMPORARILY)
[2026-02-08 03:26:08] INFO      Cell 7/13: +17 new (44 total)
[2026-02-08 03:26:08] DEBUG     Cache miss at (39.9612, -82.9106); querying API
[2026-02-08 03:26:09] INFO      Filtered: China Buffet (status=CLOSED_TEMPORARILY)
[2026-02-08 03:26:09] INFO      Cell 8/13: +6 new (50 total)
[2026-02-08 03:26:09] DEBUG     Cache miss at (39.9612, -82.8225); querying API
[2026-02-08 03:26:09] INFO      Cell 9/13: +8 new (58 total)
[2026-02-08 03:26:09] DEBUG     Cache miss at (40.0288, -83.0870); querying API
[2026-02-08 03:26:10] INFO      Filtered: YF Chinese Cuisine 悦丰 (status=CLOSED_TEMPORARILY)
[2026-02-08 03:26:10] INFO      Cell 10/13: +15 new (73 total)
[2026-02-08 03:26:10] DEBUG     Saved state at cell 10/13
[2026-02-08 03:26:10] DEBUG     Cache miss at (40.0288, -82.9988); querying API
[2026-02-08 03:26:11] INFO      Cell 11/13: +12 new (85 total)
[2026-02-08 03:26:11] DEBUG     Cache miss at (40.0288, -82.9106); querying API
[2026-02-08 03:26:12] INFO      Cell 12/13: +8 new (93 total)
[2026-02-08 03:26:12] DEBUG     Cache miss at (40.0963, -82.9988); querying API
[2026-02-08 03:26:13] INFO      Cell 13/13: +16 new (109 total)
[2026-02-08 03:26:13] INFO    Filtered out 5 restaurants
[2026-02-08 03:26:13] INFO    -> Columbus: 109 restaurants (running total: 109)
[2026-02-08 03:26:13] INFO  
[2026-02-08 03:26:13] INFO  
[2026-02-08 03:26:13] INFO  ============================================================
[2026-02-08 03:26:13] INFO  FETCH SUMMARY
[2026-02-08 03:26:13] INFO  ============================================================
[2026-02-08 03:26:13] INFO  Total restaurants:    109
[2026-02-08 03:26:13] INFO  API calls made:       13
[2026-02-08 03:26:13] INFO  Cache hits/misses:    0/13
[2026-02-08 03:26:13] INFO  Estimated cost:       $0.46
[2026-02-08 03:26:13] INFO  
[2026-02-08 03:26:13] INFO  FIELD COMPLETENESS:
[2026-02-08 03:26:13] INFO    Phone:               107 ( 98.2%)
[2026-02-08 03:26:13] INFO    Website:             100 ( 91.7%)
[2026-02-08 03:26:13] INFO    Hours:               108 ( 99.1%)
[2026-02-08 03:26:13] INFO    Rating:              108 ( 99.1%)
[2026-02-08 03:26:13] INFO    Takeout flag:        107 ( 98.2%)
[2026-02-08 03:26:13] INFO  
[2026-02-08 03:26:13] INFO  AVG RATING:           4.13
[2026-02-08 03:26:13] INFO  
[2026-02-08 03:26:13] INFO  PRICE LEVELS:
[2026-02-08 03:26:13] INFO    PRICE_LEVEL_INEXPENSIVE               65 ( 59.6%)
[2026-02-08 03:26:13] INFO    PRICE_LEVEL_MODERATE                  35 ( 32.1%)
[2026-02-08 03:26:13] INFO    UNKNOWN                                9 (  8.3%)
[2026-02-08 03:26:13] INFO  
[2026-02-08 03:26:13] INFO  TOP STATES:
[2026-02-08 03:26:13] INFO    OH          109 (100.0%)
[2026-02-08 03:26:13] INFO  ============================================================
[2026-02-08 03:26:13] INFO  
[2026-02-08 03:26:13] INFO  CSV written to: /data/chinese_restaurants.csv
