[2026-02-08 03:27:55] INFO  Log file: /data/logs/fetch_20260208_032755.log
[2026-02-08 03:27:55] INFO  ============================================================
[2026-02-08 03:27:55] INFO    Metros:             1
[2026-02-08 03:27:55] INFO    Total grid cells:   13
[2026-02-08 03:27:55] INFO    Already completed:  0
[2026-02-08 03:27:55] INFO    Remaining cells:    13
[2026-02-08 03:27:55] INFO    Estimated cost:     $0.46
[2026-02-08 03:27:55] INFO    Cache:              enabled (TTL=30d)
[2026-02-08 03:27:55] INFO  ============================================================
[2026-02-08 03:27:55] INFO  
[2026-02-08 03:27:55] INFO  Fetching Chinese takeout restaurants from 1 metro area(s)...
[2026-02-08 03:27:55] INFO  
[2026-02-08 03:27:55] INFO    Fort Worth, TX: 13 cells (0 cached, 13 remaining)
[2026-02-08 03:27:55] DEBUG     Cache miss at (32.6204, -97.3308); querying API
[2026-02-08 03:27:56] INFO      Cell 1/13: +3 new (3 total)
[2026-02-08 03:27:56] DEBUG     Cache miss at (32.6879, -97.4111); querying API
[2026-02-08 03:27:57] INFO      Cell 2/13: +12 new (15 total)
[2026-02-08 03:27:57] DEBUG     Cache miss at (32.6879, -97.3308); querying API
[2026-02-08 03:27:57] INFO      Filtered: Pappa Chang Asia Bistro (status=CLOSED_TEMPORARILY)
[2026-02-08 03:27:57] INFO      Cell 3/13: +2 new (17 total)
[2026-02-08 03:27:57] DEBUG     Cache miss at (32.6879, -97.2505); querying API
[2026-02-08 03:27:58] INFO      Cell 4/13: +4 new (21 total)
[2026-02-08 03:27:58] DEBUG     Cache miss at (32.7555, -97.4915); querying API
[2026-02-08 03:27:59] INFO      Cell 5/13: +3 new (24 total)
[2026-02-08 03:27:59] DEBUG     Cache miss at (32.7555, -97.4111); querying API
[2026-02-08 03:28:00] INFO      Cell 6/13: +5 new (29 total)
[2026-02-08 03:28:00] DEBUG     Cache miss at (32.7555, -97.3308); querying API
[2026-02-08 03:28:00] INFO      Cell 7/13: +1 new (30 total)
[2026-02-08 03:28:00] DEBUG     Cache miss at (32.7555, -97.2505); querying API
[2026-02-08 03:28:01] INFO      Cell 8/13: +4 new (34 total)
[2026-02-08 03:28:01] DEBUG     Cache miss at (32.7555, -97.1701); querying API
[2026-02-08 03:28:02] INFO      Cell 9/13: +2 new (36 total)
[2026-02-08 03:28:02] DEBUG     Cache miss at (32.8231, -97.4111); querying API
[2026-02-08 03:28:02] INFO      Cell 10/13: +4 new (40 total)
[2026-02-08 03:28:03] DEBUG     Saved state at cell 10/13
[2026-02-08 03:28:03] DEBUG     Cache miss at (32.8231, -97.3308); querying API
[2026-02-08 03:28:03] INFO      Cell 11/13: +1 new (41 total)
[2026-02-08 03:28:03] DEBUG     Cache miss at (32.8231, -97.2505); querying API
[2026-02-08 03:28:04] INFO      Filtered: Haltom Chinese Restaurant (status=CLOSED_TEMPORARILY)
[2026-02-08 03:28:04] INFO      Cell 12/13: +5 new (46 total)
[2026-02-08 03:28:04] DEBUG     Cache miss at (32.8906, -97.3308); querying API
[2026-02-08 03:28:05] INFO      Filtered: Asian Buffet (status=CLOSED_TEMPORARILY)
[2026-02-08 03:28:05] INFO      Cell 13/13: +7 new (53 total)
[2026-02-08 03:28:05] INFO    Filtered out 3 restaurants
[2026-02-08 03:28:05] INFO    -> Fort Worth: 53 restaurants (running total: 53)
[2026-02-08 03:28:05] INFO  
[2026-02-08 03:28:05] INFO  
[2026-02-08 03:28:05] INFO  ============================================================
[2026-02-08 03:28:05] INFO  FETCH SUMMARY
[2026-02-08 03:28:05] INFO  ============================================================
[2026-02-08 03:28:05] INFO  Total restaurants:    53
[2026-02-08 03:28:05] INFO  API calls made:       13
[2026-02-08 03:28:05] INFO  Cache hits/misses:    0/13
[2026-02-08 03:28:05] INFO  Estimated cost:       $0.46
[2026-02-08 03:28:05] INFO  
[2026-02-08 03:28:05] INFO  FIELD COMPLETENESS:
[2026-02-08 03:28:05] INFO    Phone:                52 ( 98.1%)
[2026-02-08 03:28:05] INFO    Website:              48 ( 90.6%)
[2026-02-08 03:28:05] INFO    Hours:                53 (100.0%)
[2026-02-08 03:28:05] INFO    Rating:               53 (100.0%)
[2026-02-08 03:28:05] INFO    Takeout flag:         53 (100.0%)
[2026-02-08 03:28:05] INFO  
[2026-02-08 03:28:05] INFO  AVG RATING:           3.90
[2026-02-08 03:28:05] INFO  
[2026-02-08 03:28:05] INFO  PRICE LEVELS:
[2026-02-08 03:28:05] INFO    PRICE_LEVEL_INEXPENSIVE               34 ( 64.2%)
[2026-02-08 03:28:05] INFO    PRICE_LEVEL_MODERATE                  16 ( 30.2%)
[2026-02-08 03:28:05] INFO    UNKNOWN                                3 (  5.7%)
[2026-02-08 03:28:05] INFO  
[2026-02-08 03:28:05] INFO  TOP STATES:
[2026-02-08 03:28:05] INFO    TX           53 (100.0%)
[2026-02-08 03:28:05] INFO  ============================================================
[2026-02-08 03:28:05] INFO  
[2026-02-08 03:28:05] INFO  CSV written to: /data/chinese_restaurants.csv
