[2026-02-08 03:03:59] INFO  Log file: /data/logs/fetch_20260208_030359.log
[2026-02-08 03:03:59] INFO  ============================================================
[2026-02-08 03:03:59] INFO    Metros:             1
[2026-02-08 03:03:59] INFO    Total grid cells:   5
[2026-02-08 03:03:59] INFO    Already completed:  0
[2026-02-08 03:03:59] INFO    Remaining cells:    5
[2026-02-08 03:03:59] INFO    Estimated cost:     $0.18
[2026-02-08 03:03:59] INFO    Cache:              enabled (TTL=30d)
[2026-02-08 03:03:59] INFO  ============================================================
[2026-02-08 03:03:59] INFO  
[2026-02-08 03:03:59] INFO  Fetching Chinese takeout restaurants from 1 metro area(s)...
[2026-02-08 03:03:59] INFO  
[2026-02-08 03:03:59] INFO    Anchorage, AK: 5 cells (0 cached, 5 remaining)
[2026-02-08 03:03:59] DEBUG     Cache miss at (61.1505, -149.9003); querying API
[2026-02-08 03:04:00] INFO      Cell 1/5: +12 new (12 total)
[2026-02-08 03:04:00] DEBUG     Cache miss at (61.2181, -150.0406); querying API
[2026-02-08 03:04:00] DEBUG     Cache miss at (61.2181, -149.9003); querying API
[2026-02-08 03:04:01] INFO      Cell 3/5: +9 new (21 total)
[2026-02-08 03:04:01] DEBUG     Cache miss at (61.2181, -149.7600); querying API
[2026-02-08 03:04:02] INFO      Cell 4/5: +6 new (27 total)
[2026-02-08 03:04:02] DEBUG     Cache miss at (61.2857, -149.9003); querying API
[2026-02-08 03:04:03] INFO    -> Anchorage: 27 restaurants (running total: 27)
[2026-02-08 03:04:03] INFO  
[2026-02-08 03:04:03] INFO  
[2026-02-08 03:04:03] INFO  ============================================================
[2026-02-08 03:04:03] INFO  FETCH SUMMARY
[2026-02-08 03:04:03] INFO  ============================================================
[2026-02-08 03:04:03] INFO  Total restaurants:    27
[2026-02-08 03:04:03] INFO  API calls made:       5
[2026-02-08 03:04:03] INFO  Cache hits/misses:    0/5
[2026-02-08 03:04:03] INFO  Estimated cost:       $0.18
[2026-02-08 03:04:03] INFO  
[2026-02-08 03:04:03] INFO  FIELD COMPLETENESS:
[2026-02-08 03:04:03] INFO    Phone:                27 (100.0%)
[2026-02-08 03:04:03] INFO    Website:              18 ( 66.7%)
[2026-02-08 03:04:03] INFO    Hours:                27 (100.0%)
[2026-02-08 03:04:03] INFO    Rating:               27 (100.0%)
[2026-02-08 03:04:03] INFO    Takeout flag:         26 ( 96.3%)
[2026-02-08 03:04:03] INFO  
[2026-02-08 03:04:03] INFO  AVG RATING:           3.86
[2026-02-08 03:04:03] INFO  
[2026-02-08 03:04:03] INFO  PRICE LEVELS:
[2026-02-08 03:04:03] INFO    PRICE_LEVEL_MODERATE                  14 ( 51.9%)
[2026-02-08 03:04:03] INFO    PRICE_LEVEL_INEXPENSIVE                8 ( 29.6%)
[2026-02-08 03:04:03] INFO    UNKNOWN                                5 ( 18.5%)
[2026-02-08 03:04:03] INFO  
[2026-02-08 03:04:03] INFO  TOP STATES:
[2026-02-08 03:04:03] INFO    AK           27 (100.0%)
[2026-02-08 03:04:03] INFO  ============================================================
[2026-02-08 03:04:03] INFO  
[2026-02-08 03:04:03] INFO  CSV written to: /data/chinese_restaurants.csv
