[2026-02-08 03:20:14] INFO  Log file: /data/logs/fetch_20260208_032014.log
[2026-02-08 03:20:14] INFO  ============================================================
[2026-02-08 03:20:14] INFO    Metros:             1
[2026-02-08 03:20:14] INFO    Total grid cells:   21
[2026-02-08 03:20:14] INFO    Already completed:  0
[2026-02-08 03:20:14] INFO    Remaining cells:    21
[2026-02-08 03:20:14] INFO    Estimated cost:     $0.74
[2026-02-08 03:20:14] INFO    Cache:              enabled (TTL=30d)
[2026-02-08 03:20:14] INFO  ============================================================
[2026-02-08 03:20:14] INFO  
[2026-02-08 03:20:14] INFO  Fetching Chinese takeout restaurants from 1 metro area(s)...
[2026-02-08 03:20:14] INFO  
[2026-02-08 03:20:14] INFO    Atlanta, GA: 21 cells (0 cached, 21 remaining)
[2026-02-08 03:20:14] DEBUG     Cache miss at (33.6139, -84.4693); querying API
[2026-02-08 03:20:15] INFO      Cell 1/21: +10 new (10 total)
[2026-02-08 03:20:15] DEBUG     Cache miss at (33.6139, -84.3880); querying API
[2026-02-08 03:20:16] INFO      Cell 2/21: +7 new (17 total)
[2026-02-08 03:20:16] DEBUG     Cache miss at (33.6139, -84.3067); querying API
[2026-02-08 03:20:17] INFO      Cell 3/21: +3 new (20 total)
[2026-02-08 03:20:17] DEBUG     Cache miss at (33.6814, -84.5505); querying API
[2026-02-08 03:20:17] INFO      Cell 4/21: +1 new (21 total)
[2026-02-08 03:20:17] DEBUG     Cache miss at (33.6814, -84.4693); querying API
[2026-02-08 03:20:18] INFO      Cell 5/21: +7 new (28 total)
[2026-02-08 03:20:18] DEBUG     Cache miss at (33.6814, -84.3880); querying API
[2026-02-08 03:20:19] DEBUG     Cache miss at (33.6814, -84.3067); querying API
[2026-02-08 03:20:20] INFO      Cell 7/21: +3 new (31 total)
[2026-02-08 03:20:20] DEBUG     Cache miss at (33.6814, -84.2255); querying API
[2026-02-08 03:20:20] INFO      Cell 8/21: +3 new (34 total)
[2026-02-08 03:20:20] DEBUG     Cache miss at (33.7490, -84.5505); querying API
[2026-02-08 03:20:21] INFO      Cell 9/21: +5 new (39 total)
[2026-02-08 03:20:21] DEBUG     Cache miss at (33.7490, -84.4693); querying API
[2026-02-08 03:20:22] INFO      Cell 10/21: +5 new (44 total)
[2026-02-08 03:20:22] DEBUG     Saved state at cell 10/21
[2026-02-08 03:20:22] DEBUG     Cache miss at (33.7490, -84.3880); querying API
[2026-02-08 03:20:23] INFO      Cell 11/21: +18 new (62 total)
[2026-02-08 03:20:23] DEBUG     Cache miss at (33.7490, -84.3067); querying API
[2026-02-08 03:20:23] INFO      Filtered: So So Fed (no takeout)
[2026-02-08 03:20:23] INFO      Cell 12/21: +8 new (70 total)
[2026-02-08 03:20:23] DEBUG     Cache miss at (33.7490, -84.2255); querying API
[2026-02-08 03:20:24] INFO      Cell 13/21: +9 new (79 total)
[2026-02-08 03:20:24] DEBUG     Cache miss at (33.8166, -84.5505); querying API
[2026-02-08 03:20:25] INFO      Filtered: Pad Thai & Chinese Cuisine (status=CLOSED_TEMPORARILY)
[2026-02-08 03:20:25] INFO      Cell 14/21: +4 new (83 total)
[2026-02-08 03:20:25] DEBUG     Cache miss at (33.8166, -84.4693); querying API
[2026-02-08 03:20:26] INFO      Cell 15/21: +5 new (88 total)
[2026-02-08 03:20:26] DEBUG     Cache miss at (33.8166, -84.3880); querying API
[2026-02-08 03:20:27] INFO      Cell 16/21: +12 new (100 total)
[2026-02-08 03:20:27] DEBUG     Cache miss at (33.8166, -84.3067); querying API
[2026-02-08 03:20:27] INFO      Cell 17/21: +14 new (114 total)
[2026-02-08 03:20:27] DEBUG     Cache miss at (33.8166, -84.2255); querying API
[2026-02-08 03:20:28] INFO      Cell 18/21: +8 new (122 total)
[2026-02-08 03:20:28] DEBUG     Cache miss at (33.8841, -84.4693); querying API
[2026-02-08 03:20:29] INFO      Cell 19/21: +15 new (137 total)
[2026-02-08 03:20:29] DEBUG     Cache miss at (33.8841, -84.3880); querying API
[2026-02-08 03:20:30] INFO      Filtered: Stir Crazy Fresh Asian Grill (status=CLOSED_TEMPORARILY)
[2026-02-08 03:20:30] INFO      Cell 20/21: +5 new (142 total)
[2026-02-08 03:20:30] DEBUG     Saved state at cell 20/21
[2026-02-08 03:20:30] DEBUG     Cache miss at (33.8841, -84.3067); querying API
[2026-02-08 03:20:30] INFO      Filtered: Oriental Pearl Seafood Restaurant (status=CLOSED_TEMPORARILY)
[2026-02-08 03:20:30] INFO      Cell 21/21: +19 new (161 total)
[2026-02-08 03:20:30] INFO    Filtered out 4 restaurants
[2026-02-08 03:20:30] INFO    -> Atlanta: 161 restaurants (running total: 161)
[2026-02-08 03:20:30] INFO  
[2026-02-08 03:20:30] INFO  
[2026-02-08 03:20:30] INFO  ============================================================
[2026-02-08 03:20:30] INFO  FETCH SUMMARY
[2026-02-08 03:20:30] INFO  ============================================================
[2026-02-08 03:20:30] INFO  Total restaurants:    161
[2026-02-08 03:20:30] INFO  API calls made:       21
[2026-02-08 03:20:30] INFO  Cache hits/misses:    0/21
[2026-02-08 03:20:30] INFO  Estimated cost:       $0.74
[2026-02-08 03:20:30] INFO  
[2026-02-08 03:20:30] INFO  FIELD COMPLETENESS:
[2026-02-08 03:20:30] INFO    Phone:               160 ( 99.4%)
[2026-02-08 03:20:30] INFO    Website:             133 ( 82.6%)
[2026-02-08 03:20:30] INFO    Hours:               160 ( 99.4%)
[2026-02-08 03:20:30] INFO    Rating:              161 (100.0%)
[2026-02-08 03:20:30] INFO    Takeout flag:        159 ( 98.8%)
[2026-02-08 03:20:30] INFO  
[2026-02-08 03:20:30] INFO  AVG RATING:           4.02
[2026-02-08 03:20:30] INFO  
[2026-02-08 03:20:30] INFO  PRICE LEVELS:
[2026-02-08 03:20:30] INFO    PRICE_LEVEL_INEXPENSIVE               93 ( 57.8%)
[2026-02-08 03:20:30] INFO    PRICE_LEVEL_MODERATE                  52 ( 32.3%)
[2026-02-08 03:20:30] INFO    UNKNOWN                               16 (  9.9%)
[2026-02-08 03:20:30] INFO  
[2026-02-08 03:20:30] INFO  TOP STATES:
[2026-02-08 03:20:30] INFO    GA          161 (100.0%)
[2026-02-08 03:20:30] INFO  ============================================================
[2026-02-08 03:20:30] INFO  
[2026-02-08 03:20:30] INFO  CSV written to: /data/chinese_restaurants.csv
