[2026-02-08 03:05:30] INFO  Log file: /data/logs/fetch_20260208_030530.log
[2026-02-08 03:05:30] INFO  ============================================================
[2026-02-08 03:05:30] INFO    Metros:             1
[2026-02-08 03:05:30] INFO    Total grid cells:   21
[2026-02-08 03:05:30] INFO    Already completed:  0
[2026-02-08 03:05:30] INFO    Remaining cells:    21
[2026-02-08 03:05:30] INFO    Estimated cost:     $0.74
[2026-02-08 03:05:30] INFO    Cache:              enabled (TTL=30d)
[2026-02-08 03:05:30] INFO  ============================================================
[2026-02-08 03:05:30] INFO  
[2026-02-08 03:05:30] INFO  Fetching Chinese takeout restaurants from 1 metro area(s)...
[2026-02-08 03:05:30] INFO  
[2026-02-08 03:05:30] INFO    San Diego, CA: 21 cells (0 cached, 21 remaining)
[2026-02-08 03:05:30] DEBUG     Cache miss at (32.5806, -117.2414); querying API
[2026-02-08 03:05:31] DEBUG     Cache miss at (32.5806, -117.1611); querying API
[2026-02-08 03:05:32] DEBUG     Cache miss at (32.5806, -117.0808); querying API
[2026-02-08 03:05:32] INFO      Filtered: Ocean City Restaurant (status=CLOSED_TEMPORARILY)
[2026-02-08 03:05:32] INFO      Cell 3/21: +15 new (15 total)
[2026-02-08 03:05:32] DEBUG     Cache miss at (32.6481, -117.3217); querying API
[2026-02-08 03:05:33] DEBUG     Cache miss at (32.6481, -117.2414); querying API
[2026-02-08 03:05:34] DEBUG     Cache miss at (32.6481, -117.1611); querying API
[2026-02-08 03:05:34] INFO      Cell 6/21: +1 new (16 total)
[2026-02-08 03:05:34] DEBUG     Cache miss at (32.6481, -117.0808); querying API
[2026-02-08 03:05:35] INFO      Cell 7/21: +16 new (32 total)
[2026-02-08 03:05:35] DEBUG     Cache miss at (32.6481, -117.0005); querying API
[2026-02-08 03:05:36] INFO      Cell 8/21: +8 new (40 total)
[2026-02-08 03:05:36] DEBUG     Cache miss at (32.7157, -117.3217); querying API
[2026-02-08 03:05:37] DEBUG     Cache miss at (32.7157, -117.2414); querying API
[2026-02-08 03:05:37] INFO      Cell 10/21: +8 new (48 total)
[2026-02-08 03:05:37] DEBUG     Saved state at cell 10/21
[2026-02-08 03:05:37] DEBUG     Cache miss at (32.7157, -117.1611); querying API
[2026-02-08 03:05:38] INFO      Cell 11/21: +15 new (63 total)
[2026-02-08 03:05:38] DEBUG     Cache miss at (32.7157, -117.0808); querying API
[2026-02-08 03:05:39] INFO      Cell 12/21: +14 new (77 total)
[2026-02-08 03:05:39] DEBUG     Cache miss at (32.7157, -117.0005); querying API
[2026-02-08 03:05:40] INFO      Cell 13/21: +6 new (83 total)
[2026-02-08 03:05:40] DEBUG     Cache miss at (32.7833, -117.3217); querying API
[2026-02-08 03:05:40] DEBUG     Cache miss at (32.7833, -117.2414); querying API
[2026-02-08 03:05:41] INFO      Cell 15/21: +5 new (88 total)
[2026-02-08 03:05:41] DEBUG     Cache miss at (32.7833, -117.1611); querying API
[2026-02-08 03:05:42] INFO      Cell 16/21: +19 new (107 total)
[2026-02-08 03:05:42] DEBUG     Cache miss at (32.7833, -117.0808); querying API
[2026-02-08 03:05:43] INFO      Cell 17/21: +8 new (115 total)
[2026-02-08 03:05:43] DEBUG     Cache miss at (32.7833, -117.0005); querying API
[2026-02-08 03:05:43] INFO      Cell 18/21: +12 new (127 total)
[2026-02-08 03:05:43] DEBUG     Cache miss at (32.8508, -117.2414); querying API
[2026-02-08 03:05:44] INFO      Cell 19/21: +12 new (139 total)
[2026-02-08 03:05:44] DEBUG     Cache miss at (32.8508, -117.1611); querying API
[2026-02-08 03:05:45] INFO      Cell 20/21: +5 new (144 total)
[2026-02-08 03:05:45] DEBUG     Saved state at cell 20/21
[2026-02-08 03:05:45] DEBUG     Cache miss at (32.8508, -117.0808); querying API
[2026-02-08 03:05:46] INFO      Cell 21/21: +2 new (146 total)
[2026-02-08 03:05:46] INFO    Filtered out 1 restaurants
[2026-02-08 03:05:46] INFO    -> San Diego: 146 restaurants (running total: 146)
[2026-02-08 03:05:46] INFO  
[2026-02-08 03:05:46] INFO  
[2026-02-08 03:05:46] INFO  ============================================================
[2026-02-08 03:05:46] INFO  FETCH SUMMARY
[2026-02-08 03:05:46] INFO  ============================================================
[2026-02-08 03:05:46] INFO  Total restaurants:    146
[2026-02-08 03:05:46] INFO  API calls made:       21
[2026-02-08 03:05:46] INFO  Cache hits/misses:    0/21
[2026-02-08 03:05:46] INFO  Estimated cost:       $0.74
[2026-02-08 03:05:46] INFO  
[2026-02-08 03:05:46] INFO  FIELD COMPLETENESS:
[2026-02-08 03:05:46] INFO    Phone:               146 (100.0%)
[2026-02-08 03:05:46] INFO    Website:             124 ( 84.9%)
[2026-02-08 03:05:46] INFO    Hours:               146 (100.0%)
[2026-02-08 03:05:46] INFO    Rating:              146 (100.0%)
[2026-02-08 03:05:46] INFO    Takeout flag:        146 (100.0%)
[2026-02-08 03:05:46] INFO  
[2026-02-08 03:05:46] INFO  AVG RATING:           4.18
[2026-02-08 03:05:46] INFO  
[2026-02-08 03:05:46] INFO  PRICE LEVELS:
[2026-02-08 03:05:46] INFO    PRICE_LEVEL_INEXPENSIVE               87 ( 59.6%)
[2026-02-08 03:05:46] INFO    PRICE_LEVEL_MODERATE                  50 ( 34.2%)
[2026-02-08 03:05:46] INFO    UNKNOWN                                9 (  6.2%)
[2026-02-08 03:05:46] INFO  
[2026-02-08 03:05:46] INFO  TOP STATES:
[2026-02-08 03:05:46] INFO    CA          146 (100.0%)
[2026-02-08 03:05:46] INFO  ============================================================
[2026-02-08 03:05:46] INFO  
[2026-02-08 03:05:46] INFO  CSV written to: /data/chinese_restaurants.csv
