[2026-02-08 03:24:28] INFO  Log file: /data/logs/fetch_20260208_032428.log
[2026-02-08 03:24:28] INFO  ============================================================
[2026-02-08 03:24:28] INFO    Metros:             1
[2026-02-08 03:24:28] INFO    Total grid cells:   5
[2026-02-08 03:24:28] INFO    Already completed:  0
[2026-02-08 03:24:28] INFO    Remaining cells:    5
[2026-02-08 03:24:28] INFO    Estimated cost:     $0.18
[2026-02-08 03:24:28] INFO    Cache:              enabled (TTL=30d)
[2026-02-08 03:24:28] INFO  ============================================================
[2026-02-08 03:24:28] INFO  
[2026-02-08 03:24:28] INFO  Fetching Chinese takeout restaurants from 1 metro area(s)...
[2026-02-08 03:24:28] INFO  
[2026-02-08 03:24:28] INFO    Omaha, NE: 5 cells (0 cached, 5 remaining)
[2026-02-08 03:24:28] DEBUG     Cache miss at (41.1889, -95.9345); querying API
[2026-02-08 03:24:29] INFO      Cell 1/5: +6 new (6 total)
[2026-02-08 03:24:29] DEBUG     Cache miss at (41.2565, -96.0244); querying API
[2026-02-08 03:24:30] INFO      Cell 2/5: +19 new (25 total)
[2026-02-08 03:24:30] DEBUG     Cache miss at (41.2565, -95.9345); querying API
[2026-02-08 03:24:31] INFO      Cell 3/5: +5 new (30 total)
[2026-02-08 03:24:31] DEBUG     Cache miss at (41.2565, -95.8446); querying API
[2026-02-08 03:24:31] INFO      Cell 4/5: +7 new (37 total)
[2026-02-08 03:24:31] DEBUG     Cache miss at (41.3241, -95.9345); querying API
[2026-02-08 03:24:32] INFO      Cell 5/5: +1 new (38 total)
[2026-02-08 03:24:32] INFO    -> Omaha: 38 restaurants (running total: 38)
[2026-02-08 03:24:32] INFO  
[2026-02-08 03:24:32] INFO  
[2026-02-08 03:24:32] INFO  ============================================================
[2026-02-08 03:24:32] INFO  FETCH SUMMARY
[2026-02-08 03:24:32] INFO  ============================================================
[2026-02-08 03:24:32] INFO  Total restaurants:    38
[2026-02-08 03:24:32] INFO  API calls made:       5
[2026-02-08 03:24:32] INFO  Cache hits/misses:    0/5
[2026-02-08 03:24:32] INFO  Estimated cost:       $0.18
[2026-02-08 03:24:32] INFO  
[2026-02-08 03:24:32] INFO  FIELD COMPLETENESS:
[2026-02-08 03:24:32] INFO    Phone:                38 (100.0%)
[2026-02-08 03:24:32] INFO    Website:              33 ( 86.8%)
[2026-02-08 03:24:32] INFO    Hours:                38 (100.0%)
[2026-02-08 03:24:32] INFO    Rating:               38 (100.0%)
[2026-02-08 03:24:32] INFO    Takeout flag:         37 ( 97.4%)
[2026-02-08 03:24:32] INFO  
[2026-02-08 03:24:32] INFO  AVG RATING:           4.06
[2026-02-08 03:24:32] INFO  
[2026-02-08 03:24:32] INFO  PRICE LEVELS:
[2026-02-08 03:24:32] INFO    PRICE_LEVEL_INEXPENSIVE               21 ( 55.3%)
[2026-02-08 03:24:32] INFO    PRICE_LEVEL_MODERATE                  14 ( 36.8%)
[2026-02-08 03:24:32] INFO    UNKNOWN                                3 (  7.9%)
[2026-02-08 03:24:32] INFO  
[2026-02-08 03:24:32] INFO  TOP STATES:
[2026-02-08 03:24:32] INFO    NE           29 ( 76.3%)
[2026-02-08 03:24:32] INFO    IA            9 ( 23.7%)
[2026-02-08 03:24:32] INFO  ============================================================
[2026-02-08 03:24:32] INFO  
[2026-02-08 03:24:32] INFO  CSV written to: /data/chinese_restaurants.csv
