[2026-02-08 03:24:21] INFO  Log file: /data/logs/fetch_20260208_032421.log
[2026-02-08 03:24:21] INFO  ============================================================
[2026-02-08 03:24:21] INFO    Metros:             1
[2026-02-08 03:24:21] INFO    Total grid cells:   9
[2026-02-08 03:24:21] INFO    Already completed:  0
[2026-02-08 03:24:21] INFO    Remaining cells:    9
[2026-02-08 03:24:21] INFO    Estimated cost:     $0.32
[2026-02-08 03:24:21] INFO    Cache:              enabled (TTL=30d)
[2026-02-08 03:24:21] INFO  ============================================================
[2026-02-08 03:24:21] INFO  
[2026-02-08 03:24:21] INFO  Fetching Chinese takeout restaurants from 1 metro area(s)...
[2026-02-08 03:24:21] INFO  
[2026-02-08 03:24:21] INFO    Raleigh, NC: 9 cells (0 cached, 9 remaining)
[2026-02-08 03:24:21] DEBUG     Cache miss at (35.7120, -78.7215); querying API
[2026-02-08 03:24:22] INFO      Cell 1/9: +2 new (2 total)
[2026-02-08 03:24:22] DEBUG     Cache miss at (35.7120, -78.6382); querying API
[2026-02-08 03:24:23] INFO      Cell 2/9: +6 new (8 total)
[2026-02-08 03:24:23] DEBUG     Cache miss at (35.7120, -78.5549); querying API
[2026-02-08 03:24:24] INFO      Cell 3/9: +2 new (10 total)
[2026-02-08 03:24:24] DEBUG     Cache miss at (35.7796, -78.7215); querying API
[2026-02-08 03:24:24] INFO      Cell 4/9: +15 new (25 total)
[2026-02-08 03:24:24] DEBUG     Cache miss at (35.7796, -78.6382); querying API
[2026-02-08 03:24:25] INFO      Cell 5/9: +13 new (38 total)
[2026-02-08 03:24:25] DEBUG     Cache miss at (35.7796, -78.5549); querying API
[2026-02-08 03:24:26] INFO      Cell 6/9: +5 new (43 total)
[2026-02-08 03:24:26] DEBUG     Cache miss at (35.8472, -78.7215); querying API
[2026-02-08 03:24:26] INFO      Cell 7/9: +7 new (50 total)
[2026-02-08 03:24:26] DEBUG     Cache miss at (35.8472, -78.6382); querying API
[2026-02-08 03:24:27] INFO      Cell 8/9: +5 new (55 total)
[2026-02-08 03:24:27] DEBUG     Cache miss at (35.8472, -78.5549); querying API
[2026-02-08 03:24:28] INFO      Cell 9/9: +9 new (64 total)
[2026-02-08 03:24:28] INFO    -> Raleigh: 64 restaurants (running total: 64)
[2026-02-08 03:24:28] INFO  
[2026-02-08 03:24:28] INFO  
[2026-02-08 03:24:28] INFO  ============================================================
[2026-02-08 03:24:28] INFO  FETCH SUMMARY
[2026-02-08 03:24:28] INFO  ============================================================
[2026-02-08 03:24:28] INFO  Total restaurants:    64
[2026-02-08 03:24:28] INFO  API calls made:       9
[2026-02-08 03:24:28] INFO  Cache hits/misses:    0/9
[2026-02-08 03:24:28] INFO  Estimated cost:       $0.32
[2026-02-08 03:24:28] INFO  
[2026-02-08 03:24:28] INFO  FIELD COMPLETENESS:
[2026-02-08 03:24:28] INFO    Phone:                62 ( 96.9%)
[2026-02-08 03:24:28] INFO    Website:              54 ( 84.4%)
[2026-02-08 03:24:28] INFO    Hours:                64 (100.0%)
[2026-02-08 03:24:28] INFO    Rating:               64 (100.0%)
[2026-02-08 03:24:28] INFO    Takeout flag:         63 ( 98.4%)
[2026-02-08 03:24:28] INFO  
[2026-02-08 03:24:28] INFO  AVG RATING:           3.93
[2026-02-08 03:24:28] INFO  
[2026-02-08 03:24:28] INFO  PRICE LEVELS:
[2026-02-08 03:24:28] INFO    PRICE_LEVEL_INEXPENSIVE               33 ( 51.6%)
[2026-02-08 03:24:28] INFO    PRICE_LEVEL_MODERATE                  22 ( 34.4%)
[2026-02-08 03:24:28] INFO    UNKNOWN                                9 ( 14.1%)
[2026-02-08 03:24:28] INFO  
[2026-02-08 03:24:28] INFO  TOP STATES:
[2026-02-08 03:24:28] INFO    NC           64 (100.0%)
[2026-02-08 03:24:28] INFO  ============================================================
[2026-02-08 03:24:28] INFO  
[2026-02-08 03:24:28] INFO  CSV written to: /data/chinese_restaurants.csv
