[2026-02-08 03:09:06] INFO  Log file: /data/logs/fetch_20260208_030906.log
[2026-02-08 03:09:06] INFO  ============================================================
[2026-02-08 03:09:06] INFO    Metros:             1
[2026-02-08 03:09:06] INFO    Total grid cells:   21
[2026-02-08 03:09:06] INFO    Already completed:  0
[2026-02-08 03:09:06] INFO    Remaining cells:    21
[2026-02-08 03:09:06] INFO    Estimated cost:     $0.74
[2026-02-08 03:09:06] INFO    Cache:              enabled (TTL=30d)
[2026-02-08 03:09:06] INFO  ============================================================
[2026-02-08 03:09:06] INFO  
[2026-02-08 03:09:06] INFO  Fetching Chinese takeout restaurants from 1 metro area(s)...
[2026-02-08 03:09:06] INFO  
[2026-02-08 03:09:06] INFO    Washington, DC: 21 cells (0 cached, 21 remaining)
[2026-02-08 03:09:06] DEBUG     Cache miss at (38.7721, -77.1237); querying API
[2026-02-08 03:09:07] INFO      Cell 1/21: +18 new (18 total)
[2026-02-08 03:09:07] DEBUG     Cache miss at (38.7721, -77.0369); querying API
[2026-02-08 03:09:08] INFO      Filtered: Nan Xiang Xiao Long Bao (status=CLOSED_TEMPORARILY)
[2026-02-08 03:09:08] INFO      Cell 2/21: +10 new (28 total)
[2026-02-08 03:09:08] DEBUG     Cache miss at (38.7721, -76.9501); querying API
[2026-02-08 03:09:08] INFO      Cell 3/21: +12 new (40 total)
[2026-02-08 03:09:08] DEBUG     Cache miss at (38.8396, -77.2106); querying API
[2026-02-08 03:09:09] INFO      Filtered: Miu Kee Cantonese Cuisine (status=CLOSED_TEMPORARILY)
[2026-02-08 03:09:09] INFO      Cell 4/21: +18 new (58 total)
[2026-02-08 03:09:09] DEBUG     Cache miss at (38.8396, -77.1237); querying API
[2026-02-08 03:09:10] INFO      Cell 5/21: +17 new (75 total)
[2026-02-08 03:09:10] DEBUG     Cache miss at (38.8396, -77.0369); querying API
[2026-02-08 03:09:11] INFO      Cell 6/21: +13 new (88 total)
[2026-02-08 03:09:11] DEBUG     Cache miss at (38.8396, -76.9501); querying API
[2026-02-08 03:09:12] INFO      Filtered: New China Carryout (status=CLOSED_TEMPORARILY)
[2026-02-08 03:09:12] INFO      Cell 7/21: +15 new (103 total)
[2026-02-08 03:09:12] DEBUG     Cache miss at (38.8396, -76.8632); querying API
[2026-02-08 03:09:12] INFO      Cell 8/21: +7 new (110 total)
[2026-02-08 03:09:12] DEBUG     Cache miss at (38.9072, -77.2106); querying API
[2026-02-08 03:09:13] INFO      Cell 9/21: +16 new (126 total)
[2026-02-08 03:09:13] DEBUG     Cache miss at (38.9072, -77.1237); querying API
[2026-02-08 03:09:14] INFO      Cell 10/21: +15 new (141 total)
[2026-02-08 03:09:14] DEBUG     Saved state at cell 10/21
[2026-02-08 03:09:14] DEBUG     Cache miss at (38.9072, -77.0369); querying API
[2026-02-08 03:09:14] INFO      Cell 11/21: +18 new (159 total)
[2026-02-08 03:09:14] DEBUG     Cache miss at (38.9072, -76.9501); querying API
[2026-02-08 03:09:15] INFO      Cell 12/21: +17 new (176 total)
[2026-02-08 03:09:15] DEBUG     Cache miss at (38.9072, -76.8632); querying API
[2026-02-08 03:09:16] INFO      Filtered: Hunan Delight (status=CLOSED_TEMPORARILY)
[2026-02-08 03:09:16] INFO      Cell 13/21: +16 new (192 total)
[2026-02-08 03:09:16] DEBUG     Cache miss at (38.9748, -77.2106); querying API
[2026-02-08 03:09:17] INFO      Filtered: Fahrenheit Asian (status=CLOSED_TEMPORARILY)
[2026-02-08 03:09:17] INFO      Cell 14/21: +1 new (193 total)
[2026-02-08 03:09:17] DEBUG     Cache miss at (38.9748, -77.1237); querying API
[2026-02-08 03:09:17] INFO      Filtered: Fortune Cooky Restaurant-Bethesda (status=CLOSED_TEMPORARILY)
[2026-02-08 03:09:17] INFO      Cell 15/21: +11 new (204 total)
[2026-02-08 03:09:17] DEBUG     Cache miss at (38.9748, -77.0369); querying API
[2026-02-08 03:09:18] INFO      Cell 16/21: +14 new (218 total)
[2026-02-08 03:09:18] DEBUG     Cache miss at (38.9748, -76.9501); querying API
[2026-02-08 03:09:19] INFO      Cell 17/21: +18 new (236 total)
[2026-02-08 03:09:19] DEBUG     Cache miss at (38.9748, -76.8632); querying API
[2026-02-08 03:09:20] INFO      Filtered: Johnny's Carry Out (status=CLOSED_TEMPORARILY)
[2026-02-08 03:09:20] INFO      Filtered: Wow Bao Greenbelt (status=CLOSED_TEMPORARILY)
[2026-02-08 03:09:20] INFO      Cell 18/21: +14 new (250 total)
[2026-02-08 03:09:20] DEBUG     Cache miss at (39.0423, -77.1237); querying API
[2026-02-08 03:09:21] INFO      Filtered: Good Harvest (Chuan Tian Xia） (price=PRICE_LEVEL_VERY_EXPENSIVE)
[2026-02-08 03:09:21] INFO      Cell 19/21: +19 new (269 total)
[2026-02-08 03:09:21] DEBUG     Cache miss at (39.0423, -77.0369); querying API
[2026-02-08 03:09:21] INFO      Filtered: Hunan Manor (status=CLOSED_TEMPORARILY)
[2026-02-08 03:09:21] INFO      Cell 20/21: +12 new (281 total)
[2026-02-08 03:09:21] DEBUG     Saved state at cell 20/21
[2026-02-08 03:09:21] DEBUG     Cache miss at (39.0423, -76.9501); querying API
[2026-02-08 03:09:22] INFO      Cell 21/21: +9 new (290 total)
[2026-02-08 03:09:22] INFO    Filtered out 10 restaurants
[2026-02-08 03:09:22] INFO    -> Washington: 290 restaurants (running total: 290)
[2026-02-08 03:09:22] INFO  
[2026-02-08 03:09:22] INFO  
[2026-02-08 03:09:22] INFO  ============================================================
[2026-02-08 03:09:22] INFO  FETCH SUMMARY
[2026-02-08 03:09:22] INFO  ============================================================
[2026-02-08 03:09:22] INFO  Total restaurants:    290
[2026-02-08 03:09:22] INFO  API calls made:       21
[2026-02-08 03:09:22] INFO  Cache hits/misses:    0/21
[2026-02-08 03:09:22] INFO  Estimated cost:       $0.74
[2026-02-08 03:09:22] INFO  
[2026-02-08 03:09:22] INFO  FIELD COMPLETENESS:
[2026-02-08 03:09:22] INFO    Phone:               287 ( 99.0%)
[2026-02-08 03:09:22] INFO    Website:             251 ( 86.6%)
[2026-02-08 03:09:22] INFO    Hours:               289 ( 99.7%)
[2026-02-08 03:09:22] INFO    Rating:              290 (100.0%)
[2026-02-08 03:09:22] INFO    Takeout flag:        289 ( 99.7%)
[2026-02-08 03:09:22] INFO  
[2026-02-08 03:09:22] INFO  AVG RATING:           4.01
[2026-02-08 03:09:22] INFO  
[2026-02-08 03:09:22] INFO  PRICE LEVELS:
[2026-02-08 03:09:22] INFO    PRICE_LEVEL_MODERATE                 131 ( 45.2%)
[2026-02-08 03:09:22] INFO    PRICE_LEVEL_INEXPENSIVE              124 ( 42.8%)
[2026-02-08 03:09:22] INFO    UNKNOWN                               32 ( 11.0%)
[2026-02-08 03:09:22] INFO    PRICE_LEVEL_EXPENSIVE                  3 (  1.0%)
[2026-02-08 03:09:22] INFO  
[2026-02-08 03:09:22] INFO  TOP STATES:
[2026-02-08 03:09:22] INFO    MD          138 ( 47.6%)
[2026-02-08 03:09:22] INFO    VA           95 ( 32.8%)
[2026-02-08 03:09:22] INFO    DC           57 ( 19.7%)
[2026-02-08 03:09:22] INFO  ============================================================
[2026-02-08 03:09:22] INFO  
[2026-02-08 03:09:22] INFO  CSV written to: /data/chinese_restaurants.csv
