[2026-02-08 03:25:49] INFO  Log file: /data/logs/fetch_20260208_032549.log
[2026-02-08 03:25:49] INFO  ============================================================
[2026-02-08 03:25:49] INFO    Metros:             1
[2026-02-08 03:25:49] INFO    Total grid cells:   9
[2026-02-08 03:25:49] INFO    Already completed:  0
[2026-02-08 03:25:49] INFO    Remaining cells:    9
[2026-02-08 03:25:49] INFO    Estimated cost:     $0.32
[2026-02-08 03:25:49] INFO    Cache:              enabled (TTL=30d)
[2026-02-08 03:25:49] INFO  ============================================================
[2026-02-08 03:25:49] INFO  
[2026-02-08 03:25:49] INFO  Fetching Chinese takeout restaurants from 1 metro area(s)...
[2026-02-08 03:25:49] INFO  
[2026-02-08 03:25:49] INFO    Cincinnati, OH: 9 cells (0 cached, 9 remaining)
[2026-02-08 03:25:49] DEBUG     Cache miss at (39.0355, -84.5991); querying API
[2026-02-08 03:25:50] INFO      Cell 1/9: +8 new (8 total)
[2026-02-08 03:25:50] DEBUG     Cache miss at (39.0355, -84.5120); querying API
[2026-02-08 03:25:50] INFO      Cell 2/9: +3 new (11 total)
[2026-02-08 03:25:50] DEBUG     Cache miss at (39.0355, -84.4249); querying API
[2026-02-08 03:25:51] INFO      Cell 3/9: +2 new (13 total)
[2026-02-08 03:25:51] DEBUG     Cache miss at (39.1031, -84.5991); querying API
[2026-02-08 03:25:52] INFO      Cell 4/9: +5 new (18 total)
[2026-02-08 03:25:52] DEBUG     Cache miss at (39.1031, -84.5120); querying API
[2026-02-08 03:25:53] INFO      Cell 5/9: +11 new (29 total)
[2026-02-08 03:25:53] DEBUG     Cache miss at (39.1031, -84.4249); querying API
[2026-02-08 03:25:53] INFO      Cell 6/9: +3 new (32 total)
[2026-02-08 03:25:53] DEBUG     Cache miss at (39.1707, -84.5991); querying API
[2026-02-08 03:25:54] INFO      Cell 7/9: +3 new (35 total)
[2026-02-08 03:25:54] DEBUG     Cache miss at (39.1707, -84.5120); querying API
[2026-02-08 03:25:55] INFO      Cell 8/9: +4 new (39 total)
[2026-02-08 03:25:55] DEBUG     Cache miss at (39.1707, -84.4249); querying API
[2026-02-08 03:25:56] INFO      Cell 9/9: +3 new (42 total)
[2026-02-08 03:25:56] INFO    -> Cincinnati: 42 restaurants (running total: 42)
[2026-02-08 03:25:56] INFO  
[2026-02-08 03:25:56] INFO  
[2026-02-08 03:25:56] INFO  ============================================================
[2026-02-08 03:25:56] INFO  FETCH SUMMARY
[2026-02-08 03:25:56] INFO  ============================================================
[2026-02-08 03:25:56] INFO  Total restaurants:    42
[2026-02-08 03:25:56] INFO  API calls made:       9
[2026-02-08 03:25:56] INFO  Cache hits/misses:    0/9
[2026-02-08 03:25:56] INFO  Estimated cost:       $0.32
[2026-02-08 03:25:56] INFO  
[2026-02-08 03:25:56] INFO  FIELD COMPLETENESS:
[2026-02-08 03:25:56] INFO    Phone:                41 ( 97.6%)
[2026-02-08 03:25:56] INFO    Website:              38 ( 90.5%)
[2026-02-08 03:25:56] INFO    Hours:                41 ( 97.6%)
[2026-02-08 03:25:56] INFO    Rating:               41 ( 97.6%)
[2026-02-08 03:25:56] INFO    Takeout flag:         42 (100.0%)
[2026-02-08 03:25:56] INFO  
[2026-02-08 03:25:56] INFO  AVG RATING:           4.16
[2026-02-08 03:25:56] INFO  
[2026-02-08 03:25:56] INFO  PRICE LEVELS:
[2026-02-08 03:25:56] INFO    PRICE_LEVEL_INEXPENSIVE               22 ( 52.4%)
[2026-02-08 03:25:56] INFO    PRICE_LEVEL_MODERATE                  14 ( 33.3%)
[2026-02-08 03:25:56] INFO    UNKNOWN                                6 ( 14.3%)
[2026-02-08 03:25:56] INFO  
[2026-02-08 03:25:56] INFO  TOP STATES:
[2026-02-08 03:25:56] INFO    OH           25 ( 59.5%)
[2026-02-08 03:25:56] INFO    KY           17 ( 40.5%)
[2026-02-08 03:25:56] INFO  ============================================================
[2026-02-08 03:25:56] INFO  
[2026-02-08 03:25:56] INFO  CSV written to: /data/chinese_restaurants.csv
