[2026-02-08 03:26:57] INFO  Log file: /data/logs/fetch_20260208_032657.log
[2026-02-08 03:26:57] INFO  ============================================================
[2026-02-08 03:26:57] INFO    Metros:             1
[2026-02-08 03:26:57] INFO    Total grid cells:   5
[2026-02-08 03:26:57] INFO    Already completed:  0
[2026-02-08 03:26:57] INFO    Remaining cells:    5
[2026-02-08 03:26:57] INFO    Estimated cost:     $0.18
[2026-02-08 03:26:57] INFO    Cache:              enabled (TTL=30d)
[2026-02-08 03:26:57] INFO  ============================================================
[2026-02-08 03:26:57] INFO  
[2026-02-08 03:26:57] INFO  Fetching Chinese takeout restaurants from 1 metro area(s)...
[2026-02-08 03:26:57] INFO  
[2026-02-08 03:26:57] INFO    Providence, RI: 5 cells (0 cached, 5 remaining)
[2026-02-08 03:26:57] DEBUG     Cache miss at (41.7564, -71.4128); querying API
[2026-02-08 03:26:58] INFO      Filtered: Lee's Chinese Restaurant & Lounge (status=CLOSED_TEMPORARILY)
[2026-02-08 03:26:58] INFO      Cell 1/5: +18 new (18 total)
[2026-02-08 03:26:58] DEBUG     Cache miss at (41.8240, -71.5035); querying API
[2026-02-08 03:26:59] INFO      Cell 2/5: +16 new (34 total)
[2026-02-08 03:26:59] DEBUG     Cache miss at (41.8240, -71.4128); querying API
[2026-02-08 03:26:59] INFO      Cell 3/5: +16 new (50 total)
[2026-02-08 03:26:59] DEBUG     Cache miss at (41.8240, -71.3221); querying API
[2026-02-08 03:27:00] INFO      Filtered: Asian Taste (status=CLOSED_TEMPORARILY)
[2026-02-08 03:27:00] INFO      Cell 4/5: +6 new (56 total)
[2026-02-08 03:27:00] DEBUG     Cache miss at (41.8916, -71.4128); querying API
[2026-02-08 03:27:01] INFO      Filtered: Koi House Cafe (status=CLOSED_TEMPORARILY)
[2026-02-08 03:27:01] INFO      Cell 5/5: +17 new (73 total)
[2026-02-08 03:27:01] INFO    Filtered out 3 restaurants
[2026-02-08 03:27:01] INFO    -> Providence: 73 restaurants (running total: 73)
[2026-02-08 03:27:01] INFO  
[2026-02-08 03:27:01] INFO  
[2026-02-08 03:27:01] INFO  ============================================================
[2026-02-08 03:27:01] INFO  FETCH SUMMARY
[2026-02-08 03:27:01] INFO  ============================================================
[2026-02-08 03:27:01] INFO  Total restaurants:    73
[2026-02-08 03:27:01] INFO  API calls made:       5
[2026-02-08 03:27:01] INFO  Cache hits/misses:    0/5
[2026-02-08 03:27:01] INFO  Estimated cost:       $0.18
[2026-02-08 03:27:01] INFO  
[2026-02-08 03:27:01] INFO  FIELD COMPLETENESS:
[2026-02-08 03:27:01] INFO    Phone:                73 (100.0%)
[2026-02-08 03:27:01] INFO    Website:              66 ( 90.4%)
[2026-02-08 03:27:01] INFO    Hours:                73 (100.0%)
[2026-02-08 03:27:01] INFO    Rating:               72 ( 98.6%)
[2026-02-08 03:27:01] INFO    Takeout flag:         73 (100.0%)
[2026-02-08 03:27:01] INFO  
[2026-02-08 03:27:01] INFO  AVG RATING:           4.09
[2026-02-08 03:27:01] INFO  
[2026-02-08 03:27:01] INFO  PRICE LEVELS:
[2026-02-08 03:27:01] INFO    PRICE_LEVEL_INEXPENSIVE               41 ( 56.2%)
[2026-02-08 03:27:01] INFO    PRICE_LEVEL_MODERATE                  23 ( 31.5%)
[2026-02-08 03:27:01] INFO    UNKNOWN                                9 ( 12.3%)
[2026-02-08 03:27:01] INFO  
[2026-02-08 03:27:01] INFO  TOP STATES:
[2026-02-08 03:27:01] INFO    RI           69 ( 94.5%)
[2026-02-08 03:27:01] INFO    MA            4 (  5.5%)
[2026-02-08 03:27:01] INFO  ============================================================
[2026-02-08 03:27:01] INFO  
[2026-02-08 03:27:01] INFO  CSV written to: /data/chinese_restaurants.csv
