[2026-02-08 03:26:50] INFO  Log file: /data/logs/fetch_20260208_032650.log
[2026-02-08 03:26:50] INFO  ============================================================
[2026-02-08 03:26:50] INFO    Metros:             1
[2026-02-08 03:26:50] INFO    Total grid cells:   9
[2026-02-08 03:26:50] INFO    Already completed:  0
[2026-02-08 03:26:50] INFO    Remaining cells:    9
[2026-02-08 03:26:50] INFO    Estimated cost:     $0.32
[2026-02-08 03:26:50] INFO    Cache:              enabled (TTL=30d)
[2026-02-08 03:26:50] INFO  ============================================================
[2026-02-08 03:26:50] INFO  
[2026-02-08 03:26:50] INFO  Fetching Chinese takeout restaurants from 1 metro area(s)...
[2026-02-08 03:26:50] INFO  
[2026-02-08 03:26:50] INFO    Pittsburgh, PA: 9 cells (0 cached, 9 remaining)
[2026-02-08 03:26:50] DEBUG     Cache miss at (40.3730, -80.0847); querying API
[2026-02-08 03:26:51] INFO      Cell 1/9: +13 new (13 total)
[2026-02-08 03:26:51] DEBUG     Cache miss at (40.3730, -79.9959); querying API
[2026-02-08 03:26:51] INFO      Cell 2/9: +10 new (23 total)
[2026-02-08 03:26:51] DEBUG     Cache miss at (40.3730, -79.9071); querying API
[2026-02-08 03:26:52] INFO      Cell 3/9: +6 new (29 total)
[2026-02-08 03:26:52] DEBUG     Cache miss at (40.4406, -80.0847); querying API
[2026-02-08 03:26:53] INFO      Cell 4/9: +4 new (33 total)
[2026-02-08 03:26:53] DEBUG     Cache miss at (40.4406, -79.9959); querying API
[2026-02-08 03:26:54] INFO      Cell 5/9: +18 new (51 total)
[2026-02-08 03:26:54] DEBUG     Cache miss at (40.4406, -79.9071); querying API
[2026-02-08 03:26:54] INFO      Cell 6/9: +11 new (62 total)
[2026-02-08 03:26:54] DEBUG     Cache miss at (40.5082, -80.0847); querying API
[2026-02-08 03:26:55] INFO      Cell 7/9: +5 new (67 total)
[2026-02-08 03:26:55] DEBUG     Cache miss at (40.5082, -79.9959); querying API
[2026-02-08 03:26:56] INFO      Cell 8/9: +9 new (76 total)
[2026-02-08 03:26:56] DEBUG     Cache miss at (40.5082, -79.9071); querying API
[2026-02-08 03:26:56] INFO      Cell 9/9: +3 new (79 total)
[2026-02-08 03:26:56] INFO    -> Pittsburgh: 79 restaurants (running total: 79)
[2026-02-08 03:26:56] INFO  
[2026-02-08 03:26:56] INFO  
[2026-02-08 03:26:56] INFO  ============================================================
[2026-02-08 03:26:56] INFO  FETCH SUMMARY
[2026-02-08 03:26:56] INFO  ============================================================
[2026-02-08 03:26:56] INFO  Total restaurants:    79
[2026-02-08 03:26:56] INFO  API calls made:       9
[2026-02-08 03:26:56] INFO  Cache hits/misses:    0/9
[2026-02-08 03:26:56] INFO  Estimated cost:       $0.32
[2026-02-08 03:26:56] INFO  
[2026-02-08 03:26:56] INFO  FIELD COMPLETENESS:
[2026-02-08 03:26:56] INFO    Phone:                78 ( 98.7%)
[2026-02-08 03:26:56] INFO    Website:              71 ( 89.9%)
[2026-02-08 03:26:56] INFO    Hours:                79 (100.0%)
[2026-02-08 03:26:56] INFO    Rating:               79 (100.0%)
[2026-02-08 03:26:56] INFO    Takeout flag:         77 ( 97.5%)
[2026-02-08 03:26:56] INFO  
[2026-02-08 03:26:56] INFO  AVG RATING:           4.13
[2026-02-08 03:26:56] INFO  
[2026-02-08 03:26:56] INFO  PRICE LEVELS:
[2026-02-08 03:26:56] INFO    PRICE_LEVEL_MODERATE                  41 ( 51.9%)
[2026-02-08 03:26:56] INFO    PRICE_LEVEL_INEXPENSIVE               28 ( 35.4%)
[2026-02-08 03:26:56] INFO    UNKNOWN                               10 ( 12.7%)
[2026-02-08 03:26:56] INFO  
[2026-02-08 03:26:56] INFO  TOP STATES:
[2026-02-08 03:26:56] INFO    PA           79 (100.0%)
[2026-02-08 03:26:56] INFO  ============================================================
[2026-02-08 03:26:56] INFO  
[2026-02-08 03:26:56] INFO  CSV written to: /data/chinese_restaurants.csv
